#
# There is insufficient memory for the Java Runtime Environment to continue.
# Native memory allocation (malloc) failed to allocate 825936 bytes for Chunk::new
# Possible reasons:
#   The system is out of physical RAM or swap space
#   The process is running with CompressedOops enabled, and the Java Heap may be blocking the growth of the native heap
# Possible solutions:
#   Reduce memory load on the system
#   Increase physical memory or swap space
#   Check if swap backing store is full
#   Decrease Java heap size (-Xmx/-Xms)
#   Decrease number of Java threads
#   Decrease Java thread stack sizes (-Xss)
#   Set larger code cache with -XX:ReservedCodeCacheSize=
#   JVM is running with Unscaled Compressed Oops mode in which the Java heap is
#     placed in the first 4GB address space. The Java Heap base address is the
#     maximum limit for the native heap growth. Please use -XX:HeapBaseMinAddress
#     to set the Java Heap base and to place the Java Heap above 4GB virtual address.
# This output file may be truncated or incomplete.
#
#  Out of Memory Error (arena.cpp:197), pid=25572, tid=17724
#
# JRE version: OpenJDK Runtime Environment Temurin-11.0.27+6 (11.0.27+6) (build 11.0.27+6)
# Java VM: OpenJDK 64-Bit Server VM Temurin-11.0.27+6 (11.0.27+6, mixed mode, tiered, compressed oops, g1 gc, windows-amd64)
# No core dump will be written. Minidumps are not enabled by default on client versions of Windows
#

---------------  S U M M A R Y ------------

Command Line: -Dallure.results.directory=C:\Users\nat\.gradle\course_project\build\allure-results -Dchromeoptions.prefs=profile.password_manager_leak_detection=false -Ddb.url=jdbc:mysql://localhost:3306/app -Djunit.jupiter.extensions.autodetection.enabled=true -Dorg.gradle.internal.worker.tmpdir=C:\Users\nat\.gradle\course_project\build\tmp\test\work -Dorg.gradle.native=false -Dselenide.headless -javaagent:C:\Users\nat\.gradle\caches\modules-2\files-2.1\org.aspectj\aspectjweaver\1.9.9.1\dcd2703279a94ad909fa3f3d08671cb0f2dabf7\aspectjweaver-1.9.9.1.jar -Xmx512m -Dfile.encoding=windows-1251 -Duser.country=RU -Duser.language=ru -Duser.variant -ea worker.org.gradle.process.internal.worker.GradleWorkerMain 'Gradle Test Executor 1'

Host: Intel(R) Core(TM) i5-7200U CPU @ 2.50GHz, 4 cores, 7G,  Windows 10 , 64 bit Build 19041 (10.0.19041.5915)
Time: Sun Aug 24 00:31:52 2025 RTZ 2 (s 10 , 64 bit Build 19041 (10.0.19041.5915) elapsed time: 16.813823 seconds (0d 0h 0m 16s)

---------------  T H R E A D  ---------------

Current thread (0x000001c0ce5dd800):  JavaThread "C2 CompilerThread0" daemon [_thread_in_native, id=17724, stack(0x000000882ea00000,0x000000882eb00000)]


Current CompileTask:
C2:  16814 3754       4       org.aspectj.apache.bcel.generic.MethodGen::<init> (998 bytes)

Stack: [0x000000882ea00000,0x000000882eb00000]
Native frames: (J=compiled Java code, j=interpreted, Vv=VM code, C=native code)
V  [jvm.dll+0x6448da]
V  [jvm.dll+0x7d7119]
V  [jvm.dll+0x7d87f9]
V  [jvm.dll+0x7d8ef3]
V  [jvm.dll+0x269105]
V  [jvm.dll+0xc275c]
V  [jvm.dll+0xc2d6c]
V  [jvm.dll+0x2dafa2]
V  [jvm.dll+0x550118]
V  [jvm.dll+0x220a7b]
V  [jvm.dll+0x222c18]
V  [jvm.dll+0x2201a8]
V  [jvm.dll+0x19e021]
V  [jvm.dll+0x2302b4]
V  [jvm.dll+0x22e6ac]
V  [jvm.dll+0x798371]
V  [jvm.dll+0x790ed4]
V  [jvm.dll+0x6436a5]
C  [ucrtbase.dll+0x21bb2]
C  [KERNEL32.DLL+0x17374]
C  [ntdll.dll+0x4cc91]


---------------  P R O C E S S  ---------------

Threads class SMR info:
_java_thread_list=0x000001c0d2dd9f20, length=22, elements={
0x000001c0b2daf000, 0x000001c0ce580800, 0x000001c0ce58b000, 0x000001c0ce5d7000,
0x000001c0ce5d8000, 0x000001c0ce5d9800, 0x000001c0ce5dd800, 0x000001c0ce5ea800,
0x000001c0ce5ef800, 0x000001c0ce76e000, 0x000001c0cf7b3000, 0x000001c0cf792000,
0x000001c0cfa65800, 0x000001c0d1e56800, 0x000001c0d1c40000, 0x000001c0d1e6a000,
0x000001c0d1ecb800, 0x000001c0d1da3000, 0x000001c0d2a8d800, 0x000001c0cfbd1000,
0x000001c0cfbce800, 0x000001c0cfbd0800
}

Java Threads: ( => current thread )
  0x000001c0b2daf000 JavaThread "Forwarding newSession on session null to remote" [_thread_in_Java, id=3776, stack(0x000000882de00000,0x000000882df00000)]
  0x000001c0ce580800 JavaThread "Reference Handler" daemon [_thread_blocked, id=25640, stack(0x000000882e500000,0x000000882e600000)]
  0x000001c0ce58b000 JavaThread "Finalizer" daemon [_thread_blocked, id=28396, stack(0x000000882e600000,0x000000882e700000)]
  0x000001c0ce5d7000 JavaThread "Signal Dispatcher" daemon [_thread_blocked, id=3000, stack(0x000000882e700000,0x000000882e800000)]
  0x000001c0ce5d8000 JavaThread "Attach Listener" daemon [_thread_blocked, id=18900, stack(0x000000882e800000,0x000000882e900000)]
  0x000001c0ce5d9800 JavaThread "Service Thread" daemon [_thread_blocked, id=22712, stack(0x000000882e900000,0x000000882ea00000)]
=>0x000001c0ce5dd800 JavaThread "C2 CompilerThread0" daemon [_thread_in_native, id=17724, stack(0x000000882ea00000,0x000000882eb00000)]
  0x000001c0ce5ea800 JavaThread "C1 CompilerThread0" daemon [_thread_blocked, id=23700, stack(0x000000882eb00000,0x000000882ec00000)]
  0x000001c0ce5ef800 JavaThread "Sweeper thread" daemon [_thread_blocked, id=23560, stack(0x000000882ec00000,0x000000882ed00000)]
  0x000001c0ce76e000 JavaThread "Common-Cleaner" daemon [_thread_blocked, id=13928, stack(0x000000882ed00000,0x000000882ee00000)]
  0x000001c0cf7b3000 JavaThread "/127.0.0.1:50213 to /127.0.0.1:50209 workers" [_thread_blocked, id=24880, stack(0x000000882f200000,0x000000882f300000)]
  0x000001c0cf792000 JavaThread "/127.0.0.1:50213 to /127.0.0.1:50209 workers Thread 2" [_thread_blocked, id=26156, stack(0x000000882f300000,0x000000882f400000)]
  0x000001c0cfa65800 JavaThread "/127.0.0.1:50213 to /127.0.0.1:50209 workers Thread 3" [_thread_in_native, id=16136, stack(0x000000882f400000,0x000000882f500000)]
  0x000001c0d1e56800 JavaThread "ForkJoinPool.commonPool-worker-3" daemon [_thread_blocked, id=23164, stack(0x000000882f900000,0x000000882fa00000)]
  0x000001c0d1c40000 JavaThread "AsyncHttpClient-1-1" daemon [_thread_blocked, id=7284, stack(0x000000882fa00000,0x000000882fb00000)]
  0x000001c0d1e6a000 JavaThread "Exec Default Executor" daemon [_thread_in_native, id=24852, stack(0x000000882fb00000,0x000000882fc00000)]
  0x000001c0d1ecb800 JavaThread "Exec Stream Pumper" daemon [_thread_in_native, id=22784, stack(0x000000882fc00000,0x000000882fd00000)]
  0x000001c0d1da3000 JavaThread "Exec Stream Pumper" daemon [_thread_in_native, id=16176, stack(0x000000882fd00000,0x000000882fe00000)]
  0x000001c0d2a8d800 JavaThread "Driver Service Executor" daemon [_thread_blocked, id=5712, stack(0x000000882fe00000,0x000000882ff00000)]
  0x000001c0cfbd1000 JavaThread "Driver Service Executor" daemon [_thread_blocked, id=10984, stack(0x000000882ff00000,0x0000008830000000)]
  0x000001c0cfbce800 JavaThread "UrlChecker-2" daemon [_thread_blocked, id=10400, stack(0x0000008830000000,0x0000008830100000)]
  0x000001c0cfbd0800 JavaThread "AsyncHttpClient-1-2" daemon [_thread_in_native, id=28148, stack(0x0000008830200000,0x0000008830300000)]

Other Threads:
  0x000001c0cdd50800 VMThread "VM Thread" [stack: 0x000000882e400000,0x000000882e500000] [id=20108]
  0x000001c0cef2a000 WatcherThread [stack: 0x000000882ee00000,0x000000882ef00000] [id=16088]
  0x000001c0b2dc7800 GCTaskThread "GC Thread#0" [stack: 0x000000882df00000,0x000000882e000000] [id=2240]
  0x000001c0cf2e0800 GCTaskThread "GC Thread#1" [stack: 0x000000882ef00000,0x000000882f000000] [id=15904]
  0x000001c0cf2e1800 GCTaskThread "GC Thread#2" [stack: 0x000000882f000000,0x000000882f100000] [id=28164]
  0x000001c0d025e000 GCTaskThread "GC Thread#3" [stack: 0x000000882f500000,0x000000882f600000] [id=25768]
  0x000001c0b2dd8800 ConcurrentGCThread "G1 Main Marker" [stack: 0x000000882e000000,0x000000882e100000] [id=28264]
  0x000001c0b2dda000 ConcurrentGCThread "G1 Conc#0" [stack: 0x000000882e100000,0x000000882e200000] [id=28556]
  0x000001c0b2e5e000 ConcurrentGCThread "G1 Refine#0" [stack: 0x000000882e200000,0x000000882e300000] [id=15744]
  0x000001c0cf210000 ConcurrentGCThread "G1 Refine#1" [stack: 0x000000882f600000,0x000000882f700000] [id=24704]
  0x000001c0cf746800 ConcurrentGCThread "G1 Refine#2" [stack: 0x000000882f700000,0x000000882f800000] [id=22940]
  0x000001c0cf747800 ConcurrentGCThread "G1 Refine#3" [stack: 0x000000882f800000,0x000000882f900000] [id=23512]
  0x000001c0cdbba800 ConcurrentGCThread "G1 Young RemSet Sampling" [stack: 0x000000882e300000,0x000000882e400000] [id=28004]

Threads with active compile tasks:
C2 CompilerThread0    16898 3754       4       org.aspectj.apache.bcel.generic.MethodGen::<init> (998 bytes)

VM state:not at safepoint (normal execution)

VM Mutex/Monitor currently owned by a thread: None

Heap address: 0x00000000e0000000, size: 512 MB, Compressed Oops mode: 32-bit
Narrow klass base: 0x0000000000000000, Narrow klass shift: 3
Compressed class space size: 1073741824 Address: 0x0000000100000000

Heap:
 garbage-first heap   total 131072K, used 90928K [0x00000000e0000000, 0x0000000100000000)
  region size 1024K, 38 young (38912K), 4 survivors (4096K)
 Metaspace       used 40412K, capacity 41555K, committed 41600K, reserved 1089536K
  class space    used 4529K, capacity 4989K, committed 4992K, reserved 1048576K
Heap Regions: E=young(eden), S=young(survivor), O=old, HS=humongous(starts), HC=humongous(continues), CS=collection set, F=free, A=archive, TAMS=top-at-mark-start (previous, next)
|   0|0x00000000e0000000, 0x00000000e0100000, 0x00000000e0100000|100%| O|  |TAMS 0x00000000e0100000, 0x00000000e0000000| Untracked 
|   1|0x00000000e0100000, 0x00000000e0200000, 0x00000000e0200000|100%| O|  |TAMS 0x00000000e0200000, 0x00000000e0100000| Untracked 
|   2|0x00000000e0200000, 0x00000000e0300000, 0x00000000e0300000|100%| O|  |TAMS 0x00000000e0300000, 0x00000000e0200000| Untracked 
|   3|0x00000000e0300000, 0x00000000e0300000, 0x00000000e0400000|  0%| F|  |TAMS 0x00000000e0300000, 0x00000000e0300000| Untracked 
|   4|0x00000000e0400000, 0x00000000e0400000, 0x00000000e0500000|  0%| F|  |TAMS 0x00000000e0400000, 0x00000000e0400000| Untracked 
|   5|0x00000000e0500000, 0x00000000e0600000, 0x00000000e0600000|100%| O|  |TAMS 0x00000000e0600000, 0x00000000e0500000| Untracked 
|   6|0x00000000e0600000, 0x00000000e0700000, 0x00000000e0700000|100%| O|  |TAMS 0x00000000e0700000, 0x00000000e0600000| Untracked 
|   7|0x00000000e0700000, 0x00000000e0800000, 0x00000000e0800000|100%| O|  |TAMS 0x00000000e0800000, 0x00000000e0700000| Untracked 
|   8|0x00000000e0800000, 0x00000000e0900000, 0x00000000e0900000|100%| O|  |TAMS 0x00000000e0900000, 0x00000000e0800000| Untracked 
|   9|0x00000000e0900000, 0x00000000e0a00000, 0x00000000e0a00000|100%| O|  |TAMS 0x00000000e0a00000, 0x00000000e0900000| Untracked 
|  10|0x00000000e0a00000, 0x00000000e0b00000, 0x00000000e0b00000|100%| O|  |TAMS 0x00000000e0b00000, 0x00000000e0a00000| Untracked 
|  11|0x00000000e0b00000, 0x00000000e0c00000, 0x00000000e0c00000|100%| O|  |TAMS 0x00000000e0c00000, 0x00000000e0b00000| Untracked 
|  12|0x00000000e0c00000, 0x00000000e0d00000, 0x00000000e0d00000|100%| O|  |TAMS 0x00000000e0d00000, 0x00000000e0c00000| Untracked 
|  13|0x00000000e0d00000, 0x00000000e0e00000, 0x00000000e0e00000|100%| O|  |TAMS 0x00000000e0e00000, 0x00000000e0d00000| Untracked 
|  14|0x00000000e0e00000, 0x00000000e0f00000, 0x00000000e0f00000|100%| O|  |TAMS 0x00000000e0f00000, 0x00000000e0e00000| Untracked 
|  15|0x00000000e0f00000, 0x00000000e1000000, 0x00000000e1000000|100%| O|  |TAMS 0x00000000e1000000, 0x00000000e0f00000| Untracked 
|  16|0x00000000e1000000, 0x00000000e1100000, 0x00000000e1100000|100%| O|  |TAMS 0x00000000e1100000, 0x00000000e1000000| Untracked 
|  17|0x00000000e1100000, 0x00000000e1200000, 0x00000000e1200000|100%| O|  |TAMS 0x00000000e1200000, 0x00000000e1100000| Untracked 
|  18|0x00000000e1200000, 0x00000000e1300000, 0x00000000e1300000|100%| O|  |TAMS 0x00000000e1300000, 0x00000000e1200000| Untracked 
|  19|0x00000000e1300000, 0x00000000e1400000, 0x00000000e1400000|100%| O|  |TAMS 0x00000000e1400000, 0x00000000e1300000| Untracked 
|  20|0x00000000e1400000, 0x00000000e1500000, 0x00000000e1500000|100%| O|  |TAMS 0x00000000e1500000, 0x00000000e1400000| Untracked 
|  21|0x00000000e1500000, 0x00000000e1600000, 0x00000000e1600000|100%| O|  |TAMS 0x00000000e1600000, 0x00000000e1500000| Untracked 
|  22|0x00000000e1600000, 0x00000000e1600000, 0x00000000e1700000|  0%| F|  |TAMS 0x00000000e1600000, 0x00000000e1600000| Untracked 
|  23|0x00000000e1700000, 0x00000000e1800000, 0x00000000e1800000|100%| O|  |TAMS 0x00000000e1800000, 0x00000000e1700000| Untracked 
|  24|0x00000000e1800000, 0x00000000e1900000, 0x00000000e1900000|100%| O|  |TAMS 0x00000000e1900000, 0x00000000e1800000| Untracked 
|  25|0x00000000e1900000, 0x00000000e1a00000, 0x00000000e1a00000|100%| O|  |TAMS 0x00000000e1a00000, 0x00000000e1900000| Untracked 
|  26|0x00000000e1a00000, 0x00000000e1b00000, 0x00000000e1b00000|100%| O|  |TAMS 0x00000000e1b00000, 0x00000000e1a00000| Untracked 
|  27|0x00000000e1b00000, 0x00000000e1c00000, 0x00000000e1c00000|100%| O|  |TAMS 0x00000000e1c00000, 0x00000000e1b00000| Untracked 
|  28|0x00000000e1c00000, 0x00000000e1d00000, 0x00000000e1d00000|100%| O|  |TAMS 0x00000000e1d00000, 0x00000000e1c00000| Untracked 
|  29|0x00000000e1d00000, 0x00000000e1e00000, 0x00000000e1e00000|100%| O|  |TAMS 0x00000000e1e00000, 0x00000000e1d00000| Untracked 
|  30|0x00000000e1e00000, 0x00000000e1f00000, 0x00000000e1f00000|100%| O|  |TAMS 0x00000000e1f00000, 0x00000000e1e00000| Untracked 
|  31|0x00000000e1f00000, 0x00000000e2000000, 0x00000000e2000000|100%| O|  |TAMS 0x00000000e2000000, 0x00000000e1f00000| Untracked 
|  32|0x00000000e2000000, 0x00000000e2100000, 0x00000000e2100000|100%| O|  |TAMS 0x00000000e2100000, 0x00000000e2000000| Untracked 
|  33|0x00000000e2100000, 0x00000000e2200000, 0x00000000e2200000|100%| O|  |TAMS 0x00000000e2200000, 0x00000000e2100000| Untracked 
|  34|0x00000000e2200000, 0x00000000e2300000, 0x00000000e2300000|100%| O|  |TAMS 0x00000000e2300000, 0x00000000e2200000| Untracked 
|  35|0x00000000e2300000, 0x00000000e2400000, 0x00000000e2400000|100%| O|  |TAMS 0x00000000e2400000, 0x00000000e2300000| Untracked 
|  36|0x00000000e2400000, 0x00000000e2500000, 0x00000000e2500000|100%| O|  |TAMS 0x00000000e2500000, 0x00000000e2400000| Untracked 
|  37|0x00000000e2500000, 0x00000000e2600000, 0x00000000e2600000|100%| O|  |TAMS 0x00000000e2600000, 0x00000000e2500000| Untracked 
|  38|0x00000000e2600000, 0x00000000e2700000, 0x00000000e2700000|100%| O|  |TAMS 0x00000000e2635400, 0x00000000e2600000| Untracked 
|  39|0x00000000e2700000, 0x00000000e2800000, 0x00000000e2800000|100%| O|  |TAMS 0x00000000e2700000, 0x00000000e2700000| Untracked 
|  40|0x00000000e2800000, 0x00000000e2900000, 0x00000000e2900000|100%| O|  |TAMS 0x00000000e2800000, 0x00000000e2800000| Untracked 
|  41|0x00000000e2900000, 0x00000000e2a00000, 0x00000000e2a00000|100%| O|  |TAMS 0x00000000e2900000, 0x00000000e2900000| Untracked 
|  42|0x00000000e2a00000, 0x00000000e2b00000, 0x00000000e2b00000|100%| O|  |TAMS 0x00000000e2a00000, 0x00000000e2a00000| Untracked 
|  43|0x00000000e2b00000, 0x00000000e2c00000, 0x00000000e2c00000|100%| O|  |TAMS 0x00000000e2b00000, 0x00000000e2b00000| Untracked 
|  44|0x00000000e2c00000, 0x00000000e2d00000, 0x00000000e2d00000|100%| O|  |TAMS 0x00000000e2c00000, 0x00000000e2c00000| Untracked 
|  45|0x00000000e2d00000, 0x00000000e2e00000, 0x00000000e2e00000|100%| O|  |TAMS 0x00000000e2d00000, 0x00000000e2d00000| Untracked 
|  46|0x00000000e2e00000, 0x00000000e2f00000, 0x00000000e2f00000|100%| O|  |TAMS 0x00000000e2e00000, 0x00000000e2e00000| Untracked 
|  47|0x00000000e2f00000, 0x00000000e3000000, 0x00000000e3000000|100%| O|  |TAMS 0x00000000e2f00000, 0x00000000e2f00000| Untracked 
|  48|0x00000000e3000000, 0x00000000e3100000, 0x00000000e3100000|100%| O|  |TAMS 0x00000000e3000000, 0x00000000e3000000| Untracked 
|  49|0x00000000e3100000, 0x00000000e3200000, 0x00000000e3200000|100%| O|  |TAMS 0x00000000e3100000, 0x00000000e3100000| Untracked 
|  50|0x00000000e3200000, 0x00000000e328f800, 0x00000000e3300000| 56%| O|  |TAMS 0x00000000e3200000, 0x00000000e3200000| Untracked 
|  51|0x00000000e3300000, 0x00000000e3400000, 0x00000000e3400000|100%|HS|  |TAMS 0x00000000e3300000, 0x00000000e3300000| Complete 
|  52|0x00000000e3400000, 0x00000000e3500000, 0x00000000e3500000|100%|HC|  |TAMS 0x00000000e3400000, 0x00000000e3400000| Complete 
|  53|0x00000000e3500000, 0x00000000e3600000, 0x00000000e3600000|100%|HC|  |TAMS 0x00000000e3500000, 0x00000000e3500000| Complete 
|  54|0x00000000e3600000, 0x00000000e3700000, 0x00000000e3700000|100%|HC|  |TAMS 0x00000000e3600000, 0x00000000e3600000| Complete 
|  55|0x00000000e3700000, 0x00000000e3800000, 0x00000000e3800000|100%|HC|  |TAMS 0x00000000e3700000, 0x00000000e3700000| Complete 
|  56|0x00000000e3800000, 0x00000000e3800000, 0x00000000e3900000|  0%| F|  |TAMS 0x00000000e3800000, 0x00000000e3800000| Untracked 
|  57|0x00000000e3900000, 0x00000000e3900000, 0x00000000e3a00000|  0%| F|  |TAMS 0x00000000e3900000, 0x00000000e3900000| Untracked 
|  58|0x00000000e3a00000, 0x00000000e3a00000, 0x00000000e3b00000|  0%| F|  |TAMS 0x00000000e3a00000, 0x00000000e3a00000| Untracked 
|  59|0x00000000e3b00000, 0x00000000e3b00000, 0x00000000e3c00000|  0%| F|  |TAMS 0x00000000e3b00000, 0x00000000e3b00000| Untracked 
|  60|0x00000000e3c00000, 0x00000000e3c00000, 0x00000000e3d00000|  0%| F|  |TAMS 0x00000000e3c00000, 0x00000000e3c00000| Untracked 
|  61|0x00000000e3d00000, 0x00000000e3d00000, 0x00000000e3e00000|  0%| F|  |TAMS 0x00000000e3d00000, 0x00000000e3d00000| Untracked 
|  62|0x00000000e3e00000, 0x00000000e3e00000, 0x00000000e3f00000|  0%| F|  |TAMS 0x00000000e3e00000, 0x00000000e3e00000| Untracked 
|  63|0x00000000e3f00000, 0x00000000e3f00000, 0x00000000e4000000|  0%| F|  |TAMS 0x00000000e3f00000, 0x00000000e3f00000| Untracked 
|  64|0x00000000e4000000, 0x00000000e4000000, 0x00000000e4100000|  0%| F|  |TAMS 0x00000000e4000000, 0x00000000e4000000| Untracked 
|  65|0x00000000e4100000, 0x00000000e4100000, 0x00000000e4200000|  0%| F|  |TAMS 0x00000000e4100000, 0x00000000e4100000| Untracked 
|  66|0x00000000e4200000, 0x00000000e4200000, 0x00000000e4300000|  0%| F|  |TAMS 0x00000000e4200000, 0x00000000e4200000| Untracked 
|  67|0x00000000e4300000, 0x00000000e4300000, 0x00000000e4400000|  0%| F|  |TAMS 0x00000000e4300000, 0x00000000e4300000| Untracked 
|  68|0x00000000e4400000, 0x00000000e4400000, 0x00000000e4500000|  0%| F|  |TAMS 0x00000000e4400000, 0x00000000e4400000| Untracked 
|  69|0x00000000e4500000, 0x00000000e4500000, 0x00000000e4600000|  0%| F|  |TAMS 0x00000000e4500000, 0x00000000e4500000| Untracked 
|  70|0x00000000e4600000, 0x00000000e4600000, 0x00000000e4700000|  0%| F|  |TAMS 0x00000000e4600000, 0x00000000e4600000| Untracked 
|  71|0x00000000e4700000, 0x00000000e4700000, 0x00000000e4800000|  0%| F|  |TAMS 0x00000000e4700000, 0x00000000e4700000| Untracked 
|  72|0x00000000e4800000, 0x00000000e4800000, 0x00000000e4900000|  0%| F|  |TAMS 0x00000000e4800000, 0x00000000e4800000| Untracked 
|  73|0x00000000e4900000, 0x00000000e4900000, 0x00000000e4a00000|  0%| F|  |TAMS 0x00000000e4900000, 0x00000000e4900000| Untracked 
|  74|0x00000000e4a00000, 0x00000000e4a00000, 0x00000000e4b00000|  0%| F|  |TAMS 0x00000000e4a00000, 0x00000000e4a00000| Untracked 
|  75|0x00000000e4b00000, 0x00000000e4b00000, 0x00000000e4c00000|  0%| F|  |TAMS 0x00000000e4b00000, 0x00000000e4b00000| Untracked 
|  76|0x00000000e4c00000, 0x00000000e4c00000, 0x00000000e4d00000|  0%| F|  |TAMS 0x00000000e4c00000, 0x00000000e4c00000| Untracked 
|  77|0x00000000e4d00000, 0x00000000e4d00000, 0x00000000e4e00000|  0%| F|  |TAMS 0x00000000e4d00000, 0x00000000e4d00000| Untracked 
|  78|0x00000000e4e00000, 0x00000000e4e3ca00, 0x00000000e4f00000| 23%| S|CS|TAMS 0x00000000e4e00000, 0x00000000e4e00000| Complete 
|  79|0x00000000e4f00000, 0x00000000e5000000, 0x00000000e5000000|100%| S|CS|TAMS 0x00000000e4f00000, 0x00000000e4f00000| Complete 
|  80|0x00000000e5000000, 0x00000000e5100000, 0x00000000e5100000|100%| S|CS|TAMS 0x00000000e5000000, 0x00000000e5000000| Complete 
|  81|0x00000000e5100000, 0x00000000e5200000, 0x00000000e5200000|100%| S|CS|TAMS 0x00000000e5100000, 0x00000000e5100000| Complete 
|  82|0x00000000e5200000, 0x00000000e5200000, 0x00000000e5300000|  0%| F|  |TAMS 0x00000000e5200000, 0x00000000e5200000| Untracked 
|  83|0x00000000e5300000, 0x00000000e5300000, 0x00000000e5400000|  0%| F|  |TAMS 0x00000000e5300000, 0x00000000e5300000| Untracked 
|  84|0x00000000e5400000, 0x00000000e5400000, 0x00000000e5500000|  0%| F|  |TAMS 0x00000000e5400000, 0x00000000e5400000| Untracked 
|  85|0x00000000e5500000, 0x00000000e5500000, 0x00000000e5600000|  0%| F|  |TAMS 0x00000000e5500000, 0x00000000e5500000| Untracked 
|  86|0x00000000e5600000, 0x00000000e5600000, 0x00000000e5700000|  0%| F|  |TAMS 0x00000000e5600000, 0x00000000e5600000| Untracked 
|  87|0x00000000e5700000, 0x00000000e5700000, 0x00000000e5800000|  0%| F|  |TAMS 0x00000000e5700000, 0x00000000e5700000| Untracked 
|  88|0x00000000e5800000, 0x00000000e5800000, 0x00000000e5900000|  0%| F|  |TAMS 0x00000000e5800000, 0x00000000e5800000| Untracked 
|  89|0x00000000e5900000, 0x00000000e5900000, 0x00000000e5a00000|  0%| F|  |TAMS 0x00000000e5900000, 0x00000000e5900000| Untracked 
|  90|0x00000000e5a00000, 0x00000000e5a00000, 0x00000000e5b00000|  0%| F|  |TAMS 0x00000000e5a00000, 0x00000000e5a00000| Untracked 
|  91|0x00000000e5b00000, 0x00000000e5b00000, 0x00000000e5c00000|  0%| F|  |TAMS 0x00000000e5b00000, 0x00000000e5b00000| Untracked 
|  92|0x00000000e5c00000, 0x00000000e5c00000, 0x00000000e5d00000|  0%| F|  |TAMS 0x00000000e5c00000, 0x00000000e5c00000| Untracked 
|  93|0x00000000e5d00000, 0x00000000e5d00000, 0x00000000e5e00000|  0%| F|  |TAMS 0x00000000e5d00000, 0x00000000e5d00000| Untracked 
|  94|0x00000000e5e00000, 0x00000000e5f00000, 0x00000000e5f00000|100%| E|  |TAMS 0x00000000e5e00000, 0x00000000e5e00000| Complete 
|  95|0x00000000e5f00000, 0x00000000e6000000, 0x00000000e6000000|100%| E|CS|TAMS 0x00000000e5f00000, 0x00000000e5f00000| Complete 
|  96|0x00000000e6000000, 0x00000000e6100000, 0x00000000e6100000|100%| E|CS|TAMS 0x00000000e6000000, 0x00000000e6000000| Complete 
|  97|0x00000000e6100000, 0x00000000e6200000, 0x00000000e6200000|100%| E|CS|TAMS 0x00000000e6100000, 0x00000000e6100000| Complete 
|  98|0x00000000e6200000, 0x00000000e6300000, 0x00000000e6300000|100%| E|CS|TAMS 0x00000000e6200000, 0x00000000e6200000| Complete 
|  99|0x00000000e6300000, 0x00000000e6400000, 0x00000000e6400000|100%| E|CS|TAMS 0x00000000e6300000, 0x00000000e6300000| Complete 
| 100|0x00000000e6400000, 0x00000000e6500000, 0x00000000e6500000|100%| E|CS|TAMS 0x00000000e6400000, 0x00000000e6400000| Complete 
| 101|0x00000000e6500000, 0x00000000e6600000, 0x00000000e6600000|100%| E|CS|TAMS 0x00000000e6500000, 0x00000000e6500000| Complete 
| 102|0x00000000e6600000, 0x00000000e6700000, 0x00000000e6700000|100%| E|CS|TAMS 0x00000000e6600000, 0x00000000e6600000| Complete 
| 103|0x00000000e6700000, 0x00000000e6800000, 0x00000000e6800000|100%| E|CS|TAMS 0x00000000e6700000, 0x00000000e6700000| Complete 
| 104|0x00000000e6800000, 0x00000000e6900000, 0x00000000e6900000|100%| E|CS|TAMS 0x00000000e6800000, 0x00000000e6800000| Complete 
| 105|0x00000000e6900000, 0x00000000e6a00000, 0x00000000e6a00000|100%| E|CS|TAMS 0x00000000e6900000, 0x00000000e6900000| Complete 
| 106|0x00000000e6a00000, 0x00000000e6b00000, 0x00000000e6b00000|100%| E|CS|TAMS 0x00000000e6a00000, 0x00000000e6a00000| Complete 
| 107|0x00000000e6b00000, 0x00000000e6c00000, 0x00000000e6c00000|100%| E|CS|TAMS 0x00000000e6b00000, 0x00000000e6b00000| Complete 
| 108|0x00000000e6c00000, 0x00000000e6d00000, 0x00000000e6d00000|100%| E|CS|TAMS 0x00000000e6c00000, 0x00000000e6c00000| Complete 
| 109|0x00000000e6d00000, 0x00000000e6e00000, 0x00000000e6e00000|100%| E|CS|TAMS 0x00000000e6d00000, 0x00000000e6d00000| Complete 
| 110|0x00000000e6e00000, 0x00000000e6f00000, 0x00000000e6f00000|100%| E|CS|TAMS 0x00000000e6e00000, 0x00000000e6e00000| Complete 
| 111|0x00000000e6f00000, 0x00000000e7000000, 0x00000000e7000000|100%| E|CS|TAMS 0x00000000e6f00000, 0x00000000e6f00000| Complete 
| 112|0x00000000e7000000, 0x00000000e7100000, 0x00000000e7100000|100%| E|CS|TAMS 0x00000000e7000000, 0x00000000e7000000| Complete 
| 113|0x00000000e7100000, 0x00000000e7200000, 0x00000000e7200000|100%| E|CS|TAMS 0x00000000e7100000, 0x00000000e7100000| Complete 
| 114|0x00000000e7200000, 0x00000000e7300000, 0x00000000e7300000|100%| E|CS|TAMS 0x00000000e7200000, 0x00000000e7200000| Complete 
| 115|0x00000000e7300000, 0x00000000e7400000, 0x00000000e7400000|100%| E|CS|TAMS 0x00000000e7300000, 0x00000000e7300000| Complete 
| 116|0x00000000e7400000, 0x00000000e7500000, 0x00000000e7500000|100%| E|CS|TAMS 0x00000000e7400000, 0x00000000e7400000| Complete 
| 117|0x00000000e7500000, 0x00000000e7600000, 0x00000000e7600000|100%| E|CS|TAMS 0x00000000e7500000, 0x00000000e7500000| Complete 
| 118|0x00000000e7600000, 0x00000000e7700000, 0x00000000e7700000|100%| E|CS|TAMS 0x00000000e7600000, 0x00000000e7600000| Complete 
| 119|0x00000000e7700000, 0x00000000e7800000, 0x00000000e7800000|100%| E|CS|TAMS 0x00000000e7700000, 0x00000000e7700000| Complete 
| 120|0x00000000e7800000, 0x00000000e7900000, 0x00000000e7900000|100%| E|CS|TAMS 0x00000000e7800000, 0x00000000e7800000| Complete 
| 121|0x00000000e7900000, 0x00000000e7a00000, 0x00000000e7a00000|100%| E|CS|TAMS 0x00000000e7900000, 0x00000000e7900000| Complete 
| 122|0x00000000e7a00000, 0x00000000e7b00000, 0x00000000e7b00000|100%| E|CS|TAMS 0x00000000e7a00000, 0x00000000e7a00000| Complete 
| 123|0x00000000e7b00000, 0x00000000e7c00000, 0x00000000e7c00000|100%| E|CS|TAMS 0x00000000e7b00000, 0x00000000e7b00000| Complete 
| 124|0x00000000e7c00000, 0x00000000e7d00000, 0x00000000e7d00000|100%| E|CS|TAMS 0x00000000e7c00000, 0x00000000e7c00000| Complete 
| 125|0x00000000e7d00000, 0x00000000e7e00000, 0x00000000e7e00000|100%| E|CS|TAMS 0x00000000e7d00000, 0x00000000e7d00000| Complete 
| 126|0x00000000e7e00000, 0x00000000e7f00000, 0x00000000e7f00000|100%| E|CS|TAMS 0x00000000e7e00000, 0x00000000e7e00000| Complete 
| 127|0x00000000e7f00000, 0x00000000e8000000, 0x00000000e8000000|100%| E|CS|TAMS 0x00000000e7f00000, 0x00000000e7f00000| Complete 

Card table byte_map: [0x000001c0ca540000,0x000001c0ca640000] _byte_map_base: 0x000001c0c9e40000

Marking Bits (Prev, Next): (CMBitMap*) 0x000001c0b2dd5998, (CMBitMap*) 0x000001c0b2dd59d0
 Prev Bits: [0x000001c0ca740000, 0x000001c0caf40000)
 Next Bits: [0x000001c0caf40000, 0x000001c0cb740000)

Polling page: 0x000001c0b0d20000

Metaspace:

Usage:
  Non-class:     35.71 MB capacity,    35.04 MB ( 98%) used,   549.51 KB (  2%) free+waste,   132.31 KB ( <1%) overhead. 
      Class:      4.87 MB capacity,     4.42 MB ( 91%) used,   394.34 KB (  8%) free+waste,    64.06 KB (  1%) overhead. 
       Both:     40.58 MB capacity,    39.47 MB ( 97%) used,   943.85 KB (  2%) free+waste,   196.38 KB ( <1%) overhead. 

Virtual space:
  Non-class space:       40.00 MB reserved,      35.75 MB ( 89%) committed 
      Class space:        1.00 GB reserved,       4.88 MB ( <1%) committed 
             Both:        1.04 GB reserved,      40.62 MB (  4%) committed 

Chunk freelists:
   Non-Class:  42.00 KB
       Class:  3.00 KB
        Both:  45.00 KB

MaxMetaspaceSize: 17179869184.00 GB
CompressedClassSpaceSize: 1.00 GB
Initial GC threshold: 20.80 MB
Current GC threshold: 58.96 MB
CDS: off

CodeHeap 'non-profiled nmethods': size=120064Kb used=2026Kb max_used=2026Kb free=118037Kb
 bounds [0x000001c0c3000000, 0x000001c0c3270000, 0x000001c0ca540000]
CodeHeap 'profiled nmethods': size=120000Kb used=8203Kb max_used=8203Kb free=111797Kb
 bounds [0x000001c0bbad0000, 0x000001c0bc2e0000, 0x000001c0c3000000]
CodeHeap 'non-nmethods': size=5696Kb used=1270Kb max_used=1314Kb free=4426Kb
 bounds [0x000001c0bb540000, 0x000001c0bb7b0000, 0x000001c0bbad0000]
 total_blobs=4165 nmethods=3608 adapters=469
 compilation: enabled
              stopped_count=0, restarted_count=0
 full_count=0

Compilation events (20 events):
Event: 15.117 Thread 0x000001c0ce5ea800 nmethod 3740 0x000001c0c31f6a10 code [0x000001c0c31f6bc0, 0x000001c0c31f6c78]
Event: 16.644 Thread 0x000001c0ce5dd800 3741       4       java.lang.StringLatin1::regionMatchesCI (92 bytes)
Event: 16.662 Thread 0x000001c0ce5dd800 nmethod 3741 0x000001c0c31f6d10 code [0x000001c0c31f6ee0, 0x000001c0c31f75f8]
Event: 16.662 Thread 0x000001c0ce5dd800 3745 %     4       sun.nio.fs.WindowsPathParser::normalize @ 18 (233 bytes)
Event: 16.689 Thread 0x000001c0ce5ea800 3750       3       io.netty.util.internal.MathUtil::isOutOfBounds (24 bytes)
Event: 16.689 Thread 0x000001c0ce5ea800 nmethod 3750 0x000001c0bc2cce90 code [0x000001c0bc2cd040, 0x000001c0bc2cd198]
Event: 16.697 Thread 0x000001c0ce5ea800 3753       3       io.netty.util.AsciiString::<init> (131 bytes)
Event: 16.699 Thread 0x000001c0ce5ea800 nmethod 3753 0x000001c0bc2cd210 code [0x000001c0bc2cd560, 0x000001c0bc2ce818]
Event: 16.734 Thread 0x000001c0ce5dd800 nmethod 3745% 0x000001c0c31f7a90 code [0x000001c0c31f7d20, 0x000001c0c31f9360]
Event: 16.734 Thread 0x000001c0ce5dd800 3754       4       org.aspectj.apache.bcel.generic.MethodGen::<init> (998 bytes)
Event: 16.741 Thread 0x000001c0ce5ea800 3761       2       java.lang.invoke.MethodHandles$Lookup::checkField (56 bytes)
Event: 16.741 Thread 0x000001c0ce5ea800 nmethod 3761 0x000001c0bc2cef10 code [0x000001c0bc2cf0e0, 0x000001c0bc2cf298]
Event: 16.767 Thread 0x000001c0ce5ea800 3765       1       io.netty.channel.DefaultChannelPipeline::channel (5 bytes)
Event: 16.767 Thread 0x000001c0ce5ea800 nmethod 3765 0x000001c0c31fa390 code [0x000001c0c31fa540, 0x000001c0c31fa5f8]
Event: 16.773 Thread 0x000001c0ce5ea800 3766       1       java.util.stream.Collectors$CollectorImpl::finisher (5 bytes)
Event: 16.773 Thread 0x000001c0ce5ea800 nmethod 3766 0x000001c0c31fa690 code [0x000001c0c31fa840, 0x000001c0c31fa8f8]
Event: 16.787 Thread 0x000001c0ce5ea800 3772       2       org.aspectj.weaver.bcel.BcelObjectType::getOuterClass (405 bytes)
Event: 16.791 Thread 0x000001c0ce5ea800 nmethod 3772 0x000001c0bc2cf410 code [0x000001c0bc2cf7a0, 0x000001c0bc2d03f8]
Event: 16.792 Thread 0x000001c0ce5ea800 3774       2       org.aspectj.weaver.AbstractReferenceTypeDelegate::getFormalTypeParametersFromOuterClass (271 bytes)
Event: 16.795 Thread 0x000001c0ce5ea800 nmethod 3774 0x000001c0bc2d0f10 code [0x000001c0bc2d1380, 0x000001c0bc2d2248]

GC Heap History (20 events):
Event: 4.841 GC heap before
{Heap before GC invocations=4 (full 0):
 garbage-first heap   total 131072K, used 31074K [0x00000000e0000000, 0x0000000100000000)
  region size 1024K, 13 young (13312K), 4 survivors (4096K)
 Metaspace       used 20822K, capacity 21170K, committed 21296K, reserved 1069056K
  class space    used 2053K, capacity 2176K, committed 2176K, reserved 1048576K
}
Event: 4.847 GC heap after
{Heap after GC invocations=5 (full 0):
 garbage-first heap   total 131072K, used 24606K [0x00000000e0000000, 0x0000000100000000)
  region size 1024K, 2 young (2048K), 2 survivors (2048K)
 Metaspace       used 20822K, capacity 21170K, committed 21296K, reserved 1069056K
  class space    used 2053K, capacity 2176K, committed 2176K, reserved 1048576K
}
Event: 5.354 GC heap before
{Heap before GC invocations=6 (full 0):
 garbage-first heap   total 131072K, used 63518K [0x00000000e0000000, 0x0000000100000000)
  region size 1024K, 40 young (40960K), 2 survivors (2048K)
 Metaspace       used 22287K, capacity 22741K, committed 22912K, reserved 1069056K
  class space    used 2206K, capacity 2337K, committed 2432K, reserved 1048576K
}
Event: 5.359 GC heap after
{Heap after GC invocations=7 (full 0):
 garbage-first heap   total 131072K, used 26990K [0x00000000e0000000, 0x0000000100000000)
  region size 1024K, 4 young (4096K), 4 survivors (4096K)
 Metaspace       used 22287K, capacity 22741K, committed 22912K, reserved 1069056K
  class space    used 2206K, capacity 2337K, committed 2432K, reserved 1048576K
}
Event: 5.863 GC heap before
{Heap before GC invocations=7 (full 0):
 garbage-first heap   total 131072K, used 68974K [0x00000000e0000000, 0x0000000100000000)
  region size 1024K, 45 young (46080K), 4 survivors (4096K)
 Metaspace       used 24022K, capacity 24453K, committed 24576K, reserved 1071104K
  class space    used 2412K, capacity 2549K, committed 2560K, reserved 1048576K
}
Event: 5.872 GC heap after
{Heap after GC invocations=8 (full 0):
 garbage-first heap   total 131072K, used 30126K [0x00000000e0000000, 0x0000000100000000)
  region size 1024K, 6 young (6144K), 6 survivors (6144K)
 Metaspace       used 24022K, capacity 24453K, committed 24576K, reserved 1071104K
  class space    used 2412K, capacity 2549K, committed 2560K, reserved 1048576K
}
Event: 6.673 GC heap before
{Heap before GC invocations=8 (full 0):
 garbage-first heap   total 131072K, used 75182K [0x00000000e0000000, 0x0000000100000000)
  region size 1024K, 50 young (51200K), 6 survivors (6144K)
 Metaspace       used 27374K, capacity 28215K, committed 28416K, reserved 1075200K
  class space    used 2894K, capacity 3217K, committed 3328K, reserved 1048576K
}
Event: 6.685 GC heap after
{Heap after GC invocations=9 (full 0):
 garbage-first heap   total 131072K, used 34011K [0x00000000e0000000, 0x0000000100000000)
  region size 1024K, 7 young (7168K), 7 survivors (7168K)
 Metaspace       used 27374K, capacity 28215K, committed 28416K, reserved 1075200K
  class space    used 2894K, capacity 3217K, committed 3328K, reserved 1048576K
}
Event: 9.151 GC heap before
{Heap before GC invocations=9 (full 0):
 garbage-first heap   total 131072K, used 80091K [0x00000000e0000000, 0x0000000100000000)
  region size 1024K, 52 young (53248K), 7 survivors (7168K)
 Metaspace       used 29359K, capacity 30312K, committed 30464K, reserved 1077248K
  class space    used 3150K, capacity 3521K, committed 3584K, reserved 1048576K
}
Event: 9.165 GC heap after
{Heap after GC invocations=10 (full 0):
 garbage-first heap   total 131072K, used 38392K [0x00000000e0000000, 0x0000000100000000)
  region size 1024K, 5 young (5120K), 5 survivors (5120K)
 Metaspace       used 29359K, capacity 30312K, committed 30464K, reserved 1077248K
  class space    used 3150K, capacity 3521K, committed 3584K, reserved 1048576K
}
Event: 9.730 GC heap before
{Heap before GC invocations=10 (full 0):
 garbage-first heap   total 131072K, used 85496K [0x00000000e0000000, 0x0000000100000000)
  region size 1024K, 51 young (52224K), 5 survivors (5120K)
 Metaspace       used 31214K, capacity 32228K, committed 32512K, reserved 1077248K
  class space    used 3386K, capacity 3776K, committed 3840K, reserved 1048576K
}
Event: 9.739 GC heap after
{Heap after GC invocations=11 (full 0):
 garbage-first heap   total 131072K, used 41637K [0x00000000e0000000, 0x0000000100000000)
  region size 1024K, 4 young (4096K), 4 survivors (4096K)
 Metaspace       used 31214K, capacity 32228K, committed 32512K, reserved 1077248K
  class space    used 3386K, capacity 3776K, committed 3840K, reserved 1048576K
}
Event: 10.557 GC heap before
{Heap before GC invocations=11 (full 0):
 garbage-first heap   total 131072K, used 84645K [0x00000000e0000000, 0x0000000100000000)
  region size 1024K, 47 young (48128K), 4 survivors (4096K)
 Metaspace       used 34868K, capacity 35888K, committed 35968K, reserved 1081344K
  class space    used 3783K, capacity 4183K, committed 4224K, reserved 1048576K
}
Event: 10.570 GC heap after
{Heap after GC invocations=12 (full 0):
 garbage-first heap   total 131072K, used 46293K [0x00000000e0000000, 0x0000000100000000)
  region size 1024K, 7 young (7168K), 7 survivors (7168K)
 Metaspace       used 34868K, capacity 35888K, committed 35968K, reserved 1081344K
  class space    used 3783K, capacity 4183K, committed 4224K, reserved 1048576K
}
Event: 11.574 GC heap before
{Heap before GC invocations=13 (full 0):
 garbage-first heap   total 131072K, used 92373K [0x00000000e0000000, 0x0000000100000000)
  region size 1024K, 52 young (53248K), 7 survivors (7168K)
 Metaspace       used 37133K, capacity 38309K, committed 38400K, reserved 1083392K
  class space    used 4078K, capacity 4543K, committed 4608K, reserved 1048576K
}
Event: 11.589 GC heap after
{Heap after GC invocations=14 (full 0):
 garbage-first heap   total 131072K, used 50756K [0x00000000e0000000, 0x0000000100000000)
  region size 1024K, 5 young (5120K), 5 survivors (5120K)
 Metaspace       used 37133K, capacity 38309K, committed 38400K, reserved 1083392K
  class space    used 4078K, capacity 4543K, committed 4608K, reserved 1048576K
}
Event: 11.624 GC heap before
{Heap before GC invocations=14 (full 0):
 garbage-first heap   total 131072K, used 51780K [0x00000000e0000000, 0x0000000100000000)
  region size 1024K, 6 young (6144K), 5 survivors (5120K)
 Metaspace       used 37163K, capacity 38324K, committed 38400K, reserved 1083392K
  class space    used 4084K, capacity 4548K, committed 4608K, reserved 1048576K
}
Event: 11.633 GC heap after
{Heap after GC invocations=15 (full 0):
 garbage-first heap   total 131072K, used 49596K [0x00000000e0000000, 0x0000000100000000)
  region size 1024K, 1 young (1024K), 1 survivors (1024K)
 Metaspace       used 37163K, capacity 38324K, committed 38400K, reserved 1083392K
  class space    used 4084K, capacity 4548K, committed 4608K, reserved 1048576K
}
Event: 12.811 GC heap before
{Heap before GC invocations=15 (full 0):
 garbage-first heap   total 131072K, used 95676K [0x00000000e0000000, 0x0000000100000000)
  region size 1024K, 46 young (47104K), 1 survivors (1024K)
 Metaspace       used 38949K, capacity 40127K, committed 40448K, reserved 1085440K
  class space    used 4312K, capacity 4790K, committed 4864K, reserved 1048576K
}
Event: 12.816 GC heap after
{Heap after GC invocations=16 (full 0):
 garbage-first heap   total 131072K, used 52016K [0x00000000e0000000, 0x0000000100000000)
  region size 1024K, 4 young (4096K), 4 survivors (4096K)
 Metaspace       used 38949K, capacity 40127K, committed 40448K, reserved 1085440K
  class space    used 4312K, capacity 4790K, committed 4864K, reserved 1048576K
}

Deoptimization events (20 events):
Event: 13.020 Thread 0x000001c0cfbd0800 Uncommon trap: trap_request=0xffffffde fr.pc=0x000001c0c30eb68c relative=0x000000000000024c
Event: 13.020 Thread 0x000001c0cfbd0800 Uncommon trap: reason=class_check action=maybe_recompile pc=0x000001c0c30eb68c method=java.nio.DirectByteBuffer.<init>(Lsun/nio/ch/DirectBuffer;IIIII)V @ 12 c2
Event: 13.020 Thread 0x000001c0cfbd0800 DEOPT PACKING pc=0x000001c0c30eb68c sp=0x00000088302fd920
Event: 13.020 Thread 0x000001c0cfbd0800 DEOPT UNPACKING pc=0x000001c0bb58a1af sp=0x00000088302fd918 mode 2
Event: 13.020 Thread 0x000001c0cfbd0800 Uncommon trap: trap_request=0xffffffde fr.pc=0x000001c0c30eb68c relative=0x000000000000024c
Event: 13.020 Thread 0x000001c0cfbd0800 Uncommon trap: reason=class_check action=maybe_recompile pc=0x000001c0c30eb68c method=java.nio.DirectByteBuffer.<init>(Lsun/nio/ch/DirectBuffer;IIIII)V @ 12 c2
Event: 13.020 Thread 0x000001c0cfbd0800 DEOPT PACKING pc=0x000001c0c30eb68c sp=0x00000088302fd920
Event: 13.020 Thread 0x000001c0cfbd0800 DEOPT UNPACKING pc=0x000001c0bb58a1af sp=0x00000088302fd918 mode 2
Event: 16.667 Thread 0x000001c0cfbd0800 Uncommon trap: trap_request=0xffffffde fr.pc=0x000001c0c30eb68c relative=0x000000000000024c
Event: 16.667 Thread 0x000001c0cfbd0800 Uncommon trap: reason=class_check action=maybe_recompile pc=0x000001c0c30eb68c method=java.nio.DirectByteBuffer.<init>(Lsun/nio/ch/DirectBuffer;IIIII)V @ 12 c2
Event: 16.667 Thread 0x000001c0cfbd0800 DEOPT PACKING pc=0x000001c0c30eb68c sp=0x00000088302feb00
Event: 16.667 Thread 0x000001c0cfbd0800 DEOPT UNPACKING pc=0x000001c0bb58a1af sp=0x00000088302feaf8 mode 2
Event: 16.701 Thread 0x000001c0cfbd0800 DEOPT PACKING pc=0x000001c0bbf32417 sp=0x00000088302fa920
Event: 16.701 Thread 0x000001c0cfbd0800 DEOPT UNPACKING pc=0x000001c0bb58a95e sp=0x00000088302f9f90 mode 0
Event: 16.755 Thread 0x000001c0cfbd0800 Uncommon trap: trap_request=0xffffffde fr.pc=0x000001c0c319275c relative=0x0000000000000cbc
Event: 16.755 Thread 0x000001c0cfbd0800 Uncommon trap: reason=class_check action=maybe_recompile pc=0x000001c0c319275c method=java.lang.ThreadLocal.setInitialValue()Ljava/lang/Object; @ 42 c2
Event: 16.755 Thread 0x000001c0cfbd0800 DEOPT PACKING pc=0x000001c0c319275c sp=0x00000088302fa270
Event: 16.755 Thread 0x000001c0cfbd0800 DEOPT UNPACKING pc=0x000001c0bb58a1af sp=0x00000088302fa1d0 mode 2
Event: 16.756 Thread 0x000001c0cfbd0800 DEOPT PACKING pc=0x000001c0bc03e08a sp=0x00000088302fa9e0
Event: 16.756 Thread 0x000001c0cfbd0800 DEOPT UNPACKING pc=0x000001c0bb58a95e sp=0x00000088302fa118 mode 0

Classes redefined (0 events):
No events

Internal exceptions (20 events):
Event: 7.699 Thread 0x000001c0d2810800 Exception <a 'java/lang/NoSuchMethodError'{0x00000000e565d2a0}: 'java.lang.Object java.lang.invoke.DirectMethodHandle$Holder.invokeStaticInit(java.lang.Object, java.lang.Object, long, java.lang.Object)'> (0x00000000e565d2a0) thrown at [s\src\hotspot\share\interpreter\linkResolver.cpp, line 773]
Event: 7.700 Thread 0x000001c0d2810800 Exception <a 'java/lang/NoSuchMethodError'{0x00000000e5662d08}: 'java.lang.Object java.lang.invoke.DirectMethodHandle$Holder.invokeStatic(java.lang.Object, java.lang.Object, long)'> (0x00000000e5662d08) thrown at [s\src\hotspot\share\interpreter\linkResolver.cpp, line 773]
Event: 7.701 Thread 0x000001c0d2810800 Exception <a 'java/lang/NoSuchMethodError'{0x00000000e5668fd8}: 'java.lang.Object java.lang.invoke.Invokers$Holder.linkToTargetMethod(java.lang.Object, long, java.lang.Object)'> (0x00000000e5668fd8) thrown at [s\src\hotspot\share\interpreter\linkResolver.cpp, line 773]
Event: 9.123 Thread 0x000001c0b2daf000 Exception <a 'java/lang/NoSuchMethodError'{0x00000000e544db68}: 'double java.lang.invoke.DirectMethodHandle$Holder.invokeVirtual(java.lang.Object, java.lang.Object)'> (0x00000000e544db68) thrown at [s\src\hotspot\share\interpreter\linkResolver.cpp, line 773]
Event: 9.124 Thread 0x000001c0b2daf000 Exception <a 'java/lang/NoSuchMethodError'{0x00000000e5454120}: 'float java.lang.invoke.DirectMethodHandle$Holder.invokeVirtual(java.lang.Object, java.lang.Object)'> (0x00000000e5454120) thrown at [s\src\hotspot\share\interpreter\linkResolver.cpp, line 773]
Event: 9.127 Thread 0x000001c0b2daf000 Exception <a 'java/lang/NoSuchMethodError'{0x00000000e545cdb8}: 'long java.lang.invoke.DirectMethodHandle$Holder.invokeVirtual(java.lang.Object, java.lang.Object)'> (0x00000000e545cdb8) thrown at [s\src\hotspot\share\interpreter\linkResolver.cpp, line 773]
Event: 9.544 Thread 0x000001c0b2daf000 Exception <a 'java/lang/NoClassDefFoundError'{0x00000000e629a890}> (0x00000000e629a890) thrown at [s\src\hotspot\share\oops\instanceKlass.cpp, line 1029]
Event: 9.552 Thread 0x000001c0b2daf000 Exception <a 'java/lang/NoClassDefFoundError'{0x00000000e6101c98}: org/apache/logging/log4j/spi/ExtendedLoggerWrapper> (0x00000000e6101c98) thrown at [s\src\hotspot\share\classfile\systemDictionary.cpp, line 219]
Event: 9.557 Thread 0x000001c0b2daf000 Exception <a 'java/lang/NoClassDefFoundError'{0x00000000e6146930}: org/apache/log4j/Priority> (0x00000000e6146930) thrown at [s\src\hotspot\share\classfile\systemDictionary.cpp, line 219]
Event: 10.059 Thread 0x000001c0b2daf000 Exception <a 'sun/nio/fs/WindowsException'{0x00000000e67ffbf8}> (0x00000000e67ffbf8) thrown at [s\src\hotspot\share\prims\jni.cpp, line 617]
Event: 10.088 Thread 0x000001c0b2daf000 Exception <a 'java/lang/NoSuchMethodError'{0x00000000e662c8b0}: 'int java.lang.invoke.DirectMethodHandle$Holder.invokeStaticInit(java.lang.Object, java.lang.Object, java.lang.Object, java.lang.Object)'> (0x00000000e662c8b0) thrown at [s\src\hotspot\share\interpreter\linkResolver.cpp, line 773]
Event: 10.089 Thread 0x000001c0b2daf000 Exception <a 'java/lang/IncompatibleClassChangeError'{0x00000000e6635d70}: Found class java.lang.Object, but interface was expected> (0x00000000e6635d70) thrown at [s\src\hotspot\share\interpreter\linkResolver.cpp, line 839]
Event: 11.101 Thread 0x000001c0b2daf000 Exception <a 'java/lang/IncompatibleClassChangeError'{0x00000000e5b71a88}: Found class java.lang.Object, but interface was expected> (0x00000000e5b71a88) thrown at [s\src\hotspot\share\interpreter\linkResolver.cpp, line 839]
Event: 11.239 Thread 0x000001c0cfbce800 Exception <a 'java/net/ConnectException'{0x00000000e59d3340}: Connection refused: connect> (0x00000000e59d3340) thrown at [s\src\hotspot\share\prims\jni.cpp, line 638]
Event: 11.266 Thread 0x000001c0cfbce800 Exception <a 'java/net/ConnectException'{0x00000000e59d4b90}: Connection refused: connect> (0x00000000e59d4b90) thrown at [s\src\hotspot\share\prims\jni.cpp, line 638]
Event: 11.293 Thread 0x000001c0cfbce800 Exception <a 'java/net/ConnectException'{0x00000000e59d5b40}: Connection refused: connect> (0x00000000e59d5b40) thrown at [s\src\hotspot\share\prims\jni.cpp, line 638]
Event: 11.343 Thread 0x000001c0cfbce800 Exception <a 'java/net/ConnectException'{0x00000000e59d6af0}: Connection refused: connect> (0x00000000e59d6af0) thrown at [s\src\hotspot\share\prims\jni.cpp, line 638]
Event: 11.564 Thread 0x000001c0b2daf000 Exception <a 'java/lang/NoSuchMethodError'{0x00000000e4cc95c0}: 'java.lang.Object java.lang.invoke.Invokers$Holder.linkToTargetMethod(java.lang.Object, int, int, java.lang.Object)'> (0x00000000e4cc95c0) thrown at [s\src\hotspot\share\interpreter\linkResolver.cpp, line 773]
Event: 11.570 Thread 0x000001c0b2daf000 Exception <a 'java/lang/NoSuchMethodError'{0x00000000e4cd5730}: 'void java.lang.invoke.DirectMethodHandle$Holder.invokeStatic(java.lang.Object, java.lang.Object, int)'> (0x00000000e4cd5730) thrown at [s\src\hotspot\share\interpreter\linkResolver.cpp, line 773]
Event: 11.780 Thread 0x000001c0b2daf000 Exception <a 'java/lang/NoSuchMethodError'{0x00000000e741f610}: 'int java.lang.invoke.DirectMethodHandle$Holder.invokeSpecialIFC(java.lang.Object, java.lang.Object, java.lang.Object)'> (0x00000000e741f610) thrown at [s\src\hotspot\share\interpreter\linkResolver.cpp, line 773]

Events (20 events):
Event: 16.790 Executing VM operation: RevokeBias
Event: 16.791 Executing VM operation: RevokeBias done
Event: 16.791 loading class com/google/common/collect/ImmutableMultimap$2
Event: 16.791 loading class com/google/common/collect/ImmutableMultimap$2 done
Event: 16.793 loading class com/google/common/collect/ImmutableMultimap$EntryCollection
Event: 16.793 loading class com/google/common/collect/ImmutableMultimap$EntryCollection done
Event: 16.794 loading class com/google/common/collect/ImmutableMultiset
Event: 16.794 loading class com/google/common/collect/ImmutableMultiset done
Event: 16.798 loading class com/google/common/collect/ImmutableMultisetGwtSerializationDependencies
Event: 16.798 loading class com/google/common/collect/ImmutableMultisetGwtSerializationDependencies done
Event: 16.799 loading class com/google/common/collect/ImmutableMultimap$Keys
Event: 16.799 loading class com/google/common/collect/ImmutableMultimap$Keys done
Event: 16.801 loading class com/google/common/collect/EmptyImmutableListMultimap
Event: 16.801 loading class com/google/common/collect/EmptyImmutableListMultimap done
Event: 16.803 loading class com/google/common/collect/ImmutableListMultimap$Builder
Event: 16.803 loading class com/google/common/collect/ImmutableListMultimap$Builder done
Event: 16.805 loading class com/google/common/collect/ImmutableMultimap$Builder
Event: 16.805 loading class com/google/common/collect/ImmutableMultimap$Builder done
Event: 16.810 loading class com/google/common/collect/ObjectArrays
Event: 16.810 loading class com/google/common/collect/ObjectArrays done


Dynamic libraries:
0x00007ff6688d0000 - 0x00007ff6688de000 	C:\Program Files\Eclipse Adoptium\jdk-11.0.27.6-hotspot\bin\java.exe
0x00007ff8b3430000 - 0x00007ff8b3628000 	C:\Windows\SYSTEM32\ntdll.dll
0x00007ff8b20c0000 - 0x00007ff8b2182000 	C:\Windows\System32\KERNEL32.DLL
0x00007ff8b0b80000 - 0x00007ff8b0e77000 	C:\Windows\System32\KERNELBASE.dll
0x00007ff8b0e80000 - 0x00007ff8b0f80000 	C:\Windows\System32\ucrtbase.dll
0x00007ff89f7c0000 - 0x00007ff89f7d7000 	C:\Program Files\Eclipse Adoptium\jdk-11.0.27.6-hotspot\bin\jli.dll
0x00007ff8a1af0000 - 0x00007ff8a1b0e000 	C:\Program Files\Eclipse Adoptium\jdk-11.0.27.6-hotspot\bin\VCRUNTIME140.dll
0x00007ff8b23f0000 - 0x00007ff8b258d000 	C:\Windows\System32\USER32.dll
0x00007ff8b0ac0000 - 0x00007ff8b0ae2000 	C:\Windows\System32\win32u.dll
0x00007ff8b23c0000 - 0x00007ff8b23eb000 	C:\Windows\System32\GDI32.dll
0x00007ff8b0f80000 - 0x00007ff8b1099000 	C:\Windows\System32\gdi32full.dll
0x00007ff8b1120000 - 0x00007ff8b11bd000 	C:\Windows\System32\msvcp_win.dll
0x00007ff8a05d0000 - 0x00007ff8a086a000 	C:\Windows\WinSxS\amd64_microsoft.windows.common-controls_6595b64144ccf1df_6.0.19041.5915_none_60b4b9d171f9c7c7\COMCTL32.dll
0x00007ff8b2320000 - 0x00007ff8b23be000 	C:\Windows\System32\msvcrt.dll
0x00007ff8b19b0000 - 0x00007ff8b19df000 	C:\Windows\System32\IMM32.DLL
0x0000000068500000 - 0x000000006850c000 	C:\Program Files (x86)\360\Total Security\safemon\SafeWrapper.dll
0x00007ff8b2f10000 - 0x00007ff8b2fc1000 	C:\Windows\System32\ADVAPI32.dll
0x00007ff8b30b0000 - 0x00007ff8b314f000 	C:\Windows\System32\sechost.dll
0x00007ff8b2670000 - 0x00007ff8b2796000 	C:\Windows\System32\RPCRT4.dll
0x00007ff8b10f0000 - 0x00007ff8b1117000 	C:\Windows\System32\bcrypt.dll
0x00007ff820840000 - 0x00007ff8208ec000 	C:\Program Files (x86)\360\Total Security\safemon\libzdtp64.dll
0x00007ff8b27a0000 - 0x00007ff8b2f0e000 	C:\Windows\System32\SHELL32.dll
0x00007ff8b1450000 - 0x00007ff8b14ab000 	C:\Windows\System32\SHLWAPI.dll
0x00007ff8b0570000 - 0x00007ff8b057a000 	C:\Windows\SYSTEM32\VERSION.dll
0x00007ff8a6d50000 - 0x00007ff8a6d5c000 	C:\Program Files\Eclipse Adoptium\jdk-11.0.27.6-hotspot\bin\vcruntime140_1.dll
0x00007ff889050000 - 0x00007ff8890dd000 	C:\Program Files\Eclipse Adoptium\jdk-11.0.27.6-hotspot\bin\msvcp140.dll
0x00007ff80ea40000 - 0x00007ff80f603000 	C:\Program Files\Eclipse Adoptium\jdk-11.0.27.6-hotspot\bin\server\jvm.dll
0x00007ff8b21a0000 - 0x00007ff8b220b000 	C:\Windows\System32\WS2_32.dll
0x00007ff8b19e0000 - 0x00007ff8b19e8000 	C:\Windows\System32\PSAPI.DLL
0x00007ff8a20b0000 - 0x00007ff8a20d7000 	C:\Windows\SYSTEM32\WINMM.dll
0x00007ff8af230000 - 0x00007ff8af242000 	C:\Windows\SYSTEM32\kernel.appcore.dll
0x00007ff8a1ae0000 - 0x00007ff8a1af0000 	C:\Program Files\Eclipse Adoptium\jdk-11.0.27.6-hotspot\bin\verify.dll
0x00007ff8af000000 - 0x00007ff8af201000 	C:\Windows\SYSTEM32\DBGHELP.DLL
0x00007ff8a29d0000 - 0x00007ff8a2a04000 	C:\Windows\SYSTEM32\dbgcore.DLL
0x00007ff8b0af0000 - 0x00007ff8b0b72000 	C:\Windows\System32\bcryptPrimitives.dll
0x00007ff889ee0000 - 0x00007ff889f08000 	C:\Program Files\Eclipse Adoptium\jdk-11.0.27.6-hotspot\bin\java.dll
0x00007ff89c9f0000 - 0x00007ff89c9fa000 	C:\Program Files\Eclipse Adoptium\jdk-11.0.27.6-hotspot\bin\jimage.dll
0x00007ff8a18d0000 - 0x00007ff8a18de000 	C:\Program Files\Eclipse Adoptium\jdk-11.0.27.6-hotspot\bin\instrument.dll
0x00007ff889ec0000 - 0x00007ff889ed8000 	C:\Program Files\Eclipse Adoptium\jdk-11.0.27.6-hotspot\bin\zip.dll
0x00007ff8ae710000 - 0x00007ff8aeeb4000 	C:\Windows\SYSTEM32\windows.storage.dll
0x00007ff8b1a50000 - 0x00007ff8b1da3000 	C:\Windows\System32\combase.dll
0x00007ff8b03b0000 - 0x00007ff8b03db000 	C:\Windows\SYSTEM32\Wldp.dll
0x00007ff8b3150000 - 0x00007ff8b321d000 	C:\Windows\System32\OLEAUT32.dll
0x00007ff8b2010000 - 0x00007ff8b20bd000 	C:\Windows\System32\SHCORE.dll
0x00007ff8b09f0000 - 0x00007ff8b0a14000 	C:\Windows\SYSTEM32\profapi.dll
0x00007ff889e50000 - 0x00007ff889e69000 	C:\Program Files\Eclipse Adoptium\jdk-11.0.27.6-hotspot\bin\net.dll
0x00007ff8a2d50000 - 0x00007ff8a2e5a000 	C:\Windows\SYSTEM32\WINHTTP.dll
0x00007ff8b0110000 - 0x00007ff8b017a000 	C:\Windows\system32\mswsock.dll
0x00007ff889e30000 - 0x00007ff889e43000 	C:\Program Files\Eclipse Adoptium\jdk-11.0.27.6-hotspot\bin\nio.dll
0x00007ff8b0310000 - 0x00007ff8b0328000 	C:\Windows\SYSTEM32\CRYPTSP.dll
0x00007ff8af9f0000 - 0x00007ff8afa28000 	C:\Windows\system32\rsaenh.dll
0x00007ff8b0970000 - 0x00007ff8b099e000 	C:\Windows\SYSTEM32\USERENV.dll
0x00007ff8b0300000 - 0x00007ff8b030c000 	C:\Windows\SYSTEM32\CRYPTBASE.dll
0x00007ff8afdd0000 - 0x00007ff8afe0b000 	C:\Windows\SYSTEM32\IPHLPAPI.DLL
0x00007ff8b1ed0000 - 0x00007ff8b1ed8000 	C:\Windows\System32\NSI.dll
0x00007ff8a6d30000 - 0x00007ff8a6d47000 	C:\Windows\SYSTEM32\dhcpcsvc6.DLL
0x00007ff8a7760000 - 0x00007ff8a777d000 	C:\Windows\SYSTEM32\dhcpcsvc.DLL
0x00007ff8afe10000 - 0x00007ff8afeda000 	C:\Windows\SYSTEM32\DNSAPI.dll
0x00007ff891210000 - 0x00007ff891227000 	C:\Windows\system32\napinsp.dll
0x00007ff8911f0000 - 0x00007ff89120b000 	C:\Windows\system32\pnrpnsp.dll
0x00007ff8abad0000 - 0x00007ff8abaed000 	C:\Windows\system32\wshbth.dll
0x00007ff8a9860000 - 0x00007ff8a987d000 	C:\Windows\system32\NLAapi.dll
0x00007ff8911d0000 - 0x00007ff8911e2000 	C:\Windows\System32\winrnr.dll
0x0000000068870000 - 0x0000000068896000 	C:\Program Files\Bonjour\mdnsNSP.dll
0x00007ff89f6a0000 - 0x00007ff89f6aa000 	C:\Windows\System32\rasadhlp.dll
0x00007ff8a1030000 - 0x00007ff8a10b0000 	C:\Windows\System32\fwpuclnt.dll
0x00007ff89c9e0000 - 0x00007ff89c9ea000 	C:\Program Files\Eclipse Adoptium\jdk-11.0.27.6-hotspot\bin\management.dll
0x00007ff88bc70000 - 0x00007ff88bc7b000 	C:\Program Files\Eclipse Adoptium\jdk-11.0.27.6-hotspot\bin\management_ext.dll
0x00007ff8adb90000 - 0x00007ff8adc24000 	C:\Windows\system32\apphelp.dll
0x00007ff889e00000 - 0x00007ff889e27000 	C:\Program Files\Eclipse Adoptium\jdk-11.0.27.6-hotspot\bin\sunec.dll

dbghelp: loaded successfully - version: 4.0.5 - missing functions: none
symbol engine: initialized successfully - sym options: 0x614 - pdb path: .;C:\Program Files\Eclipse Adoptium\jdk-11.0.27.6-hotspot\bin;C:\Windows\SYSTEM32;C:\Windows\WinSxS\amd64_microsoft.windows.common-controls_6595b64144ccf1df_6.0.19041.5915_none_60b4b9d171f9c7c7;C:\Program Files (x86)\360\Total Security\safemon;C:\Program Files\Eclipse Adoptium\jdk-11.0.27.6-hotspot\bin\server;C:\Program Files\Bonjour

VM Arguments:
jvm_args: -Dallure.results.directory=C:\Users\nat\.gradle\course_project\build\allure-results -Dchromeoptions.prefs=profile.password_manager_leak_detection=false -Ddb.url=jdbc:mysql://localhost:3306/app -Djunit.jupiter.extensions.autodetection.enabled=true -Dorg.gradle.internal.worker.tmpdir=C:\Users\nat\.gradle\course_project\build\tmp\test\work -Dorg.gradle.native=false -Dselenide.headless -javaagent:C:\Users\nat\.gradle\caches\modules-2\files-2.1\org.aspectj\aspectjweaver\1.9.9.1\dcd2703279a94ad909fa3f3d08671cb0f2dabf7\aspectjweaver-1.9.9.1.jar -Xmx512m -Dfile.encoding=windows-1251 -Duser.country=RU -Duser.language=ru -Duser.variant -ea 
java_command: worker.org.gradle.process.internal.worker.GradleWorkerMain 'Gradle Test Executor 1'
java_class_path (initial): C:\\Users\\nat\\.gradle\\caches\\7.6\\workerMain\\gradle-worker.jar;C:\\Users\\nat\\.gradle\\course_project\\build\\classes\\java\\test;C:\\Users\\nat\\.gradle\\course_project\\build\\classes\\java\\main;C:\\Users\\nat\\.gradle\\caches\\modules-2\\files-2.1\\org.junit.jupiter\\junit-jupiter-params\\5.10.0\\9041c7365495a897a64782ea5a6fdb99dab1814e\\junit-jupiter-params-5.10.0.jar;C:\\Users\\nat\\.gradle\\caches\\modules-2\\files-2.1\\org.junit.jupiter\\junit-jupiter-engine\\5.10.0\\90587932d718fc51a48112d33045a18476c542ad\\junit-jupiter-engine-5.10.0.jar;C:\\Users\\nat\\.gradle\\caches\\modules-2\\files-2.1\\io.qameta.allure\\allure-junit5\\2.20.1\\4dd0476b2b3faf26719200407a2ecfd0cd3b4de9\\allure-junit5-2.20.1.jar;C:\\Users\\nat\\.gradle\\caches\\modules-2\\files-2.1\\io.qameta.allure\\allure-junit-platform\\2.20.1\\eed7d32afe119e7897123e4183921e311dae509f\\allure-junit-platform-2.20.1.jar;C:\\Users\\nat\\.gradle\\caches\\modules-2\\files-2.1\\org.junit.jupiter\\junit-jupiter-api\\5.10.0\\2fe4ba3d31d5067878e468c96aa039005a9134d3\\junit-jupiter-api-5.10.0.jar;C:\\Users\\nat\\.gradle\\caches\\modules-2\\files-2.1\\org.junit.platform\\junit-platform-launcher\\1.10.0\\89a1922534ed102be1fb2a8c0b2c6151297a12bf\\junit-platform-launcher-1.10.0.jar;C:\\Users\\nat\\.gradle\\caches\\modules-2\\files-2.1\\org.junit.platform\\junit-platform-engine\\1.10.0\\276c4edcf64fabb5a139fa7b4f99330d7a93b804\\junit-platform-engine-1.10.0.jar;C:\\Users\\nat\\.gradle\\caches\\modules-2\\files-2.1\\org.junit.platform\\junit-platform-commons\\1.10.0\\d533ff2c286eaf963566f92baf5f8a06628d2609\\junit-platform-commons-1.10.0.jar;C:\\Users\\nat\\.gradle\\caches\\modules-2\\files-2.1\\org.junit.jupiter\\junit-jupiter\\5.10.0\\8fea1d9c58b2156f1b998f2f18da04bc9e087f74\\junit-jupiter-5.10.0.jar;C:\\Users\\nat\\.gradle\\caches\\modules-2\\files-2.1\\org.postgresql\\postgresql\\42.5.4\\15015a54f15e340a9a8a6a2c5457429cb1176b8\\postgresql-42.5.4.jar;C:\\Users\\nat\\.gradle\\cache
Launcher Type: SUN_STANDARD

[Global flags]
     intx CICompilerCount                          = 3                                         {product} {ergonomic}
     uint ConcGCThreads                            = 1                                         {product} {ergonomic}
     uint G1ConcRefinementThreads                  = 4                                         {product} {ergonomic}
   size_t G1HeapRegionSize                         = 1048576                                   {product} {ergonomic}
    uintx GCDrainStackTargetSize                   = 64                                        {product} {ergonomic}
   size_t InitialHeapSize                          = 134217728                                 {product} {ergonomic}
   size_t MarkStackSize                            = 4194304                                   {product} {ergonomic}
   size_t MaxHeapSize                              = 536870912                                 {product} {command line}
   size_t MaxNewSize                               = 321912832                                 {product} {ergonomic}
   size_t MinHeapDeltaBytes                        = 1048576                                   {product} {ergonomic}
    uintx NonNMethodCodeHeapSize                   = 5830732                                {pd product} {ergonomic}
    uintx NonProfiledCodeHeapSize                  = 122913754                              {pd product} {ergonomic}
    uintx ProfiledCodeHeapSize                     = 122913754                              {pd product} {ergonomic}
    uintx ReservedCodeCacheSize                    = 251658240                              {pd product} {ergonomic}
     bool SegmentedCodeCache                       = true                                      {product} {ergonomic}
     bool UseCompressedClassPointers               = true                                 {lp64_product} {ergonomic}
     bool UseCompressedOops                        = true                                 {lp64_product} {ergonomic}
     bool UseG1GC                                  = true                                      {product} {ergonomic}
     bool UseLargePagesIndividualAllocation        = false                                  {pd product} {ergonomic}

Logging:
Log output configuration:
 #0: stdout all=warning uptime,level,tags
 #1: stderr all=off uptime,level,tags

Environment Variables:
JAVA_HOME=C:\Program Files\Eclipse Adoptium\jdk-11.0.27.6-hotspot\
CLASSPATH=C:\Users\nat\.gradle\course_project\\gradle\wrapper\gradle-wrapper.jar
PATH=C:\Program Files\Eclipse Adoptium\jdk-11.0.27.6-hotspot\bin;C:\Program Files (x86)\Intel\Intel(R) Management Engine Components\iCLS\;C:\Program Files\Intel\Intel(R) Management Engine Components\iCLS\;C:\Windows\system32;C:\Windows;C:\Windows\System32\Wbem;C:\Windows\System32\WindowsPowerShell\v1.0\;C:\Windows\System32\OpenSSH\;c:\Program Files (x86)\Intel\Intel(R) Management Engine Components\DAL;c:\Program Files\Intel\Intel(R) Management Engine Components\DAL;c:\Program Files (x86)\Intel\Intel(R) Management Engine Components\IPT;c:\Program Files\Intel\Intel(R) Management Engine Components\IPT;C:\Program Files (x86)\dotnet\;C:\Program Files\Git\cmd;C:\Program Files\Docker\Docker\resources\bin;C:\Users\nat\AppData\Local\Microsoft\WindowsApps;C:\Users\nat\AppData\Local\Programs\Microsoft VS Code\bin;C:\Users\nat\chrome-win64;C:\Users\nat\chrome-win64\chromedriver.exe;
USERNAME=nat
OS=Windows_NT
PROCESSOR_IDENTIFIER=Intel64 Family 6 Model 142 Stepping 9, GenuineIntel
TMP=C:\Users\nat\AppData\Local\Temp
TEMP=C:\Users\nat\AppData\Local\Temp



---------------  S Y S T E M  ---------------

OS: Windows 10 , 64 bit Build 19041 (10.0.19041.5915)
OS uptime: 5 days 1:17 hours
Hyper-V role detected

CPU:total 4 (initial active 4) (2 cores per cpu, 2 threads per core) family 6 model 142 stepping 9 microcode 0xb4, cmov, cx8, fxsr, mmx, sse, sse2, sse3, ssse3, sse4.1, sse4.2, popcnt, avx, avx2, aes, clmul, erms, 3dnowpref, lzcnt, ht, tsc, tscinvbit, bmi1, bmi2, adx, fma

Memory: 4k page, system-wide physical 8092M (219M free)
TotalPageFile size 32668M (AvailPageFile size 0M)
current process WorkingSet (physical memory assigned to process): 246M, peak: 270M
current process commit charge ("private bytes"): 278M, peak: 301M

vm_info: OpenJDK 64-Bit Server VM (11.0.27+6) for windows-amd64 JRE (11.0.27+6), built on Apr 16 2025 02:24:08 by "" with MS VC++ 17.7 (VS2022)

END.
