#
# There is insufficient memory for the Java Runtime Environment to continue.
# Native memory allocation (malloc) failed to allocate 558336 bytes for Chunk::new
# Possible reasons:
#   The system is out of physical RAM or swap space
#   The process is running with CompressedOops enabled, and the Java Heap may be blocking the growth of the native heap
# Possible solutions:
#   Reduce memory load on the system
#   Increase physical memory or swap space
#   Check if swap backing store is full
#   Decrease Java heap size (-Xmx/-Xms)
#   Decrease number of Java threads
#   Decrease Java thread stack sizes (-Xss)
#   Set larger code cache with -XX:ReservedCodeCacheSize=
#   JVM is running with Unscaled Compressed Oops mode in which the Java heap is
#     placed in the first 4GB address space. The Java Heap base address is the
#     maximum limit for the native heap growth. Please use -XX:HeapBaseMinAddress
#     to set the Java Heap base and to place the Java Heap above 4GB virtual address.
# This output file may be truncated or incomplete.
#
#  Out of Memory Error (arena.cpp:197), pid=3372, tid=26204
#
# JRE version: OpenJDK Runtime Environment Temurin-11.0.27+6 (11.0.27+6) (build 11.0.27+6)
# Java VM: OpenJDK 64-Bit Server VM Temurin-11.0.27+6 (11.0.27+6, mixed mode, tiered, compressed oops, g1 gc, windows-amd64)
# No core dump will be written. Minidumps are not enabled by default on client versions of Windows
#

---------------  S U M M A R Y ------------

Command Line: -Xmx64m -Xms64m -Dorg.gradle.appname=gradlew org.gradle.wrapper.GradleWrapperMain allureserve

Host: Intel(R) Core(TM) i5-7200U CPU @ 2.50GHz, 4 cores, 7G,  Windows 10 , 64 bit Build 19041 (10.0.19041.5915)
Time: Sun Aug 24 00:53:57 2025 RTZ 2 (s 10 , 64 bit Build 19041 (10.0.19041.5915) elapsed time: 540.670457 seconds (0d 0h 9m 0s)

---------------  T H R E A D  ---------------

Current thread (0x0000021ff74d1800):  JavaThread "C2 CompilerThread0" daemon [_thread_in_native, id=26204, stack(0x000000c41d100000,0x000000c41d200000)]


Current CompileTask:
C2: 540670 1597       4       org.gradle.internal.logging.console.ProgressBar::formatProgress (308 bytes)

Stack: [0x000000c41d100000,0x000000c41d200000]
Native frames: (J=compiled Java code, j=interpreted, Vv=VM code, C=native code)
V  [jvm.dll+0x6448da]
V  [jvm.dll+0x7d7119]
V  [jvm.dll+0x7d87f9]
V  [jvm.dll+0x7d8ef3]
V  [jvm.dll+0x269105]
V  [jvm.dll+0xc275c]
V  [jvm.dll+0xc2d6c]
V  [jvm.dll+0x2dafa2]
V  [jvm.dll+0x550118]
V  [jvm.dll+0x220a7b]
V  [jvm.dll+0x222c18]
V  [jvm.dll+0x2201a8]
V  [jvm.dll+0x19e021]
V  [jvm.dll+0x2302b4]
V  [jvm.dll+0x22e6ac]
V  [jvm.dll+0x798371]
V  [jvm.dll+0x790ed4]
V  [jvm.dll+0x6436a5]
C  [ucrtbase.dll+0x21bb2]
C  [KERNEL32.DLL+0x17374]
C  [ntdll.dll+0x4cc91]


---------------  P R O C E S S  ---------------

Threads class SMR info:
_java_thread_list=0x0000021ff91cb1c0, length=13, elements={
0x0000021fdd602800, 0x0000021ff74a7800, 0x0000021ff74b1000, 0x0000021ff74c5000,
0x0000021ff74c6800, 0x0000021ff74c9800, 0x0000021ff74d1800, 0x0000021ff74d9000,
0x0000021ff74dc800, 0x0000021ff7fa7800, 0x0000021ff8e0c000, 0x0000021ff9371800,
0x0000021ff936c000
}

Java Threads: ( => current thread )
  0x0000021fdd602800 JavaThread "main" [_thread_in_native, id=16112, stack(0x000000c41c500000,0x000000c41c600000)]
  0x0000021ff74a7800 JavaThread "Reference Handler" daemon [_thread_blocked, id=23320, stack(0x000000c41cc00000,0x000000c41cd00000)]
  0x0000021ff74b1000 JavaThread "Finalizer" daemon [_thread_blocked, id=19108, stack(0x000000c41cd00000,0x000000c41ce00000)]
  0x0000021ff74c5000 JavaThread "Signal Dispatcher" daemon [_thread_blocked, id=24612, stack(0x000000c41ce00000,0x000000c41cf00000)]
  0x0000021ff74c6800 JavaThread "Attach Listener" daemon [_thread_blocked, id=24620, stack(0x000000c41cf00000,0x000000c41d000000)]
  0x0000021ff74c9800 JavaThread "Service Thread" daemon [_thread_blocked, id=17468, stack(0x000000c41d000000,0x000000c41d100000)]
=>0x0000021ff74d1800 JavaThread "C2 CompilerThread0" daemon [_thread_in_native, id=26204, stack(0x000000c41d100000,0x000000c41d200000)]
  0x0000021ff74d9000 JavaThread "C1 CompilerThread0" daemon [_thread_blocked, id=26056, stack(0x000000c41d200000,0x000000c41d300000)]
  0x0000021ff74dc800 JavaThread "Sweeper thread" daemon [_thread_blocked, id=26548, stack(0x000000c41d300000,0x000000c41d400000)]
  0x0000021ff7fa7800 JavaThread "Common-Cleaner" daemon [_thread_blocked, id=18812, stack(0x000000c41d500000,0x000000c41d600000)]
  0x0000021ff8e0c000 JavaThread "pool-1-thread-1" [_thread_blocked, id=24104, stack(0x000000c41d800000,0x000000c41d900000)]
  0x0000021ff9371800 JavaThread "DisconnectableInputStream source reader" daemon [_thread_in_native, id=28396, stack(0x000000c41d900000,0x000000c41da00000)]
  0x0000021ff936c000 JavaThread "Forward input" [_thread_blocked, id=23964, stack(0x000000c41da00000,0x000000c41db00000)]

Other Threads:
  0x0000021ff74a5800 VMThread "VM Thread" [stack: 0x000000c41cb00000,0x000000c41cc00000] [id=24752]
  0x0000021ff7f9b800 WatcherThread [stack: 0x000000c41d400000,0x000000c41d500000] [id=28200]
  0x0000021fdd61a000 GCTaskThread "GC Thread#0" [stack: 0x000000c41c600000,0x000000c41c700000] [id=21968]
  0x0000021ff8494800 GCTaskThread "GC Thread#1" [stack: 0x000000c41d700000,0x000000c41d800000] [id=24440]
  0x0000021ff8af8800 GCTaskThread "GC Thread#2" [stack: 0x000000c41c300000,0x000000c41c400000] [id=4928]
  0x0000021ff8af9000 GCTaskThread "GC Thread#3" [stack: 0x000000c41c400000,0x000000c41c500000] [id=23892]
  0x0000021fdd622000 ConcurrentGCThread "G1 Main Marker" [stack: 0x000000c41c700000,0x000000c41c800000] [id=23384]
  0x0000021fdd623800 ConcurrentGCThread "G1 Conc#0" [stack: 0x000000c41c800000,0x000000c41c900000] [id=23264]
  0x0000021fdd6b9800 ConcurrentGCThread "G1 Refine#0" [stack: 0x000000c41c900000,0x000000c41ca00000] [id=8656]
  0x0000021fdd6ba800 ConcurrentGCThread "G1 Young RemSet Sampling" [stack: 0x000000c41ca00000,0x000000c41cb00000] [id=19388]

Threads with active compile tasks:
C2 CompilerThread0   540768 1597       4       org.gradle.internal.logging.console.ProgressBar::formatProgress (308 bytes)

VM state:not at safepoint (normal execution)

VM Mutex/Monitor currently owned by a thread: None

Heap address: 0x00000000fc000000, size: 64 MB, Compressed Oops mode: 32-bit
Narrow klass base: 0x0000000000000000, Narrow klass shift: 3
Compressed class space size: 1073741824 Address: 0x0000000100000000

Heap:
 garbage-first heap   total 65536K, used 11530K [0x00000000fc000000, 0x0000000100000000)
  region size 1024K, 7 young (7168K), 5 survivors (5120K)
 Metaspace       used 16293K, capacity 16652K, committed 16896K, reserved 1064960K
  class space    used 1830K, capacity 1934K, committed 2048K, reserved 1048576K
Heap Regions: E=young(eden), S=young(survivor), O=old, HS=humongous(starts), HC=humongous(continues), CS=collection set, F=free, A=archive, TAMS=top-at-mark-start (previous, next)
|   0|0x00000000fc000000, 0x00000000fc100000, 0x00000000fc100000|100%| O|  |TAMS 0x00000000fc000000, 0x00000000fc000000| Untracked 
|   1|0x00000000fc100000, 0x00000000fc200000, 0x00000000fc200000|100%| O|  |TAMS 0x00000000fc100000, 0x00000000fc100000| Untracked 
|   2|0x00000000fc200000, 0x00000000fc300000, 0x00000000fc300000|100%|HS|  |TAMS 0x00000000fc200000, 0x00000000fc200000| Complete 
|   3|0x00000000fc300000, 0x00000000fc400000, 0x00000000fc400000|100%|HC|  |TAMS 0x00000000fc300000, 0x00000000fc300000| Complete 
|   4|0x00000000fc400000, 0x00000000fc500000, 0x00000000fc500000|100%|HC|  |TAMS 0x00000000fc400000, 0x00000000fc400000| Complete 
|   5|0x00000000fc500000, 0x00000000fc542800, 0x00000000fc600000| 25%| O|  |TAMS 0x00000000fc500000, 0x00000000fc500000| Untracked 
|   6|0x00000000fc600000, 0x00000000fc600000, 0x00000000fc700000|  0%| F|  |TAMS 0x00000000fc600000, 0x00000000fc600000| Untracked 
|   7|0x00000000fc700000, 0x00000000fc700000, 0x00000000fc800000|  0%| F|  |TAMS 0x00000000fc700000, 0x00000000fc700000| Untracked 
|   8|0x00000000fc800000, 0x00000000fc800000, 0x00000000fc900000|  0%| F|  |TAMS 0x00000000fc800000, 0x00000000fc800000| Untracked 
|   9|0x00000000fc900000, 0x00000000fc900000, 0x00000000fca00000|  0%| F|  |TAMS 0x00000000fc900000, 0x00000000fc900000| Untracked 
|  10|0x00000000fca00000, 0x00000000fca00000, 0x00000000fcb00000|  0%| F|  |TAMS 0x00000000fca00000, 0x00000000fca00000| Untracked 
|  11|0x00000000fcb00000, 0x00000000fcb00000, 0x00000000fcc00000|  0%| F|  |TAMS 0x00000000fcb00000, 0x00000000fcb00000| Untracked 
|  12|0x00000000fcc00000, 0x00000000fcc00000, 0x00000000fcd00000|  0%| F|  |TAMS 0x00000000fcc00000, 0x00000000fcc00000| Untracked 
|  13|0x00000000fcd00000, 0x00000000fcd00000, 0x00000000fce00000|  0%| F|  |TAMS 0x00000000fcd00000, 0x00000000fcd00000| Untracked 
|  14|0x00000000fce00000, 0x00000000fce00000, 0x00000000fcf00000|  0%| F|  |TAMS 0x00000000fce00000, 0x00000000fce00000| Untracked 
|  15|0x00000000fcf00000, 0x00000000fcf00000, 0x00000000fd000000|  0%| F|  |TAMS 0x00000000fcf00000, 0x00000000fcf00000| Untracked 
|  16|0x00000000fd000000, 0x00000000fd000000, 0x00000000fd100000|  0%| F|  |TAMS 0x00000000fd000000, 0x00000000fd000000| Untracked 
|  17|0x00000000fd100000, 0x00000000fd100000, 0x00000000fd200000|  0%| F|  |TAMS 0x00000000fd100000, 0x00000000fd100000| Untracked 
|  18|0x00000000fd200000, 0x00000000fd200000, 0x00000000fd300000|  0%| F|  |TAMS 0x00000000fd200000, 0x00000000fd200000| Untracked 
|  19|0x00000000fd300000, 0x00000000fd300000, 0x00000000fd400000|  0%| F|  |TAMS 0x00000000fd300000, 0x00000000fd300000| Untracked 
|  20|0x00000000fd400000, 0x00000000fd400000, 0x00000000fd500000|  0%| F|  |TAMS 0x00000000fd400000, 0x00000000fd400000| Untracked 
|  21|0x00000000fd500000, 0x00000000fd600000, 0x00000000fd600000|100%| S|CS|TAMS 0x00000000fd500000, 0x00000000fd500000| Complete 
|  22|0x00000000fd600000, 0x00000000fd700000, 0x00000000fd700000|100%| S|CS|TAMS 0x00000000fd600000, 0x00000000fd600000| Complete 
|  23|0x00000000fd700000, 0x00000000fd800000, 0x00000000fd800000|100%| S|CS|TAMS 0x00000000fd700000, 0x00000000fd700000| Complete 
|  24|0x00000000fd800000, 0x00000000fd900000, 0x00000000fd900000|100%| S|CS|TAMS 0x00000000fd800000, 0x00000000fd800000| Complete 
|  25|0x00000000fd900000, 0x00000000fda00000, 0x00000000fda00000|100%| S|CS|TAMS 0x00000000fd900000, 0x00000000fd900000| Complete 
|  26|0x00000000fda00000, 0x00000000fda00000, 0x00000000fdb00000|  0%| F|  |TAMS 0x00000000fda00000, 0x00000000fda00000| Untracked 
|  27|0x00000000fdb00000, 0x00000000fdb00000, 0x00000000fdc00000|  0%| F|  |TAMS 0x00000000fdb00000, 0x00000000fdb00000| Untracked 
|  28|0x00000000fdc00000, 0x00000000fdc00000, 0x00000000fdd00000|  0%| F|  |TAMS 0x00000000fdc00000, 0x00000000fdc00000| Untracked 
|  29|0x00000000fdd00000, 0x00000000fdd00000, 0x00000000fde00000|  0%| F|  |TAMS 0x00000000fdd00000, 0x00000000fdd00000| Untracked 
|  30|0x00000000fde00000, 0x00000000fde00000, 0x00000000fdf00000|  0%| F|  |TAMS 0x00000000fde00000, 0x00000000fde00000| Untracked 
|  31|0x00000000fdf00000, 0x00000000fdf00000, 0x00000000fe000000|  0%| F|  |TAMS 0x00000000fdf00000, 0x00000000fdf00000| Untracked 
|  32|0x00000000fe000000, 0x00000000fe000000, 0x00000000fe100000|  0%| F|  |TAMS 0x00000000fe000000, 0x00000000fe000000| Untracked 
|  33|0x00000000fe100000, 0x00000000fe100000, 0x00000000fe200000|  0%| F|  |TAMS 0x00000000fe100000, 0x00000000fe100000| Untracked 
|  34|0x00000000fe200000, 0x00000000fe200000, 0x00000000fe300000|  0%| F|  |TAMS 0x00000000fe200000, 0x00000000fe200000| Untracked 
|  35|0x00000000fe300000, 0x00000000fe300000, 0x00000000fe400000|  0%| F|  |TAMS 0x00000000fe300000, 0x00000000fe300000| Untracked 
|  36|0x00000000fe400000, 0x00000000fe400000, 0x00000000fe500000|  0%| F|  |TAMS 0x00000000fe400000, 0x00000000fe400000| Untracked 
|  37|0x00000000fe500000, 0x00000000fe500000, 0x00000000fe600000|  0%| F|  |TAMS 0x00000000fe500000, 0x00000000fe500000| Untracked 
|  38|0x00000000fe600000, 0x00000000fe600000, 0x00000000fe700000|  0%| F|  |TAMS 0x00000000fe600000, 0x00000000fe600000| Untracked 
|  39|0x00000000fe700000, 0x00000000fe700000, 0x00000000fe800000|  0%| F|  |TAMS 0x00000000fe700000, 0x00000000fe700000| Untracked 
|  40|0x00000000fe800000, 0x00000000fe800000, 0x00000000fe900000|  0%| F|  |TAMS 0x00000000fe800000, 0x00000000fe800000| Untracked 
|  41|0x00000000fe900000, 0x00000000fe900000, 0x00000000fea00000|  0%| F|  |TAMS 0x00000000fe900000, 0x00000000fe900000| Untracked 
|  42|0x00000000fea00000, 0x00000000fea00000, 0x00000000feb00000|  0%| F|  |TAMS 0x00000000fea00000, 0x00000000fea00000| Untracked 
|  43|0x00000000feb00000, 0x00000000feb00000, 0x00000000fec00000|  0%| F|  |TAMS 0x00000000feb00000, 0x00000000feb00000| Untracked 
|  44|0x00000000fec00000, 0x00000000fec00000, 0x00000000fed00000|  0%| F|  |TAMS 0x00000000fec00000, 0x00000000fec00000| Untracked 
|  45|0x00000000fed00000, 0x00000000fed00000, 0x00000000fee00000|  0%| F|  |TAMS 0x00000000fed00000, 0x00000000fed00000| Untracked 
|  46|0x00000000fee00000, 0x00000000fee00000, 0x00000000fef00000|  0%| F|  |TAMS 0x00000000fee00000, 0x00000000fee00000| Untracked 
|  47|0x00000000fef00000, 0x00000000fef00000, 0x00000000ff000000|  0%| F|  |TAMS 0x00000000fef00000, 0x00000000fef00000| Untracked 
|  48|0x00000000ff000000, 0x00000000ff000000, 0x00000000ff100000|  0%| F|  |TAMS 0x00000000ff000000, 0x00000000ff000000| Untracked 
|  49|0x00000000ff100000, 0x00000000ff100000, 0x00000000ff200000|  0%| F|  |TAMS 0x00000000ff100000, 0x00000000ff100000| Untracked 
|  50|0x00000000ff200000, 0x00000000ff200000, 0x00000000ff300000|  0%| F|  |TAMS 0x00000000ff200000, 0x00000000ff200000| Untracked 
|  51|0x00000000ff300000, 0x00000000ff300000, 0x00000000ff400000|  0%| F|  |TAMS 0x00000000ff300000, 0x00000000ff300000| Untracked 
|  52|0x00000000ff400000, 0x00000000ff400000, 0x00000000ff500000|  0%| F|  |TAMS 0x00000000ff400000, 0x00000000ff400000| Untracked 
|  53|0x00000000ff500000, 0x00000000ff500000, 0x00000000ff600000|  0%| F|  |TAMS 0x00000000ff500000, 0x00000000ff500000| Untracked 
|  54|0x00000000ff600000, 0x00000000ff600000, 0x00000000ff700000|  0%| F|  |TAMS 0x00000000ff600000, 0x00000000ff600000| Untracked 
|  55|0x00000000ff700000, 0x00000000ff700000, 0x00000000ff800000|  0%| F|  |TAMS 0x00000000ff700000, 0x00000000ff700000| Untracked 
|  56|0x00000000ff800000, 0x00000000ff800000, 0x00000000ff900000|  0%| F|  |TAMS 0x00000000ff800000, 0x00000000ff800000| Untracked 
|  57|0x00000000ff900000, 0x00000000ff900000, 0x00000000ffa00000|  0%| F|  |TAMS 0x00000000ff900000, 0x00000000ff900000| Untracked 
|  58|0x00000000ffa00000, 0x00000000ffa00000, 0x00000000ffb00000|  0%| F|  |TAMS 0x00000000ffa00000, 0x00000000ffa00000| Untracked 
|  59|0x00000000ffb00000, 0x00000000ffb00000, 0x00000000ffc00000|  0%| F|  |TAMS 0x00000000ffb00000, 0x00000000ffb00000| Untracked 
|  60|0x00000000ffc00000, 0x00000000ffc00000, 0x00000000ffd00000|  0%| F|  |TAMS 0x00000000ffc00000, 0x00000000ffc00000| Untracked 
|  61|0x00000000ffd00000, 0x00000000ffd00000, 0x00000000ffe00000|  0%| F|  |TAMS 0x00000000ffd00000, 0x00000000ffd00000| Untracked 
|  62|0x00000000ffe00000, 0x00000000ffead780, 0x00000000fff00000| 67%| E|  |TAMS 0x00000000ffe00000, 0x00000000ffe00000| Complete 
|  63|0x00000000fff00000, 0x0000000100000000, 0x0000000100000000|100%| E|CS|TAMS 0x00000000fff00000, 0x00000000fff00000| Complete 

Card table byte_map: [0x0000021fdd430000,0x0000021fdd450000] _byte_map_base: 0x0000021fdcc50000

Marking Bits (Prev, Next): (CMBitMap*) 0x0000021fdd620f28, (CMBitMap*) 0x0000021fdd620f60
 Prev Bits: [0x0000021fdd470000, 0x0000021fdd570000)
 Next Bits: [0x0000021ff4da0000, 0x0000021ff4ea0000)

Polling page: 0x0000021fdcdc0000

Metaspace:

Usage:
  Non-class:     14.37 MB capacity,    14.12 MB ( 98%) used,   232.77 KB (  2%) free+waste,    22.50 KB ( <1%) overhead. 
      Class:      1.89 MB capacity,     1.79 MB ( 95%) used,    92.88 KB (  5%) free+waste,    10.62 KB ( <1%) overhead. 
       Both:     16.26 MB capacity,    15.91 MB ( 98%) used,   325.65 KB (  2%) free+waste,    33.12 KB ( <1%) overhead. 

Virtual space:
  Non-class space:       16.00 MB reserved,      14.50 MB ( 91%) committed 
      Class space:        1.00 GB reserved,       2.00 MB ( <1%) committed 
             Both:        1.02 GB reserved,      16.50 MB (  2%) committed 

Chunk freelists:
   Non-Class:  2.00 KB
       Class:  18.00 KB
        Both:  20.00 KB

MaxMetaspaceSize: 17179869184.00 GB
CompressedClassSpaceSize: 1.00 GB
Initial GC threshold: 20.80 MB
Current GC threshold: 20.80 MB
CDS: off

CodeHeap 'non-profiled nmethods': size=120064Kb used=661Kb max_used=661Kb free=119402Kb
 bounds [0x0000021fed860000, 0x0000021fedad0000, 0x0000021ff4da0000]
CodeHeap 'profiled nmethods': size=120000Kb used=2970Kb max_used=2970Kb free=117029Kb
 bounds [0x0000021fe6330000, 0x0000021fe6620000, 0x0000021fed860000]
CodeHeap 'non-nmethods': size=5696Kb used=1164Kb max_used=1186Kb free=4532Kb
 bounds [0x0000021fe5da0000, 0x0000021fe6010000, 0x0000021fe6330000]
 total_blobs=2023 nmethods=1595 adapters=341
 compilation: enabled
              stopped_count=0, restarted_count=0
 full_count=0

Compilation events (20 events):
Event: 536.150 Thread 0x0000021ff74d1800 nmethod 1586 0x0000021fed901990 code [0x0000021fed901b40, 0x0000021fed901dd8]
Event: 536.737 Thread 0x0000021ff74d1800 1587       4       com.google.common.collect.TransformedIterator::hasNext (10 bytes)
Event: 536.751 Thread 0x0000021ff74d1800 nmethod 1587 0x0000021fed901f90 code [0x0000021fed902160, 0x0000021fed902958]
Event: 537.814 Thread 0x0000021ff74d1800 1588       4       java.util.ArrayDeque$DeqIterator::hasNext (13 bytes)
Event: 537.815 Thread 0x0000021ff74d1800 nmethod 1588 0x0000021fed902d10 code [0x0000021fed902ea0, 0x0000021fed902f18]
Event: 538.019 Thread 0x0000021ff74d1800 1589       4       java.util.ArrayDeque::iterator (9 bytes)
Event: 538.021 Thread 0x0000021ff74d1800 nmethod 1589 0x0000021fed903010 code [0x0000021fed9031c0, 0x0000021fed9032f8]
Event: 538.652 Thread 0x0000021ff74d1800 1590       4       org.gradle.internal.time.MonotonicClock::getCurrentTime (70 bytes)
Event: 538.657 Thread 0x0000021ff74d1800 nmethod 1590 0x0000021fed903410 code [0x0000021fed9035c0, 0x0000021fed903828]
Event: 539.206 Thread 0x0000021ff74d1800 1591       4       java.util.concurrent.ThreadPoolExecutor$Worker::unlock (7 bytes)
Event: 539.208 Thread 0x0000021ff74d1800 nmethod 1591 0x0000021fed903a90 code [0x0000021fed903c20, 0x0000021fed903cf8]
Event: 539.208 Thread 0x0000021ff74d1800 1592       4       java.util.concurrent.ThreadPoolExecutor$Worker::lock (6 bytes)
Event: 539.211 Thread 0x0000021ff74d1800 nmethod 1592 0x0000021fed903d90 code [0x0000021fed903f20, 0x0000021fed904078]
Event: 540.359 Thread 0x0000021ff74d1800 1593       4       java.util.concurrent.ScheduledThreadPoolExecutor$DelayedWorkQueue::finishPoll (43 bytes)
Event: 540.362 Thread 0x0000021ff74d1800 nmethod 1593 0x0000021fed904110 code [0x0000021fed9042a0, 0x0000021fed904418]
Event: 540.362 Thread 0x0000021ff74d1800 1594   !   4       java.util.concurrent.FutureTask::runAndReset (125 bytes)
Event: 540.388 Thread 0x0000021ff74d1800 nmethod 1594 0x0000021fed904590 code [0x0000021fed9047a0, 0x0000021fed904e30]
Event: 540.423 Thread 0x0000021ff74d1800 1595       4       java.util.concurrent.ScheduledThreadPoolExecutor$ScheduledFutureTask::setNextRunTime (38 bytes)
Event: 540.424 Thread 0x0000021ff74d1800 nmethod 1595 0x0000021fed905410 code [0x0000021fed9055a0, 0x0000021fed905638]
Event: 540.596 Thread 0x0000021ff74d1800 1597       4       org.gradle.internal.logging.console.ProgressBar::formatProgress (308 bytes)

GC Heap History (4 events):
Event: 0.588 GC heap before
{Heap before GC invocations=0 (full 0):
 garbage-first heap   total 65536K, used 13312K [0x00000000fc000000, 0x0000000100000000)
  region size 1024K, 14 young (14336K), 0 survivors (0K)
 Metaspace       used 7914K, capacity 8081K, committed 8192K, reserved 1056768K
  class space    used 698K, capacity 754K, committed 768K, reserved 1048576K
}
Event: 0.592 GC heap after
{Heap after GC invocations=1 (full 0):
 garbage-first heap   total 65536K, used 3838K [0x00000000fc000000, 0x0000000100000000)
  region size 1024K, 2 young (2048K), 2 survivors (2048K)
 Metaspace       used 7914K, capacity 8081K, committed 8192K, reserved 1056768K
  class space    used 698K, capacity 754K, committed 768K, reserved 1048576K
}
Event: 428.645 GC heap before
{Heap before GC invocations=1 (full 0):
 garbage-first heap   total 65536K, used 43774K [0x00000000fc000000, 0x0000000100000000)
  region size 1024K, 38 young (38912K), 2 survivors (2048K)
 Metaspace       used 16292K, capacity 16652K, committed 16896K, reserved 1064960K
  class space    used 1830K, capacity 1934K, committed 2048K, reserved 1048576K
}
Event: 428.697 GC heap after
{Heap after GC invocations=2 (full 0):
 garbage-first heap   total 65536K, used 10506K [0x00000000fc000000, 0x0000000100000000)
  region size 1024K, 5 young (5120K), 5 survivors (5120K)
 Metaspace       used 16292K, capacity 16652K, committed 16896K, reserved 1064960K
  class space    used 1830K, capacity 1934K, committed 2048K, reserved 1048576K
}

Deoptimization events (20 events):
Event: 1.267 Thread 0x0000021ff8e0c000 DEOPT PACKING pc=0x0000021fe63d52ff sp=0x000000c41d8fa400
Event: 1.267 Thread 0x0000021ff8e0c000 DEOPT UNPACKING pc=0x0000021fe5dea95e sp=0x000000c41d8f9850 mode 0
Event: 1.385 Thread 0x0000021fdd602800 DEOPT PACKING pc=0x0000021fe6425f30 sp=0x000000c41c5f7a70
Event: 1.385 Thread 0x0000021fdd602800 DEOPT UNPACKING pc=0x0000021fe5dea95e sp=0x000000c41c5f6f88 mode 0
Event: 1.412 Thread 0x0000021fdd602800 Uncommon trap: trap_request=0xffffff4d fr.pc=0x0000021fed8c6760 relative=0x00000000000001a0
Event: 1.412 Thread 0x0000021fdd602800 Uncommon trap: reason=unstable_if action=reinterpret pc=0x0000021fed8c6760 method=java.util.HashMap.getNode(ILjava/lang/Object;)Ljava/util/HashMap$Node; @ 129 c2
Event: 1.412 Thread 0x0000021fdd602800 DEOPT PACKING pc=0x0000021fed8c6760 sp=0x000000c41c5fa590
Event: 1.412 Thread 0x0000021fdd602800 DEOPT UNPACKING pc=0x0000021fe5dea1af sp=0x000000c41c5fa490 mode 2
Event: 2.013 Thread 0x0000021fdd602800 Uncommon trap: trap_request=0xffffff4d fr.pc=0x0000021fed8bfbd4 relative=0x0000000000001a74
Event: 2.013 Thread 0x0000021fdd602800 Uncommon trap: reason=unstable_if action=reinterpret pc=0x0000021fed8bfbd4 method=java.io.WinNTFileSystem.normalize(Ljava/lang/String;)Ljava/lang/String; @ 128 c2
Event: 2.013 Thread 0x0000021fdd602800 DEOPT PACKING pc=0x0000021fed8bfbd4 sp=0x000000c41c5f9f70
Event: 2.013 Thread 0x0000021fdd602800 DEOPT UNPACKING pc=0x0000021fe5dea1af sp=0x000000c41c5f9f48 mode 2
Event: 2.829 Thread 0x0000021fdd602800 Uncommon trap: trap_request=0xffffff4d fr.pc=0x0000021fed899d10 relative=0x0000000000000550
Event: 2.829 Thread 0x0000021fdd602800 Uncommon trap: reason=unstable_if action=reinterpret pc=0x0000021fed899d10 method=java.lang.AbstractStringBuilder.append(Ljava/lang/String;)Ljava/lang/AbstractStringBuilder; @ 1 c2
Event: 2.829 Thread 0x0000021fdd602800 DEOPT PACKING pc=0x0000021fed899d10 sp=0x000000c41c5fc550
Event: 2.829 Thread 0x0000021fdd602800 DEOPT UNPACKING pc=0x0000021fe5dea1af sp=0x000000c41c5fc4d0 mode 2
Event: 2.829 Thread 0x0000021fdd602800 Uncommon trap: trap_request=0xffffff4d fr.pc=0x0000021fed8a9fe4 relative=0x0000000000000524
Event: 2.829 Thread 0x0000021fdd602800 Uncommon trap: reason=unstable_if action=reinterpret pc=0x0000021fed8a9fe4 method=java.lang.AbstractStringBuilder.append(Ljava/lang/String;)Ljava/lang/AbstractStringBuilder; @ 1 c2
Event: 2.829 Thread 0x0000021fdd602800 DEOPT PACKING pc=0x0000021fed8a9fe4 sp=0x000000c41c5fc4f0
Event: 2.829 Thread 0x0000021fdd602800 DEOPT UNPACKING pc=0x0000021fe5dea1af sp=0x000000c41c5fc4d8 mode 2

Classes redefined (0 events):
No events

Internal exceptions (13 events):
Event: 0.257 Thread 0x0000021fdd602800 Exception <a 'java/lang/NoSuchMethodError'{0x00000000ffc5b830}: 'int java.lang.invoke.DirectMethodHandle$Holder.invokeStaticInit(java.lang.Object, java.lang.Object)'> (0x00000000ffc5b830) thrown at [s\src\hotspot\share\interpreter\linkResolver.cpp, line 773]
Event: 0.313 Thread 0x0000021fdd602800 Exception <a 'java/lang/NoSuchMethodError'{0x00000000ffb2cc08}: 'int java.lang.invoke.DirectMethodHandle$Holder.invokeSpecial(java.lang.Object, java.lang.Object, java.lang.Object, java.lang.Object)'> (0x00000000ffb2cc08) thrown at [s\src\hotspot\share\interpreter\linkResolver.cpp, line 773]
Event: 0.319 Thread 0x0000021fdd602800 Exception <a 'java/lang/NoSuchMethodError'{0x00000000ffb644f8}: 'int java.lang.invoke.DirectMethodHandle$Holder.invokeSpecialIFC(java.lang.Object, java.lang.Object, int)'> (0x00000000ffb644f8) thrown at [s\src\hotspot\share\interpreter\linkResolver.cpp, line 773]
Event: 0.888 Thread 0x0000021fdd602800 Implicit null exception at 0x0000021fed8a5ff5 to 0x0000021fed8a61c4
Event: 0.962 Thread 0x0000021fdd602800 Exception <a 'java/lang/NoClassDefFoundError'{0x00000000ff636b80}: org/slf4j/impl/StaticMarkerBinder> (0x00000000ff636b80) thrown at [s\src\hotspot\share\classfile\systemDictionary.cpp, line 219]
Event: 1.001 Thread 0x0000021fdd602800 Exception <a 'java/lang/NoSuchMethodError'{0x00000000ff5351e0}: 'java.lang.Object java.lang.invoke.DirectMethodHandle$Holder.invokeVirtual(java.lang.Object, java.lang.Object, java.lang.Object, java.lang.Object, java.lang.Object, java.lang.Object, java.lang.Object)'> (0x00000000ff5351e0) thrown at [s\src\hotspot\share\interpreter\linkResolver.cpp, line 773]
Event: 1.008 Thread 0x0000021fdd602800 Exception <a 'java/lang/NoSuchMethodError'{0x00000000ff548c48}: 'java.lang.Object java.lang.invoke.Invokers$Holder.invoker(java.lang.Object, java.lang.Object, java.lang.Object)'> (0x00000000ff548c48) thrown at [s\src\hotspot\share\interpreter\linkResolver.cpp, line 773]
Event: 1.014 Thread 0x0000021fdd602800 Exception <a 'java/lang/NoSuchMethodError'{0x00000000ff559718}: 'void java.lang.invoke.DelegatingMethodHandle$Holder.delegate(java.lang.Object, java.lang.Object, int, java.lang.Object)'> (0x00000000ff559718) thrown at [s\src\hotspot\share\interpreter\linkResolver.cpp, line 773]
Event: 1.316 Thread 0x0000021fdd602800 Exception <a 'java/lang/NoSuchMethodError'{0x00000000fe83d840}: 'java.lang.Object java.lang.invoke.DirectMethodHandle$Holder.invokeStaticInit(java.lang.Object, java.lang.Object, java.lang.Object)'> (0x00000000fe83d840) thrown at [s\src\hotspot\share\interpreter\linkResolver.cpp, line 773]
Event: 1.438 Thread 0x0000021fdd602800 Exception <a 'java/lang/NoSuchMethodError'{0x00000000fe312248}: 'java.lang.Object java.lang.invoke.DirectMethodHandle$Holder.invokeStaticInit(java.lang.Object, int, int, int, int)'> (0x00000000fe312248) thrown at [s\src\hotspot\share\interpreter\linkResolver.cpp, line 773]
Event: 2.050 Thread 0x0000021fdd602800 Exception <a 'java/lang/NoSuchMethodError'{0x00000000fe3d4bf0}: 'java.lang.Object java.lang.invoke.DirectMethodHandle$Holder.invokeStaticInit(java.lang.Object, java.lang.Object, int, int, int, int)'> (0x00000000fe3d4bf0) thrown at [s\src\hotspot\share\interpreter\linkResolver.cpp, line 773]
Event: 2.829 Thread 0x0000021fdd602800 Implicit null exception at 0x0000021fed8997f4 to 0x0000021fed899cf8
Event: 2.829 Thread 0x0000021fdd602800 Implicit null exception at 0x0000021fed8a9af4 to 0x0000021fed8a9fcc

Events (20 events):
Event: 428.708 Executing VM operation: RevokeBias
Event: 428.708 Executing VM operation: RevokeBias done
Event: 428.708 Executing VM operation: RevokeBias
Event: 428.708 Executing VM operation: RevokeBias done
Event: 428.708 Executing VM operation: RevokeBias
Event: 428.708 Executing VM operation: RevokeBias done
Event: 428.709 Executing VM operation: RevokeBias
Event: 428.709 Executing VM operation: RevokeBias done
Event: 428.709 Executing VM operation: RevokeBias
Event: 428.709 Executing VM operation: RevokeBias done
Event: 428.709 Executing VM operation: RevokeBias
Event: 428.710 Executing VM operation: RevokeBias done
Event: 428.710 Executing VM operation: RevokeBias
Event: 428.710 Executing VM operation: RevokeBias done
Event: 428.710 Executing VM operation: RevokeBias
Event: 428.710 Executing VM operation: RevokeBias done
Event: 428.710 Executing VM operation: RevokeBias
Event: 428.710 Executing VM operation: RevokeBias done
Event: 428.711 Executing VM operation: RevokeBias
Event: 428.711 Executing VM operation: RevokeBias done


Dynamic libraries:
0x00007ff6688d0000 - 0x00007ff6688de000 	C:\Program Files\Eclipse Adoptium\jdk-11.0.27.6-hotspot\bin\java.exe
0x00007ff8b3430000 - 0x00007ff8b3628000 	C:\Windows\SYSTEM32\ntdll.dll
0x00007ff8b20c0000 - 0x00007ff8b2182000 	C:\Windows\System32\KERNEL32.DLL
0x00007ff8b0b80000 - 0x00007ff8b0e77000 	C:\Windows\System32\KERNELBASE.dll
0x00007ff8b0e80000 - 0x00007ff8b0f80000 	C:\Windows\System32\ucrtbase.dll
0x00007ff8a1af0000 - 0x00007ff8a1b0e000 	C:\Program Files\Eclipse Adoptium\jdk-11.0.27.6-hotspot\bin\VCRUNTIME140.dll
0x00007ff89f7c0000 - 0x00007ff89f7d7000 	C:\Program Files\Eclipse Adoptium\jdk-11.0.27.6-hotspot\bin\jli.dll
0x00007ff8b23f0000 - 0x00007ff8b258d000 	C:\Windows\System32\USER32.dll
0x00007ff8b0ac0000 - 0x00007ff8b0ae2000 	C:\Windows\System32\win32u.dll
0x00007ff8b23c0000 - 0x00007ff8b23eb000 	C:\Windows\System32\GDI32.dll
0x00007ff8a05d0000 - 0x00007ff8a086a000 	C:\Windows\WinSxS\amd64_microsoft.windows.common-controls_6595b64144ccf1df_6.0.19041.5915_none_60b4b9d171f9c7c7\COMCTL32.dll
0x00007ff8b0f80000 - 0x00007ff8b1099000 	C:\Windows\System32\gdi32full.dll
0x00007ff8b2320000 - 0x00007ff8b23be000 	C:\Windows\System32\msvcrt.dll
0x00007ff8b1120000 - 0x00007ff8b11bd000 	C:\Windows\System32\msvcp_win.dll
0x00007ff8b19b0000 - 0x00007ff8b19df000 	C:\Windows\System32\IMM32.DLL
0x0000000068500000 - 0x000000006850c000 	C:\Program Files (x86)\360\Total Security\safemon\SafeWrapper.dll
0x00007ff8b2f10000 - 0x00007ff8b2fc1000 	C:\Windows\System32\ADVAPI32.dll
0x00007ff8b30b0000 - 0x00007ff8b314f000 	C:\Windows\System32\sechost.dll
0x00007ff8b2670000 - 0x00007ff8b2796000 	C:\Windows\System32\RPCRT4.dll
0x00007ff8b10f0000 - 0x00007ff8b1117000 	C:\Windows\System32\bcrypt.dll
0x00007ff820840000 - 0x00007ff8208ec000 	C:\Program Files (x86)\360\Total Security\safemon\libzdtp64.dll
0x00007ff8b27a0000 - 0x00007ff8b2f0e000 	C:\Windows\System32\SHELL32.dll
0x00007ff8b1450000 - 0x00007ff8b14ab000 	C:\Windows\System32\SHLWAPI.dll
0x00007ff8b0570000 - 0x00007ff8b057a000 	C:\Windows\SYSTEM32\VERSION.dll
0x00007ff8a6d50000 - 0x00007ff8a6d5c000 	C:\Program Files\Eclipse Adoptium\jdk-11.0.27.6-hotspot\bin\vcruntime140_1.dll
0x00007ff889050000 - 0x00007ff8890dd000 	C:\Program Files\Eclipse Adoptium\jdk-11.0.27.6-hotspot\bin\msvcp140.dll
0x00007ff80ea40000 - 0x00007ff80f603000 	C:\Program Files\Eclipse Adoptium\jdk-11.0.27.6-hotspot\bin\server\jvm.dll
0x00007ff8b21a0000 - 0x00007ff8b220b000 	C:\Windows\System32\WS2_32.dll
0x00007ff8b19e0000 - 0x00007ff8b19e8000 	C:\Windows\System32\PSAPI.DLL
0x00007ff8a20b0000 - 0x00007ff8a20d7000 	C:\Windows\SYSTEM32\WINMM.dll
0x00007ff8af230000 - 0x00007ff8af242000 	C:\Windows\SYSTEM32\kernel.appcore.dll
0x00007ff8a1ae0000 - 0x00007ff8a1af0000 	C:\Program Files\Eclipse Adoptium\jdk-11.0.27.6-hotspot\bin\verify.dll
0x00007ff8af000000 - 0x00007ff8af201000 	C:\Windows\SYSTEM32\DBGHELP.DLL
0x00007ff8a29d0000 - 0x00007ff8a2a04000 	C:\Windows\SYSTEM32\dbgcore.DLL
0x00007ff8b0af0000 - 0x00007ff8b0b72000 	C:\Windows\System32\bcryptPrimitives.dll
0x00007ff889ee0000 - 0x00007ff889f08000 	C:\Program Files\Eclipse Adoptium\jdk-11.0.27.6-hotspot\bin\java.dll
0x00007ff89c9f0000 - 0x00007ff89c9fa000 	C:\Program Files\Eclipse Adoptium\jdk-11.0.27.6-hotspot\bin\jimage.dll
0x00007ff889ec0000 - 0x00007ff889ed8000 	C:\Program Files\Eclipse Adoptium\jdk-11.0.27.6-hotspot\bin\zip.dll
0x00007ff8ae710000 - 0x00007ff8aeeb4000 	C:\Windows\SYSTEM32\windows.storage.dll
0x00007ff8b1a50000 - 0x00007ff8b1da3000 	C:\Windows\System32\combase.dll
0x00007ff8b03b0000 - 0x00007ff8b03db000 	C:\Windows\SYSTEM32\Wldp.dll
0x00007ff8b3150000 - 0x00007ff8b321d000 	C:\Windows\System32\OLEAUT32.dll
0x00007ff8b2010000 - 0x00007ff8b20bd000 	C:\Windows\System32\SHCORE.dll
0x00007ff8b09f0000 - 0x00007ff8b0a14000 	C:\Windows\SYSTEM32\profapi.dll
0x00007ff889e50000 - 0x00007ff889e69000 	C:\Program Files\Eclipse Adoptium\jdk-11.0.27.6-hotspot\bin\net.dll
0x00007ff8a2d50000 - 0x00007ff8a2e5a000 	C:\Windows\SYSTEM32\WINHTTP.dll
0x00007ff8b0110000 - 0x00007ff8b017a000 	C:\Windows\system32\mswsock.dll
0x00007ff889e30000 - 0x00007ff889e43000 	C:\Program Files\Eclipse Adoptium\jdk-11.0.27.6-hotspot\bin\nio.dll
0x00007ff8ab440000 - 0x00007ff8ab467000 	C:\Users\nat\.gradle\native\68d5fa5c4cc2d200863cafc0d521ce42e7d3e7ee720ec0a83991735586a16f82\windows-amd64\native-platform.dll
0x00007ff8a18d0000 - 0x00007ff8a18da000 	C:\Users\nat\.gradle\native\jansi\1.18\windows64\jansi.dll
0x00007ff89c9e0000 - 0x00007ff89c9ea000 	C:\Program Files\Eclipse Adoptium\jdk-11.0.27.6-hotspot\bin\management.dll
0x00007ff88bc70000 - 0x00007ff88bc7b000 	C:\Program Files\Eclipse Adoptium\jdk-11.0.27.6-hotspot\bin\management_ext.dll
0x00007ff8b0310000 - 0x00007ff8b0328000 	C:\Windows\SYSTEM32\CRYPTSP.dll
0x00007ff8af9f0000 - 0x00007ff8afa28000 	C:\Windows\system32\rsaenh.dll
0x00007ff8b0970000 - 0x00007ff8b099e000 	C:\Windows\SYSTEM32\USERENV.dll
0x00007ff8b0300000 - 0x00007ff8b030c000 	C:\Windows\SYSTEM32\CRYPTBASE.dll
0x00007ff8afdd0000 - 0x00007ff8afe0b000 	C:\Windows\SYSTEM32\IPHLPAPI.DLL
0x00007ff8b1ed0000 - 0x00007ff8b1ed8000 	C:\Windows\System32\NSI.dll
0x00007ff8a6d30000 - 0x00007ff8a6d47000 	C:\Windows\SYSTEM32\dhcpcsvc6.DLL
0x00007ff8a7760000 - 0x00007ff8a777d000 	C:\Windows\SYSTEM32\dhcpcsvc.DLL
0x00007ff8afe10000 - 0x00007ff8afeda000 	C:\Windows\SYSTEM32\DNSAPI.dll

dbghelp: loaded successfully - version: 4.0.5 - missing functions: none
symbol engine: initialized successfully - sym options: 0x614 - pdb path: .;C:\Program Files\Eclipse Adoptium\jdk-11.0.27.6-hotspot\bin;C:\Windows\SYSTEM32;C:\Windows\WinSxS\amd64_microsoft.windows.common-controls_6595b64144ccf1df_6.0.19041.5915_none_60b4b9d171f9c7c7;C:\Program Files (x86)\360\Total Security\safemon;C:\Program Files\Eclipse Adoptium\jdk-11.0.27.6-hotspot\bin\server;C:\Users\nat\.gradle\native\68d5fa5c4cc2d200863cafc0d521ce42e7d3e7ee720ec0a83991735586a16f82\windows-amd64;C:\Users\nat\.gradle\native\jansi\1.18\windows64

VM Arguments:
jvm_args: -Xmx64m -Xms64m -Dorg.gradle.appname=gradlew 
java_command: org.gradle.wrapper.GradleWrapperMain allureserve
java_class_path (initial): C:\Users\nat\.gradle\course_project\\gradle\wrapper\gradle-wrapper.jar
Launcher Type: SUN_STANDARD

[Global flags]
     intx CICompilerCount                          = 3                                         {product} {ergonomic}
     uint ConcGCThreads                            = 1                                         {product} {ergonomic}
     uint G1ConcRefinementThreads                  = 4                                         {product} {ergonomic}
   size_t G1HeapRegionSize                         = 1048576                                   {product} {ergonomic}
    uintx GCDrainStackTargetSize                   = 64                                        {product} {ergonomic}
   size_t InitialHeapSize                          = 67108864                                  {product} {command line}
   size_t MarkStackSize                            = 4194304                                   {product} {ergonomic}
   size_t MaxHeapSize                              = 67108864                                  {product} {command line}
   size_t MaxNewSize                               = 39845888                                  {product} {ergonomic}
   size_t MinHeapDeltaBytes                        = 1048576                                   {product} {ergonomic}
    uintx NonNMethodCodeHeapSize                   = 5830732                                {pd product} {ergonomic}
    uintx NonProfiledCodeHeapSize                  = 122913754                              {pd product} {ergonomic}
    uintx ProfiledCodeHeapSize                     = 122913754                              {pd product} {ergonomic}
    uintx ReservedCodeCacheSize                    = 251658240                              {pd product} {ergonomic}
     bool SegmentedCodeCache                       = true                                      {product} {ergonomic}
     bool UseCompressedClassPointers               = true                                 {lp64_product} {ergonomic}
     bool UseCompressedOops                        = true                                 {lp64_product} {ergonomic}
     bool UseG1GC                                  = true                                      {product} {ergonomic}
     bool UseLargePagesIndividualAllocation        = false                                  {pd product} {ergonomic}

Logging:
Log output configuration:
 #0: stdout all=warning uptime,level,tags
 #1: stderr all=off uptime,level,tags

Environment Variables:
JAVA_HOME=C:\Program Files\Eclipse Adoptium\jdk-11.0.27.6-hotspot\
CLASSPATH=C:\Users\nat\.gradle\course_project\\gradle\wrapper\gradle-wrapper.jar
PATH=C:\Program Files\Eclipse Adoptium\jdk-11.0.27.6-hotspot\bin;C:\Program Files (x86)\Intel\Intel(R) Management Engine Components\iCLS\;C:\Program Files\Intel\Intel(R) Management Engine Components\iCLS\;C:\Windows\system32;C:\Windows;C:\Windows\System32\Wbem;C:\Windows\System32\WindowsPowerShell\v1.0\;C:\Windows\System32\OpenSSH\;c:\Program Files (x86)\Intel\Intel(R) Management Engine Components\DAL;c:\Program Files\Intel\Intel(R) Management Engine Components\DAL;c:\Program Files (x86)\Intel\Intel(R) Management Engine Components\IPT;c:\Program Files\Intel\Intel(R) Management Engine Components\IPT;C:\Program Files (x86)\dotnet\;C:\Program Files\Git\cmd;C:\Program Files\Docker\Docker\resources\bin;C:\Users\nat\AppData\Local\Microsoft\WindowsApps;C:\Users\nat\AppData\Local\Programs\Microsoft VS Code\bin;C:\Users\nat\chrome-win64;C:\Users\nat\chrome-win64\chromedriver.exe;
USERNAME=nat
OS=Windows_NT
PROCESSOR_IDENTIFIER=Intel64 Family 6 Model 142 Stepping 9, GenuineIntel
TMP=C:\Users\nat\AppData\Local\Temp
TEMP=C:\Users\nat\AppData\Local\Temp



---------------  S Y S T E M  ---------------

OS: Windows 10 , 64 bit Build 19041 (10.0.19041.5915)
OS uptime: 5 days 1:39 hours
Hyper-V role detected

CPU:total 4 (initial active 4) (2 cores per cpu, 2 threads per core) family 6 model 142 stepping 9 microcode 0xb4, cmov, cx8, fxsr, mmx, sse, sse2, sse3, ssse3, sse4.1, sse4.2, popcnt, avx, avx2, aes, clmul, erms, 3dnowpref, lzcnt, ht, tsc, tscinvbit, bmi1, bmi2, adx, fma

Memory: 4k page, system-wide physical 8092M (274M free)
TotalPageFile size 32668M (AvailPageFile size 9M)
current process WorkingSet (physical memory assigned to process): 44M, peak: 97M
current process commit charge ("private bytes"): 158M, peak: 159M

vm_info: OpenJDK 64-Bit Server VM (11.0.27+6) for windows-amd64 JRE (11.0.27+6), built on Apr 16 2025 02:24:08 by "" with MS VC++ 17.7 (VS2022)

END.
