#
# There is insufficient memory for the Java Runtime Environment to continue.
# Native memory allocation (malloc) failed to allocate 177216 bytes for Chunk::new
# Possible reasons:
#   The system is out of physical RAM or swap space
#   The process is running with CompressedOops enabled, and the Java Heap may be blocking the growth of the native heap
# Possible solutions:
#   Reduce memory load on the system
#   Increase physical memory or swap space
#   Check if swap backing store is full
#   Decrease Java heap size (-Xmx/-Xms)
#   Decrease number of Java threads
#   Decrease Java thread stack sizes (-Xss)
#   Set larger code cache with -XX:ReservedCodeCacheSize=
#   JVM is running with Unscaled Compressed Oops mode in which the Java heap is
#     placed in the first 4GB address space. The Java Heap base address is the
#     maximum limit for the native heap growth. Please use -XX:HeapBaseMinAddress
#     to set the Java Heap base and to place the Java Heap above 4GB virtual address.
# This output file may be truncated or incomplete.
#
#  Out of Memory Error (arena.cpp:197), pid=28644, tid=23656
#
# JRE version: OpenJDK Runtime Environment Temurin-11.0.27+6 (11.0.27+6) (build 11.0.27+6)
# Java VM: OpenJDK 64-Bit Server VM Temurin-11.0.27+6 (11.0.27+6, mixed mode, tiered, compressed oops, g1 gc, windows-amd64)
# No core dump will be written. Minidumps are not enabled by default on client versions of Windows
#

---------------  S U M M A R Y ------------

Command Line: --add-opens=java.base/java.util=ALL-UNNAMED --add-opens=java.base/java.lang=ALL-UNNAMED --add-opens=java.base/java.lang.invoke=ALL-UNNAMED --add-opens=java.prefs/java.util.prefs=ALL-UNNAMED --add-opens=java.base/java.nio.charset=ALL-UNNAMED --add-opens=java.base/java.net=ALL-UNNAMED --add-opens=java.base/java.util.concurrent.atomic=ALL-UNNAMED -XX:MaxMetaspaceSize=256m -XX:+HeapDumpOnOutOfMemoryError -Xms256m -Xmx512m -Dfile.encoding=windows-1251 -Duser.country=RU -Duser.language=ru -Duser.variant org.gradle.launcher.daemon.bootstrap.GradleDaemon 7.6

Host: Intel(R) Core(TM) i5-7200U CPU @ 2.50GHz, 4 cores, 7G,  Windows 10 , 64 bit Build 19041 (10.0.19041.5915)
Time: Sun Aug 24 00:31:52 2025 RTZ 2 (s 10 , 64 bit Build 19041 (10.0.19041.5915) elapsed time: 36.791166 seconds (0d 0h 0m 36s)

---------------  T H R E A D  ---------------

Current thread (0x000001d464d4f800):  JavaThread "C2 CompilerThread0" daemon [_thread_in_native, id=23656, stack(0x00000047a8800000,0x00000047a8900000)]


Current CompileTask:
C2:  36791 9010       4       org.gradle.internal.logging.text.AbstractLineChoppingStyledTextOutput::doAppend (43 bytes)

Stack: [0x00000047a8800000,0x00000047a8900000]
Native frames: (J=compiled Java code, j=interpreted, Vv=VM code, C=native code)
V  [jvm.dll+0x6448da]
V  [jvm.dll+0x7d7119]
V  [jvm.dll+0x7d87f9]
V  [jvm.dll+0x7d8ef3]
V  [jvm.dll+0x269105]
V  [jvm.dll+0xc275c]
V  [jvm.dll+0xc2d6c]
V  [jvm.dll+0x2dafa2]
V  [jvm.dll+0x550118]
V  [jvm.dll+0x220a7b]
V  [jvm.dll+0x222c18]
V  [jvm.dll+0x2201a8]
V  [jvm.dll+0x19e021]
V  [jvm.dll+0x2302b4]
V  [jvm.dll+0x22e6ac]
V  [jvm.dll+0x798371]
V  [jvm.dll+0x790ed4]
V  [jvm.dll+0x6436a5]
C  [ucrtbase.dll+0x21bb2]
C  [KERNEL32.DLL+0x17374]
C  [ntdll.dll+0x4cc91]


---------------  P R O C E S S  ---------------

Threads class SMR info:
_java_thread_list=0x000001d46601b580, length=99, elements={
0x000001d449515800, 0x000001d4644bc000, 0x000001d464cfb800, 0x000001d464d48800,
0x000001d464d4a800, 0x000001d464d4c000, 0x000001d464d4f800, 0x000001d4644ed000,
0x000001d464d5b000, 0x000001d464ed0800, 0x000001d4673ef800, 0x000001d46690c000,
0x000001d465cfb000, 0x000001d46698e000, 0x000001d466629800, 0x000001d46662a000,
0x000001d466979000, 0x000001d46625c000, 0x000001d4667d7800, 0x000001d466fc3000,
0x000001d466fbf000, 0x000001d466fbd800, 0x000001d466fc1000, 0x000001d466fc0000,
0x000001d466fbe800, 0x000001d466fc1800, 0x000001d466fc2800, 0x000001d466fc4000,
0x000001d467799800, 0x000001d467798800, 0x000001d46779a000, 0x000001d46779b800,
0x000001d46779c800, 0x000001d46779d800, 0x000001d467797800, 0x000001d4677a4000,
0x000001d4677a1800, 0x000001d4677a2000, 0x000001d46779e000, 0x000001d4677a3000,
0x000001d4677a4800, 0x000001d46779f000, 0x000001d4677a0000, 0x000001d4677a6800,
0x000001d469538000, 0x000001d469539000, 0x000001d469534800, 0x000001d469535800,
0x000001d469533000, 0x000001d469536800, 0x000001d469539800, 0x000001d469537000,
0x000001d469534000, 0x000001d46953d800, 0x000001d46953f800, 0x000001d469540000,
0x000001d46953e800, 0x000001d46953c000, 0x000001d46953a800, 0x000001d469541000,
0x000001d46953b000, 0x000001d46953d000, 0x000001d469542000, 0x000001d4671aa000,
0x000001d4671ab000, 0x000001d4671ab800, 0x000001d4671ae000, 0x000001d4671ac800,
0x000001d4671ad000, 0x000001d4671a8800, 0x000001d4671af000, 0x000001d4671a9000,
0x000001d4671b3000, 0x000001d4671b4800, 0x000001d4671b1800, 0x000001d4671b5800,
0x000001d4671b3800, 0x000001d4671af800, 0x000001d4671b6000, 0x000001d4671b2000,
0x000001d4671b0800, 0x000001d4671b7000, 0x000001d469465800, 0x000001d469463000,
0x000001d469466800, 0x000001d469464000, 0x000001d469467000, 0x000001d46946a800,
0x000001d469468000, 0x000001d469469000, 0x000001d469469800, 0x000001d469465000,
0x000001d46946e800, 0x000001d469471000, 0x000001d46946e000, 0x000001d46946d000,
0x000001d46946f800, 0x000001d469470000, 0x000001d46946b800
}

Java Threads: ( => current thread )
  0x000001d449515800 JavaThread "main" [_thread_blocked, id=26896, stack(0x00000047a7c00000,0x00000047a7d00000)]
  0x000001d4644bc000 JavaThread "Reference Handler" daemon [_thread_blocked, id=22552, stack(0x00000047a8300000,0x00000047a8400000)]
  0x000001d464cfb800 JavaThread "Finalizer" daemon [_thread_blocked, id=1396, stack(0x00000047a8400000,0x00000047a8500000)]
  0x000001d464d48800 JavaThread "Signal Dispatcher" daemon [_thread_blocked, id=25248, stack(0x00000047a8500000,0x00000047a8600000)]
  0x000001d464d4a800 JavaThread "Attach Listener" daemon [_thread_blocked, id=26844, stack(0x00000047a8600000,0x00000047a8700000)]
  0x000001d464d4c000 JavaThread "Service Thread" daemon [_thread_blocked, id=4104, stack(0x00000047a8700000,0x00000047a8800000)]
=>0x000001d464d4f800 JavaThread "C2 CompilerThread0" daemon [_thread_in_native, id=23656, stack(0x00000047a8800000,0x00000047a8900000)]
  0x000001d4644ed000 JavaThread "C1 CompilerThread0" daemon [_thread_blocked, id=17948, stack(0x00000047a8900000,0x00000047a8a00000)]
  0x000001d464d5b000 JavaThread "Sweeper thread" daemon [_thread_blocked, id=23156, stack(0x00000047a8a00000,0x00000047a8b00000)]
  0x000001d464ed0800 JavaThread "Common-Cleaner" daemon [_thread_blocked, id=25732, stack(0x00000047a8b00000,0x00000047a8c00000)]
  0x000001d4673ef800 JavaThread "Daemon health stats" [_thread_blocked, id=19008, stack(0x00000047a9000000,0x00000047a9100000)]
  0x000001d46690c000 JavaThread "Incoming local TCP Connector on port 50187" [_thread_in_native, id=3940, stack(0x00000047a9100000,0x00000047a9200000)]
  0x000001d465cfb000 JavaThread "Daemon periodic checks" [_thread_blocked, id=20188, stack(0x00000047a9200000,0x00000047a9300000)]
  0x000001d46698e000 JavaThread "Daemon" [_thread_blocked, id=25388, stack(0x00000047a9300000,0x00000047a9400000)]
  0x000001d466629800 JavaThread "Handler for socket connection from /127.0.0.1:50187 to /127.0.0.1:50188" [_thread_in_native, id=26212, stack(0x00000047a9400000,0x00000047a9500000)]
  0x000001d46662a000 JavaThread "Cancel handler" [_thread_blocked, id=26852, stack(0x00000047a9500000,0x00000047a9600000)]
  0x000001d466979000 JavaThread "Daemon worker" [_thread_blocked, id=17696, stack(0x00000047a9600000,0x00000047a9700000)]
  0x000001d46625c000 JavaThread "Asynchronous log dispatcher for DefaultDaemonConnection: socket connection from /127.0.0.1:50187 to /127.0.0.1:50188" [_thread_blocked, id=22708, stack(0x00000047a9700000,0x00000047a9800000)]
  0x000001d4667d7800 JavaThread "Stdin handler" [_thread_blocked, id=26940, stack(0x00000047a9800000,0x00000047a9900000)]
  0x000001d466fc3000 JavaThread "Daemon client event forwarder" [_thread_blocked, id=28372, stack(0x00000047a9900000,0x00000047a9a00000)]
  0x000001d466fbf000 JavaThread "Cache worker for journal cache (C:\Users\nat\.gradle\caches\journal-1)" [_thread_blocked, id=20128, stack(0x00000047a9a00000,0x00000047a9b00000)]
  0x000001d466fbd800 JavaThread "File lock request listener" [_thread_in_native, id=27960, stack(0x00000047a9b00000,0x00000047a9c00000)]
  0x000001d466fc1000 JavaThread "Cache worker for file hash cache (C:\Users\nat\.gradle\caches\7.6\fileHashes)" [_thread_blocked, id=17648, stack(0x00000047a9c00000,0x00000047a9d00000)]
  0x000001d466fc0000 JavaThread "File watcher server" daemon [_thread_in_native, id=27908, stack(0x00000047a9d00000,0x00000047a9e00000)]
  0x000001d466fbe800 JavaThread "File watcher consumer" daemon [_thread_blocked, id=7364, stack(0x00000047a9e00000,0x00000047a9f00000)]
  0x000001d466fc1800 JavaThread "Cache worker for checksums cache (C:\Users\nat\.gradle\course_project\.gradle\7.6\checksums)" [_thread_blocked, id=26016, stack(0x00000047a9f00000,0x00000047aa000000)]
  0x000001d466fc2800 JavaThread "Cache worker for cache directory md-rule (C:\Users\nat\.gradle\caches\7.6\md-rule)" [_thread_blocked, id=28492, stack(0x00000047aa000000,0x00000047aa100000)]
  0x000001d466fc4000 JavaThread "Cache worker for file content cache (C:\Users\nat\.gradle\caches\7.6\fileContent)" [_thread_blocked, id=25964, stack(0x00000047aa100000,0x00000047aa200000)]
  0x000001d467799800 JavaThread "Cache worker for file hash cache (C:\Users\nat\.gradle\course_project\.gradle\7.6\fileHashes)" [_thread_blocked, id=25992, stack(0x00000047aa200000,0x00000047aa300000)]
  0x000001d467798800 JavaThread "Cache worker for cache directory md-supplier (C:\Users\nat\.gradle\caches\7.6\md-supplier)" [_thread_blocked, id=25568, stack(0x00000047aa300000,0x00000047aa400000)]
  0x000001d46779a000 JavaThread "Cache worker for execution history cache (C:\Users\nat\.gradle\caches\7.6\executionHistory)" [_thread_blocked, id=8912, stack(0x00000047aa400000,0x00000047aa500000)]
  0x000001d46779b800 JavaThread "jar transforms" [_thread_blocked, id=25216, stack(0x00000047aa500000,0x00000047aa600000)]
  0x000001d46779c800 JavaThread "jar transforms Thread 2" [_thread_blocked, id=21896, stack(0x00000047aa600000,0x00000047aa700000)]
  0x000001d46779d800 JavaThread "Cache worker for dependencies-accessors (C:\Users\nat\.gradle\course_project\.gradle\7.6\dependencies-accessors)" [_thread_blocked, id=5156, stack(0x00000047aa700000,0x00000047aa800000)]
  0x000001d467797800 JavaThread "jar transforms Thread 3" [_thread_blocked, id=25484, stack(0x00000047aa800000,0x00000047aa900000)]
  0x000001d4677a4000 JavaThread "Cache worker for Build Output Cleanup Cache (C:\Users\nat\.gradle\course_project\.gradle\buildOutputCleanup)" [_thread_blocked, id=24796, stack(0x00000047aa900000,0x00000047aaa00000)]
  0x000001d4677a1800 JavaThread "Unconstrained build operations" [_thread_blocked, id=26520, stack(0x00000047aaa00000,0x00000047aab00000)]
  0x000001d4677a2000 JavaThread "Unconstrained build operations Thread 2" [_thread_blocked, id=4580, stack(0x00000047aab00000,0x00000047aac00000)]
  0x000001d46779e000 JavaThread "Unconstrained build operations Thread 3" [_thread_blocked, id=22540, stack(0x00000047aac00000,0x00000047aad00000)]
  0x000001d4677a3000 JavaThread "Unconstrained build operations Thread 4" [_thread_blocked, id=3604, stack(0x00000047aad00000,0x00000047aae00000)]
  0x000001d4677a4800 JavaThread "jar transforms Thread 4" [_thread_blocked, id=20676, stack(0x00000047aae00000,0x00000047aaf00000)]
  0x000001d46779f000 JavaThread "Memory manager" [_thread_blocked, id=9508, stack(0x00000047aaf00000,0x00000047ab000000)]
  0x000001d4677a0000 JavaThread "included builds" [_thread_blocked, id=4620, stack(0x00000047ab000000,0x00000047ab100000)]
  0x000001d4677a6800 JavaThread "Execution worker" [_thread_blocked, id=26112, stack(0x00000047ab100000,0x00000047ab200000)]
  0x000001d469538000 JavaThread "Execution worker Thread 2" [_thread_blocked, id=14400, stack(0x00000047ab200000,0x00000047ab300000)]
  0x000001d469539000 JavaThread "Execution worker Thread 3" [_thread_blocked, id=1104, stack(0x00000047ab300000,0x00000047ab400000)]
  0x000001d469534800 JavaThread "Cache worker for execution history cache (C:\Users\nat\.gradle\course_project\.gradle\7.6\executionHistory)" [_thread_blocked, id=16228, stack(0x00000047ab400000,0x00000047ab500000)]
  0x000001d469535800 JavaThread "Cache worker for Java compile cache (C:\Users\nat\.gradle\caches\7.6\javaCompile)" [_thread_blocked, id=27000, stack(0x00000047ab500000,0x00000047ab600000)]
  0x000001d469533000 JavaThread "Unconstrained build operations Thread 5" [_thread_blocked, id=25488, stack(0x00000047ab600000,0x00000047ab700000)]
  0x000001d469536800 JavaThread "Unconstrained build operations Thread 6" [_thread_blocked, id=3232, stack(0x00000047ab700000,0x00000047ab800000)]
  0x000001d469539800 JavaThread "Unconstrained build operations Thread 7" [_thread_blocked, id=28096, stack(0x00000047ab800000,0x00000047ab900000)]
  0x000001d469537000 JavaThread "Unconstrained build operations Thread 8" [_thread_blocked, id=26076, stack(0x00000047ab900000,0x00000047aba00000)]
  0x000001d469534000 JavaThread "Unconstrained build operations Thread 9" [_thread_blocked, id=24964, stack(0x00000047aba00000,0x00000047abb00000)]
  0x000001d46953d800 JavaThread "Unconstrained build operations Thread 10" [_thread_blocked, id=23016, stack(0x00000047abb00000,0x00000047abc00000)]
  0x000001d46953f800 JavaThread "Unconstrained build operations Thread 11" [_thread_blocked, id=20460, stack(0x00000047abc00000,0x00000047abd00000)]
  0x000001d469540000 JavaThread "Unconstrained build operations Thread 12" [_thread_blocked, id=23872, stack(0x00000047abd00000,0x00000047abe00000)]
  0x000001d46953e800 JavaThread "Unconstrained build operations Thread 13" [_thread_blocked, id=17368, stack(0x00000047abe00000,0x00000047abf00000)]
  0x000001d46953c000 JavaThread "Unconstrained build operations Thread 14" [_thread_blocked, id=25860, stack(0x00000047abf00000,0x00000047ac000000)]
  0x000001d46953a800 JavaThread "Unconstrained build operations Thread 15" [_thread_blocked, id=7900, stack(0x00000047ac000000,0x00000047ac100000)]
  0x000001d469541000 JavaThread "Unconstrained build operations Thread 16" [_thread_blocked, id=14964, stack(0x00000047ac100000,0x00000047ac200000)]
  0x000001d46953b000 JavaThread "Unconstrained build operations Thread 17" [_thread_blocked, id=24220, stack(0x00000047ac200000,0x00000047ac300000)]
  0x000001d46953d000 JavaThread "Unconstrained build operations Thread 18" [_thread_blocked, id=26912, stack(0x00000047ac300000,0x00000047ac400000)]
  0x000001d469542000 JavaThread "Unconstrained build operations Thread 19" [_thread_blocked, id=24676, stack(0x00000047ac400000,0x00000047ac500000)]
  0x000001d4671aa000 JavaThread "Unconstrained build operations Thread 20" [_thread_blocked, id=3980, stack(0x00000047ac500000,0x00000047ac600000)]
  0x000001d4671ab000 JavaThread "Unconstrained build operations Thread 21" [_thread_blocked, id=26580, stack(0x00000047ac600000,0x00000047ac700000)]
  0x000001d4671ab800 JavaThread "Unconstrained build operations Thread 22" [_thread_blocked, id=27336, stack(0x00000047ac700000,0x00000047ac800000)]
  0x000001d4671ae000 JavaThread "Unconstrained build operations Thread 23" [_thread_blocked, id=26068, stack(0x00000047ac800000,0x00000047ac900000)]
  0x000001d4671ac800 JavaThread "Unconstrained build operations Thread 24" [_thread_blocked, id=25704, stack(0x00000047ac900000,0x00000047aca00000)]
  0x000001d4671ad000 JavaThread "Unconstrained build operations Thread 25" [_thread_blocked, id=23440, stack(0x00000047aca00000,0x00000047acb00000)]
  0x000001d4671a8800 JavaThread "Unconstrained build operations Thread 26" [_thread_blocked, id=25164, stack(0x00000047acb00000,0x00000047acc00000)]
  0x000001d4671af000 JavaThread "Unconstrained build operations Thread 27" [_thread_blocked, id=9192, stack(0x00000047acc00000,0x00000047acd00000)]
  0x000001d4671a9000 JavaThread "Unconstrained build operations Thread 28" [_thread_blocked, id=24264, stack(0x00000047acd00000,0x00000047ace00000)]
  0x000001d4671b3000 JavaThread "Unconstrained build operations Thread 29" [_thread_blocked, id=26644, stack(0x00000047ace00000,0x00000047acf00000)]
  0x000001d4671b4800 JavaThread "Unconstrained build operations Thread 30" [_thread_blocked, id=8572, stack(0x00000047acf00000,0x00000047ad000000)]
  0x000001d4671b1800 JavaThread "Unconstrained build operations Thread 31" [_thread_blocked, id=6748, stack(0x00000047ad000000,0x00000047ad100000)]
  0x000001d4671b5800 JavaThread "Unconstrained build operations Thread 32" [_thread_blocked, id=9124, stack(0x00000047ad100000,0x00000047ad200000)]
  0x000001d4671b3800 JavaThread "Unconstrained build operations Thread 33" [_thread_blocked, id=7148, stack(0x00000047ad200000,0x00000047ad300000)]
  0x000001d4671af800 JavaThread "Unconstrained build operations Thread 34" [_thread_blocked, id=15096, stack(0x00000047ad300000,0x00000047ad400000)]
  0x000001d4671b6000 JavaThread "Unconstrained build operations Thread 35" [_thread_blocked, id=24884, stack(0x00000047ad400000,0x00000047ad500000)]
  0x000001d4671b2000 JavaThread "Unconstrained build operations Thread 36" [_thread_blocked, id=6924, stack(0x00000047ad500000,0x00000047ad600000)]
  0x000001d4671b0800 JavaThread "Unconstrained build operations Thread 37" [_thread_blocked, id=10456, stack(0x00000047ad600000,0x00000047ad700000)]
  0x000001d4671b7000 JavaThread "Unconstrained build operations Thread 38" [_thread_blocked, id=6512, stack(0x00000047ad700000,0x00000047ad800000)]
  0x000001d469465800 JavaThread "Unconstrained build operations Thread 39" [_thread_blocked, id=27392, stack(0x00000047ad800000,0x00000047ad900000)]
  0x000001d469463000 JavaThread "Unconstrained build operations Thread 40" [_thread_blocked, id=22900, stack(0x00000047ad900000,0x00000047ada00000)]
  0x000001d469466800 JavaThread "Build operations" [_thread_blocked, id=22620, stack(0x00000047adb00000,0x00000047adc00000)]
  0x000001d469464000 JavaThread "Build operations Thread 2" [_thread_blocked, id=28152, stack(0x00000047adc00000,0x00000047add00000)]
  0x000001d469467000 JavaThread "Build operations Thread 3" [_thread_blocked, id=26904, stack(0x00000047add00000,0x00000047ade00000)]
  0x000001d46946a800 JavaThread "Build operations Thread 4" [_thread_blocked, id=24772, stack(0x00000047ade00000,0x00000047adf00000)]
  0x000001d469468000 JavaThread "Dispatch org.gradle.api.internal.tasks.testing.results.AttachParentTestResultProcessor@25f51fb2" [_thread_blocked, id=25356, stack(0x00000047adf00000,0x00000047ae000000)]
  0x000001d469469000 JavaThread "Dispatch org.gradle.api.internal.tasks.testing.processors.RestartEveryNTestClassProcessor@465bfdfc" [_thread_blocked, id=21720, stack(0x00000047ae000000,0x00000047ae100000)]
  0x000001d469469800 JavaThread "Incoming local TCP Connector on port 50209" [_thread_blocked, id=22668, stack(0x00000047ae100000,0x00000047ae200000)]
  0x000001d469465000 JavaThread "Exec process" [_thread_in_native, id=22364, stack(0x00000047ae200000,0x00000047ae300000)]
  0x000001d46946e800 JavaThread "Exec process Thread 2" [_thread_blocked, id=17944, stack(0x00000047ae400000,0x00000047ae500000)]
  0x000001d469471000 JavaThread "Exec process Thread 3" [_thread_in_native, id=4028, stack(0x00000047ae500000,0x00000047ae600000)]
  0x000001d46946e000 JavaThread "Exec process Thread 4" [_thread_in_native, id=22604, stack(0x00000047ae600000,0x00000047ae700000)]
  0x000001d46946d000 JavaThread "/127.0.0.1:50209 to /127.0.0.1:50213 workers" [_thread_blocked, id=16084, stack(0x00000047ae300000,0x00000047ae400000)]
  0x000001d46946f800 JavaThread "/127.0.0.1:50209 to /127.0.0.1:50213 workers Thread 2" [_thread_blocked, id=19084, stack(0x00000047ae700000,0x00000047ae800000)]
  0x000001d469470000 JavaThread "/127.0.0.1:50209 to /127.0.0.1:50213 workers Thread 3" [_thread_blocked, id=20260, stack(0x00000047ae800000,0x00000047ae900000)]
  0x000001d46946b800 JavaThread "/127.0.0.1:50209 to /127.0.0.1:50213 workers Thread 4" [_thread_in_native, id=22704, stack(0x00000047ae900000,0x00000047aea00000)]

Other Threads:
  0x000001d4644ba000 VMThread "VM Thread" [stack: 0x00000047a8200000,0x00000047a8300000] [id=25828]
  0x000001d464edc000 WatcherThread [stack: 0x00000047a8c00000,0x00000047a8d00000] [id=13872]
  0x000001d44952e000 GCTaskThread "GC Thread#0" [stack: 0x00000047a7d00000,0x00000047a7e00000] [id=24556]
  0x000001d4653fe800 GCTaskThread "GC Thread#1" [stack: 0x00000047a8d00000,0x00000047a8e00000] [id=21336]
  0x000001d465a37800 GCTaskThread "GC Thread#2" [stack: 0x00000047a8e00000,0x00000047a8f00000] [id=23892]
  0x000001d465427800 GCTaskThread "GC Thread#3" [stack: 0x00000047a8f00000,0x00000047a9000000] [id=28632]
  0x000001d44953f800 ConcurrentGCThread "G1 Main Marker" [stack: 0x00000047a7e00000,0x00000047a7f00000] [id=24756]
  0x000001d449542000 ConcurrentGCThread "G1 Conc#0" [stack: 0x00000047a7f00000,0x00000047a8000000] [id=25136]
  0x000001d464354800 ConcurrentGCThread "G1 Refine#0" [stack: 0x00000047a8000000,0x00000047a8100000] [id=25048]
  0x000001d46b42a800 ConcurrentGCThread "G1 Refine#1" [stack: 0x00000047ada00000,0x00000047adb00000] [id=6936]
  0x000001d464355000 ConcurrentGCThread "G1 Young RemSet Sampling" [stack: 0x00000047a8100000,0x00000047a8200000] [id=23620]

Threads with active compile tasks:
C2 CompilerThread0    36875 9010       4       org.gradle.internal.logging.text.AbstractLineChoppingStyledTextOutput::doAppend (43 bytes)
C1 CompilerThread0    36875 9012       1       org.gradle.internal.snapshot.AbstractListChildMap::isEmpty (2 bytes)

VM state:not at safepoint (normal execution)

VM Mutex/Monitor currently owned by a thread: None

Heap address: 0x00000000e0000000, size: 512 MB, Compressed Oops mode: 32-bit
Narrow klass base: 0x0000000000000000, Narrow klass shift: 3
Compressed class space size: 260046848 Address: 0x0000000100000000

Heap:
 garbage-first heap   total 262144K, used 141297K [0x00000000e0000000, 0x0000000100000000)
  region size 1024K, 110 young (112640K), 20 survivors (20480K)
 Metaspace       used 72864K, capacity 75204K, committed 75460K, reserved 319488K
  class space    used 9323K, capacity 10208K, committed 10240K, reserved 253952K
Heap Regions: E=young(eden), S=young(survivor), O=old, HS=humongous(starts), HC=humongous(continues), CS=collection set, F=free, A=archive, TAMS=top-at-mark-start (previous, next)
|   0|0x00000000e0000000, 0x00000000e0100000, 0x00000000e0100000|100%|HS|  |TAMS 0x00000000e0100000, 0x00000000e0000000| Complete 
|   1|0x00000000e0100000, 0x00000000e0200000, 0x00000000e0200000|100%|HC|  |TAMS 0x00000000e0200000, 0x00000000e0100000| Complete 
|   2|0x00000000e0200000, 0x00000000e0300000, 0x00000000e0300000|100%|HC|  |TAMS 0x00000000e0300000, 0x00000000e0200000| Complete 
|   3|0x00000000e0300000, 0x00000000e0400000, 0x00000000e0400000|100%| O|  |TAMS 0x00000000e0400000, 0x00000000e0300000| Untracked 
|   4|0x00000000e0400000, 0x00000000e0500000, 0x00000000e0500000|100%| O|  |TAMS 0x00000000e0500000, 0x00000000e0400000| Untracked 
|   5|0x00000000e0500000, 0x00000000e0600000, 0x00000000e0600000|100%| O|  |TAMS 0x00000000e0600000, 0x00000000e0500000| Untracked 
|   6|0x00000000e0600000, 0x00000000e0700000, 0x00000000e0700000|100%| O|  |TAMS 0x00000000e0700000, 0x00000000e0600000| Untracked 
|   7|0x00000000e0700000, 0x00000000e0800000, 0x00000000e0800000|100%| O|  |TAMS 0x00000000e0800000, 0x00000000e0700000| Untracked 
|   8|0x00000000e0800000, 0x00000000e0900000, 0x00000000e0900000|100%| O|  |TAMS 0x00000000e0900000, 0x00000000e0800000| Untracked 
|   9|0x00000000e0900000, 0x00000000e0a00000, 0x00000000e0a00000|100%| O|  |TAMS 0x00000000e0a00000, 0x00000000e0900000| Untracked 
|  10|0x00000000e0a00000, 0x00000000e0b00000, 0x00000000e0b00000|100%| O|  |TAMS 0x00000000e0b00000, 0x00000000e0a00000| Untracked 
|  11|0x00000000e0b00000, 0x00000000e0c00000, 0x00000000e0c00000|100%| O|  |TAMS 0x00000000e0c00000, 0x00000000e0b00000| Untracked 
|  12|0x00000000e0c00000, 0x00000000e0d00000, 0x00000000e0d00000|100%| O|  |TAMS 0x00000000e0d00000, 0x00000000e0c00000| Untracked 
|  13|0x00000000e0d00000, 0x00000000e0e00000, 0x00000000e0e00000|100%| O|  |TAMS 0x00000000e0e00000, 0x00000000e0d00000| Untracked 
|  14|0x00000000e0e00000, 0x00000000e0f00000, 0x00000000e0f00000|100%| O|  |TAMS 0x00000000e0f00000, 0x00000000e0e00000| Untracked 
|  15|0x00000000e0f00000, 0x00000000e1000000, 0x00000000e1000000|100%| O|  |TAMS 0x00000000e1000000, 0x00000000e0f00000| Untracked 
|  16|0x00000000e1000000, 0x00000000e1100000, 0x00000000e1100000|100%| O|  |TAMS 0x00000000e10fe200, 0x00000000e1000000| Untracked 
|  17|0x00000000e1100000, 0x00000000e1200000, 0x00000000e1200000|100%| O|  |TAMS 0x00000000e1100000, 0x00000000e1100000| Untracked 
|  18|0x00000000e1200000, 0x00000000e1300000, 0x00000000e1300000|100%| O|  |TAMS 0x00000000e1200000, 0x00000000e1200000| Untracked 
|  19|0x00000000e1300000, 0x00000000e1400000, 0x00000000e1400000|100%| O|  |TAMS 0x00000000e1300000, 0x00000000e1300000| Untracked 
|  20|0x00000000e1400000, 0x00000000e1500000, 0x00000000e1500000|100%| O|  |TAMS 0x00000000e1400000, 0x00000000e1400000| Untracked 
|  21|0x00000000e1500000, 0x00000000e1600000, 0x00000000e1600000|100%| O|  |TAMS 0x00000000e1500000, 0x00000000e1500000| Untracked 
|  22|0x00000000e1600000, 0x00000000e1700000, 0x00000000e1700000|100%| O|  |TAMS 0x00000000e1600000, 0x00000000e1600000| Untracked 
|  23|0x00000000e1700000, 0x00000000e1800000, 0x00000000e1800000|100%| O|  |TAMS 0x00000000e1700000, 0x00000000e1700000| Untracked 
|  24|0x00000000e1800000, 0x00000000e1900000, 0x00000000e1900000|100%| O|  |TAMS 0x00000000e1800000, 0x00000000e1800000| Untracked 
|  25|0x00000000e1900000, 0x00000000e1a00000, 0x00000000e1a00000|100%| O|  |TAMS 0x00000000e1900000, 0x00000000e1900000| Untracked 
|  26|0x00000000e1a00000, 0x00000000e1b00000, 0x00000000e1b00000|100%| O|  |TAMS 0x00000000e1a00000, 0x00000000e1a00000| Untracked 
|  27|0x00000000e1b00000, 0x00000000e1c00000, 0x00000000e1c00000|100%| O|  |TAMS 0x00000000e1b00000, 0x00000000e1b00000| Untracked 
|  28|0x00000000e1c00000, 0x00000000e1cfc600, 0x00000000e1d00000| 98%| O|  |TAMS 0x00000000e1c00000, 0x00000000e1c00000| Untracked 
|  29|0x00000000e1d00000, 0x00000000e1d00000, 0x00000000e1e00000|  0%| F|  |TAMS 0x00000000e1d00000, 0x00000000e1d00000| Untracked 
|  30|0x00000000e1e00000, 0x00000000e1e00000, 0x00000000e1f00000|  0%| F|  |TAMS 0x00000000e1e00000, 0x00000000e1e00000| Untracked 
|  31|0x00000000e1f00000, 0x00000000e1f00000, 0x00000000e2000000|  0%| F|  |TAMS 0x00000000e1f00000, 0x00000000e1f00000| Untracked 
|  32|0x00000000e2000000, 0x00000000e2000000, 0x00000000e2100000|  0%| F|  |TAMS 0x00000000e2000000, 0x00000000e2000000| Untracked 
|  33|0x00000000e2100000, 0x00000000e2100000, 0x00000000e2200000|  0%| F|  |TAMS 0x00000000e2100000, 0x00000000e2100000| Untracked 
|  34|0x00000000e2200000, 0x00000000e2200000, 0x00000000e2300000|  0%| F|  |TAMS 0x00000000e2200000, 0x00000000e2200000| Untracked 
|  35|0x00000000e2300000, 0x00000000e2300000, 0x00000000e2400000|  0%| F|  |TAMS 0x00000000e2300000, 0x00000000e2300000| Untracked 
|  36|0x00000000e2400000, 0x00000000e2400000, 0x00000000e2500000|  0%| F|  |TAMS 0x00000000e2400000, 0x00000000e2400000| Untracked 
|  37|0x00000000e2500000, 0x00000000e2500000, 0x00000000e2600000|  0%| F|  |TAMS 0x00000000e2500000, 0x00000000e2500000| Untracked 
|  38|0x00000000e2600000, 0x00000000e2600000, 0x00000000e2700000|  0%| F|  |TAMS 0x00000000e2600000, 0x00000000e2600000| Untracked 
|  39|0x00000000e2700000, 0x00000000e2700000, 0x00000000e2800000|  0%| F|  |TAMS 0x00000000e2700000, 0x00000000e2700000| Untracked 
|  40|0x00000000e2800000, 0x00000000e2800000, 0x00000000e2900000|  0%| F|  |TAMS 0x00000000e2800000, 0x00000000e2800000| Untracked 
|  41|0x00000000e2900000, 0x00000000e2900000, 0x00000000e2a00000|  0%| F|  |TAMS 0x00000000e2900000, 0x00000000e2900000| Untracked 
|  42|0x00000000e2a00000, 0x00000000e2a00000, 0x00000000e2b00000|  0%| F|  |TAMS 0x00000000e2a00000, 0x00000000e2a00000| Untracked 
|  43|0x00000000e2b00000, 0x00000000e2b00000, 0x00000000e2c00000|  0%| F|  |TAMS 0x00000000e2b00000, 0x00000000e2b00000| Untracked 
|  44|0x00000000e2c00000, 0x00000000e2c00000, 0x00000000e2d00000|  0%| F|  |TAMS 0x00000000e2c00000, 0x00000000e2c00000| Untracked 
|  45|0x00000000e2d00000, 0x00000000e2d00000, 0x00000000e2e00000|  0%| F|  |TAMS 0x00000000e2d00000, 0x00000000e2d00000| Untracked 
|  46|0x00000000e2e00000, 0x00000000e2e00000, 0x00000000e2f00000|  0%| F|  |TAMS 0x00000000e2e00000, 0x00000000e2e00000| Untracked 
|  47|0x00000000e2f00000, 0x00000000e2f00000, 0x00000000e3000000|  0%| F|  |TAMS 0x00000000e2f00000, 0x00000000e2f00000| Untracked 
|  48|0x00000000e3000000, 0x00000000e3000000, 0x00000000e3100000|  0%| F|  |TAMS 0x00000000e3000000, 0x00000000e3000000| Untracked 
|  49|0x00000000e3100000, 0x00000000e3100000, 0x00000000e3200000|  0%| F|  |TAMS 0x00000000e3100000, 0x00000000e3100000| Untracked 
|  50|0x00000000e3200000, 0x00000000e3200000, 0x00000000e3300000|  0%| F|  |TAMS 0x00000000e3200000, 0x00000000e3200000| Untracked 
|  51|0x00000000e3300000, 0x00000000e3300000, 0x00000000e3400000|  0%| F|  |TAMS 0x00000000e3300000, 0x00000000e3300000| Untracked 
|  52|0x00000000e3400000, 0x00000000e3400000, 0x00000000e3500000|  0%| F|  |TAMS 0x00000000e3400000, 0x00000000e3400000| Untracked 
|  53|0x00000000e3500000, 0x00000000e3500000, 0x00000000e3600000|  0%| F|  |TAMS 0x00000000e3500000, 0x00000000e3500000| Untracked 
|  54|0x00000000e3600000, 0x00000000e3600000, 0x00000000e3700000|  0%| F|  |TAMS 0x00000000e3600000, 0x00000000e3600000| Untracked 
|  55|0x00000000e3700000, 0x00000000e3700000, 0x00000000e3800000|  0%| F|  |TAMS 0x00000000e3700000, 0x00000000e3700000| Untracked 
|  56|0x00000000e3800000, 0x00000000e3800000, 0x00000000e3900000|  0%| F|  |TAMS 0x00000000e3800000, 0x00000000e3800000| Untracked 
|  57|0x00000000e3900000, 0x00000000e3900000, 0x00000000e3a00000|  0%| F|  |TAMS 0x00000000e3900000, 0x00000000e3900000| Untracked 
|  58|0x00000000e3a00000, 0x00000000e3a00000, 0x00000000e3b00000|  0%| F|  |TAMS 0x00000000e3a00000, 0x00000000e3a00000| Untracked 
|  59|0x00000000e3b00000, 0x00000000e3b00000, 0x00000000e3c00000|  0%| F|  |TAMS 0x00000000e3b00000, 0x00000000e3b00000| Untracked 
|  60|0x00000000e3c00000, 0x00000000e3c00000, 0x00000000e3d00000|  0%| F|  |TAMS 0x00000000e3c00000, 0x00000000e3c00000| Untracked 
|  61|0x00000000e3d00000, 0x00000000e3d00000, 0x00000000e3e00000|  0%| F|  |TAMS 0x00000000e3d00000, 0x00000000e3d00000| Untracked 
|  62|0x00000000e3e00000, 0x00000000e3e00000, 0x00000000e3f00000|  0%| F|  |TAMS 0x00000000e3e00000, 0x00000000e3e00000| Untracked 
|  63|0x00000000e3f00000, 0x00000000e3f00000, 0x00000000e4000000|  0%| F|  |TAMS 0x00000000e3f00000, 0x00000000e3f00000| Untracked 
|  64|0x00000000e4000000, 0x00000000e4000000, 0x00000000e4100000|  0%| F|  |TAMS 0x00000000e4000000, 0x00000000e4000000| Untracked 
|  65|0x00000000e4100000, 0x00000000e4100000, 0x00000000e4200000|  0%| F|  |TAMS 0x00000000e4100000, 0x00000000e4100000| Untracked 
|  66|0x00000000e4200000, 0x00000000e4200000, 0x00000000e4300000|  0%| F|  |TAMS 0x00000000e4200000, 0x00000000e4200000| Untracked 
|  67|0x00000000e4300000, 0x00000000e4300000, 0x00000000e4400000|  0%| F|  |TAMS 0x00000000e4300000, 0x00000000e4300000| Untracked 
|  68|0x00000000e4400000, 0x00000000e4400000, 0x00000000e4500000|  0%| F|  |TAMS 0x00000000e4400000, 0x00000000e4400000| Untracked 
|  69|0x00000000e4500000, 0x00000000e4500000, 0x00000000e4600000|  0%| F|  |TAMS 0x00000000e4500000, 0x00000000e4500000| Untracked 
|  70|0x00000000e4600000, 0x00000000e4600000, 0x00000000e4700000|  0%| F|  |TAMS 0x00000000e4600000, 0x00000000e4600000| Untracked 
|  71|0x00000000e4700000, 0x00000000e4700000, 0x00000000e4800000|  0%| F|  |TAMS 0x00000000e4700000, 0x00000000e4700000| Untracked 
|  72|0x00000000e4800000, 0x00000000e4800000, 0x00000000e4900000|  0%| F|  |TAMS 0x00000000e4800000, 0x00000000e4800000| Untracked 
|  73|0x00000000e4900000, 0x00000000e4900000, 0x00000000e4a00000|  0%| F|  |TAMS 0x00000000e4900000, 0x00000000e4900000| Untracked 
|  74|0x00000000e4a00000, 0x00000000e4a00000, 0x00000000e4b00000|  0%| F|  |TAMS 0x00000000e4a00000, 0x00000000e4a00000| Untracked 
|  75|0x00000000e4b00000, 0x00000000e4b00000, 0x00000000e4c00000|  0%| F|  |TAMS 0x00000000e4b00000, 0x00000000e4b00000| Untracked 
|  76|0x00000000e4c00000, 0x00000000e4c00000, 0x00000000e4d00000|  0%| F|  |TAMS 0x00000000e4c00000, 0x00000000e4c00000| Untracked 
|  77|0x00000000e4d00000, 0x00000000e4d00000, 0x00000000e4e00000|  0%| F|  |TAMS 0x00000000e4d00000, 0x00000000e4d00000| Untracked 
|  78|0x00000000e4e00000, 0x00000000e4e00000, 0x00000000e4f00000|  0%| F|  |TAMS 0x00000000e4e00000, 0x00000000e4e00000| Untracked 
|  79|0x00000000e4f00000, 0x00000000e4f00000, 0x00000000e5000000|  0%| F|  |TAMS 0x00000000e4f00000, 0x00000000e4f00000| Untracked 
|  80|0x00000000e5000000, 0x00000000e5000000, 0x00000000e5100000|  0%| F|  |TAMS 0x00000000e5000000, 0x00000000e5000000| Untracked 
|  81|0x00000000e5100000, 0x00000000e5100000, 0x00000000e5200000|  0%| F|  |TAMS 0x00000000e5100000, 0x00000000e5100000| Untracked 
|  82|0x00000000e5200000, 0x00000000e5200000, 0x00000000e5300000|  0%| F|  |TAMS 0x00000000e5200000, 0x00000000e5200000| Untracked 
|  83|0x00000000e5300000, 0x00000000e5400000, 0x00000000e5400000|100%| S|CS|TAMS 0x00000000e5300000, 0x00000000e5300000| Complete 
|  84|0x00000000e5400000, 0x00000000e5500000, 0x00000000e5500000|100%| S|CS|TAMS 0x00000000e5400000, 0x00000000e5400000| Complete 
|  85|0x00000000e5500000, 0x00000000e5600000, 0x00000000e5600000|100%| S|CS|TAMS 0x00000000e5500000, 0x00000000e5500000| Complete 
|  86|0x00000000e5600000, 0x00000000e5700000, 0x00000000e5700000|100%| S|CS|TAMS 0x00000000e5600000, 0x00000000e5600000| Complete 
|  87|0x00000000e5700000, 0x00000000e5800000, 0x00000000e5800000|100%| S|CS|TAMS 0x00000000e5700000, 0x00000000e5700000| Complete 
|  88|0x00000000e5800000, 0x00000000e5900000, 0x00000000e5900000|100%| S|CS|TAMS 0x00000000e5800000, 0x00000000e5800000| Complete 
|  89|0x00000000e5900000, 0x00000000e5a00000, 0x00000000e5a00000|100%| S|CS|TAMS 0x00000000e5900000, 0x00000000e5900000| Complete 
|  90|0x00000000e5a00000, 0x00000000e5a00000, 0x00000000e5b00000|  0%| F|  |TAMS 0x00000000e5a00000, 0x00000000e5a00000| Untracked 
|  91|0x00000000e5b00000, 0x00000000e5b00000, 0x00000000e5c00000|  0%| F|  |TAMS 0x00000000e5b00000, 0x00000000e5b00000| Untracked 
|  92|0x00000000e5c00000, 0x00000000e5c00000, 0x00000000e5d00000|  0%| F|  |TAMS 0x00000000e5c00000, 0x00000000e5c00000| Untracked 
|  93|0x00000000e5d00000, 0x00000000e5d00000, 0x00000000e5e00000|  0%| F|  |TAMS 0x00000000e5d00000, 0x00000000e5d00000| Untracked 
|  94|0x00000000e5e00000, 0x00000000e5e00000, 0x00000000e5f00000|  0%| F|  |TAMS 0x00000000e5e00000, 0x00000000e5e00000| Untracked 
|  95|0x00000000e5f00000, 0x00000000e5f00000, 0x00000000e6000000|  0%| F|  |TAMS 0x00000000e5f00000, 0x00000000e5f00000| Untracked 
|  96|0x00000000e6000000, 0x00000000e6000000, 0x00000000e6100000|  0%| F|  |TAMS 0x00000000e6000000, 0x00000000e6000000| Untracked 
|  97|0x00000000e6100000, 0x00000000e6100000, 0x00000000e6200000|  0%| F|  |TAMS 0x00000000e6100000, 0x00000000e6100000| Untracked 
|  98|0x00000000e6200000, 0x00000000e6200000, 0x00000000e6300000|  0%| F|  |TAMS 0x00000000e6200000, 0x00000000e6200000| Untracked 
|  99|0x00000000e6300000, 0x00000000e6300000, 0x00000000e6400000|  0%| F|  |TAMS 0x00000000e6300000, 0x00000000e6300000| Untracked 
| 100|0x00000000e6400000, 0x00000000e6400000, 0x00000000e6500000|  0%| F|  |TAMS 0x00000000e6400000, 0x00000000e6400000| Untracked 
| 101|0x00000000e6500000, 0x00000000e6500000, 0x00000000e6600000|  0%| F|  |TAMS 0x00000000e6500000, 0x00000000e6500000| Untracked 
| 102|0x00000000e6600000, 0x00000000e6600000, 0x00000000e6700000|  0%| F|  |TAMS 0x00000000e6600000, 0x00000000e6600000| Untracked 
| 103|0x00000000e6700000, 0x00000000e6700000, 0x00000000e6800000|  0%| F|  |TAMS 0x00000000e6700000, 0x00000000e6700000| Untracked 
| 104|0x00000000e6800000, 0x00000000e6800000, 0x00000000e6900000|  0%| F|  |TAMS 0x00000000e6800000, 0x00000000e6800000| Untracked 
| 105|0x00000000e6900000, 0x00000000e6900000, 0x00000000e6a00000|  0%| F|  |TAMS 0x00000000e6900000, 0x00000000e6900000| Untracked 
| 106|0x00000000e6a00000, 0x00000000e6b00000, 0x00000000e6b00000|100%| S|CS|TAMS 0x00000000e6a00000, 0x00000000e6a00000| Complete 
| 107|0x00000000e6b00000, 0x00000000e6c00000, 0x00000000e6c00000|100%| S|CS|TAMS 0x00000000e6b00000, 0x00000000e6b00000| Complete 
| 108|0x00000000e6c00000, 0x00000000e6d00000, 0x00000000e6d00000|100%| S|CS|TAMS 0x00000000e6c00000, 0x00000000e6c00000| Complete 
| 109|0x00000000e6d00000, 0x00000000e6e00000, 0x00000000e6e00000|100%| S|CS|TAMS 0x00000000e6d00000, 0x00000000e6d00000| Complete 
| 110|0x00000000e6e00000, 0x00000000e6f00000, 0x00000000e6f00000|100%| S|CS|TAMS 0x00000000e6e00000, 0x00000000e6e00000| Complete 
| 111|0x00000000e6f00000, 0x00000000e7000000, 0x00000000e7000000|100%| S|CS|TAMS 0x00000000e6f00000, 0x00000000e6f00000| Complete 
| 112|0x00000000e7000000, 0x00000000e7100000, 0x00000000e7100000|100%| S|CS|TAMS 0x00000000e7000000, 0x00000000e7000000| Complete 
| 113|0x00000000e7100000, 0x00000000e7200000, 0x00000000e7200000|100%| S|CS|TAMS 0x00000000e7100000, 0x00000000e7100000| Complete 
| 114|0x00000000e7200000, 0x00000000e7300000, 0x00000000e7300000|100%| S|CS|TAMS 0x00000000e7200000, 0x00000000e7200000| Complete 
| 115|0x00000000e7300000, 0x00000000e7400000, 0x00000000e7400000|100%| S|CS|TAMS 0x00000000e7300000, 0x00000000e7300000| Complete 
| 116|0x00000000e7400000, 0x00000000e7500000, 0x00000000e7500000|100%| S|CS|TAMS 0x00000000e7400000, 0x00000000e7400000| Complete 
| 117|0x00000000e7500000, 0x00000000e7600000, 0x00000000e7600000|100%| S|CS|TAMS 0x00000000e7500000, 0x00000000e7500000| Complete 
| 118|0x00000000e7600000, 0x00000000e7700000, 0x00000000e7700000|100%| S|CS|TAMS 0x00000000e7600000, 0x00000000e7600000| Complete 
| 119|0x00000000e7700000, 0x00000000e7700000, 0x00000000e7800000|  0%| F|  |TAMS 0x00000000e7700000, 0x00000000e7700000| Untracked 
| 120|0x00000000e7800000, 0x00000000e7800000, 0x00000000e7900000|  0%| F|  |TAMS 0x00000000e7800000, 0x00000000e7800000| Untracked 
| 121|0x00000000e7900000, 0x00000000e7900000, 0x00000000e7a00000|  0%| F|  |TAMS 0x00000000e7900000, 0x00000000e7900000| Untracked 
| 122|0x00000000e7a00000, 0x00000000e7a00000, 0x00000000e7b00000|  0%| F|  |TAMS 0x00000000e7a00000, 0x00000000e7a00000| Untracked 
| 123|0x00000000e7b00000, 0x00000000e7b00000, 0x00000000e7c00000|  0%| F|  |TAMS 0x00000000e7b00000, 0x00000000e7b00000| Untracked 
| 124|0x00000000e7c00000, 0x00000000e7c00000, 0x00000000e7d00000|  0%| F|  |TAMS 0x00000000e7c00000, 0x00000000e7c00000| Untracked 
| 125|0x00000000e7d00000, 0x00000000e7d00000, 0x00000000e7e00000|  0%| F|  |TAMS 0x00000000e7d00000, 0x00000000e7d00000| Untracked 
| 126|0x00000000e7e00000, 0x00000000e7e00000, 0x00000000e7f00000|  0%| F|  |TAMS 0x00000000e7e00000, 0x00000000e7e00000| Untracked 
| 127|0x00000000e7f00000, 0x00000000e7f00000, 0x00000000e8000000|  0%| F|  |TAMS 0x00000000e7f00000, 0x00000000e7f00000| Untracked 
| 128|0x00000000e8000000, 0x00000000e8000000, 0x00000000e8100000|  0%| F|  |TAMS 0x00000000e8000000, 0x00000000e8000000| Untracked 
| 129|0x00000000e8100000, 0x00000000e8100000, 0x00000000e8200000|  0%| F|  |TAMS 0x00000000e8100000, 0x00000000e8100000| Untracked 
| 130|0x00000000e8200000, 0x00000000e8200000, 0x00000000e8300000|  0%| F|  |TAMS 0x00000000e8200000, 0x00000000e8200000| Untracked 
| 131|0x00000000e8300000, 0x00000000e8300000, 0x00000000e8400000|  0%| F|  |TAMS 0x00000000e8300000, 0x00000000e8300000| Untracked 
| 132|0x00000000e8400000, 0x00000000e8400000, 0x00000000e8500000|  0%| F|  |TAMS 0x00000000e8400000, 0x00000000e8400000| Untracked 
| 133|0x00000000e8500000, 0x00000000e8500000, 0x00000000e8600000|  0%| F|  |TAMS 0x00000000e8500000, 0x00000000e8500000| Untracked 
| 134|0x00000000e8600000, 0x00000000e8600000, 0x00000000e8700000|  0%| F|  |TAMS 0x00000000e8600000, 0x00000000e8600000| Untracked 
| 135|0x00000000e8700000, 0x00000000e8700000, 0x00000000e8800000|  0%| F|  |TAMS 0x00000000e8700000, 0x00000000e8700000| Untracked 
| 136|0x00000000e8800000, 0x00000000e8800000, 0x00000000e8900000|  0%| F|  |TAMS 0x00000000e8800000, 0x00000000e8800000| Untracked 
| 137|0x00000000e8900000, 0x00000000e8900000, 0x00000000e8a00000|  0%| F|  |TAMS 0x00000000e8900000, 0x00000000e8900000| Untracked 
| 138|0x00000000e8a00000, 0x00000000e8a00000, 0x00000000e8b00000|  0%| F|  |TAMS 0x00000000e8a00000, 0x00000000e8a00000| Untracked 
| 139|0x00000000e8b00000, 0x00000000e8b00000, 0x00000000e8c00000|  0%| F|  |TAMS 0x00000000e8b00000, 0x00000000e8b00000| Untracked 
| 140|0x00000000e8c00000, 0x00000000e8c00000, 0x00000000e8d00000|  0%| F|  |TAMS 0x00000000e8c00000, 0x00000000e8c00000| Untracked 
| 141|0x00000000e8d00000, 0x00000000e8d00000, 0x00000000e8e00000|  0%| F|  |TAMS 0x00000000e8d00000, 0x00000000e8d00000| Untracked 
| 142|0x00000000e8e00000, 0x00000000e8e00000, 0x00000000e8f00000|  0%| F|  |TAMS 0x00000000e8e00000, 0x00000000e8e00000| Untracked 
| 143|0x00000000e8f00000, 0x00000000e8f00000, 0x00000000e9000000|  0%| F|  |TAMS 0x00000000e8f00000, 0x00000000e8f00000| Untracked 
| 144|0x00000000e9000000, 0x00000000e9000000, 0x00000000e9100000|  0%| F|  |TAMS 0x00000000e9000000, 0x00000000e9000000| Untracked 
| 145|0x00000000e9100000, 0x00000000e9100000, 0x00000000e9200000|  0%| F|  |TAMS 0x00000000e9100000, 0x00000000e9100000| Untracked 
| 146|0x00000000e9200000, 0x00000000e9200000, 0x00000000e9300000|  0%| F|  |TAMS 0x00000000e9200000, 0x00000000e9200000| Untracked 
| 147|0x00000000e9300000, 0x00000000e9300000, 0x00000000e9400000|  0%| F|  |TAMS 0x00000000e9300000, 0x00000000e9300000| Untracked 
| 148|0x00000000e9400000, 0x00000000e9400000, 0x00000000e9500000|  0%| F|  |TAMS 0x00000000e9400000, 0x00000000e9400000| Untracked 
| 149|0x00000000e9500000, 0x00000000e9500000, 0x00000000e9600000|  0%| F|  |TAMS 0x00000000e9500000, 0x00000000e9500000| Untracked 
| 150|0x00000000e9600000, 0x00000000e9600000, 0x00000000e9700000|  0%| F|  |TAMS 0x00000000e9600000, 0x00000000e9600000| Untracked 
| 151|0x00000000e9700000, 0x00000000e9700000, 0x00000000e9800000|  0%| F|  |TAMS 0x00000000e9700000, 0x00000000e9700000| Untracked 
| 152|0x00000000e9800000, 0x00000000e9800000, 0x00000000e9900000|  0%| F|  |TAMS 0x00000000e9800000, 0x00000000e9800000| Untracked 
| 153|0x00000000e9900000, 0x00000000e9900000, 0x00000000e9a00000|  0%| F|  |TAMS 0x00000000e9900000, 0x00000000e9900000| Untracked 
| 154|0x00000000e9a00000, 0x00000000e9a00000, 0x00000000e9b00000|  0%| F|  |TAMS 0x00000000e9a00000, 0x00000000e9a00000| Untracked 
| 155|0x00000000e9b00000, 0x00000000e9b00000, 0x00000000e9c00000|  0%| F|  |TAMS 0x00000000e9b00000, 0x00000000e9b00000| Untracked 
| 156|0x00000000e9c00000, 0x00000000e9c00000, 0x00000000e9d00000|  0%| F|  |TAMS 0x00000000e9c00000, 0x00000000e9c00000| Untracked 
| 157|0x00000000e9d00000, 0x00000000e9d00000, 0x00000000e9e00000|  0%| F|  |TAMS 0x00000000e9d00000, 0x00000000e9d00000| Untracked 
| 158|0x00000000e9e00000, 0x00000000e9e00000, 0x00000000e9f00000|  0%| F|  |TAMS 0x00000000e9e00000, 0x00000000e9e00000| Untracked 
| 159|0x00000000e9f00000, 0x00000000e9f00000, 0x00000000ea000000|  0%| F|  |TAMS 0x00000000e9f00000, 0x00000000e9f00000| Untracked 
| 160|0x00000000ea000000, 0x00000000ea000000, 0x00000000ea100000|  0%| F|  |TAMS 0x00000000ea000000, 0x00000000ea000000| Untracked 
| 161|0x00000000ea100000, 0x00000000ea100000, 0x00000000ea200000|  0%| F|  |TAMS 0x00000000ea100000, 0x00000000ea100000| Untracked 
| 162|0x00000000ea200000, 0x00000000ea200000, 0x00000000ea300000|  0%| F|  |TAMS 0x00000000ea200000, 0x00000000ea200000| Untracked 
| 163|0x00000000ea300000, 0x00000000ea300000, 0x00000000ea400000|  0%| F|  |TAMS 0x00000000ea300000, 0x00000000ea300000| Untracked 
| 164|0x00000000ea400000, 0x00000000ea400000, 0x00000000ea500000|  0%| F|  |TAMS 0x00000000ea400000, 0x00000000ea400000| Untracked 
| 165|0x00000000ea500000, 0x00000000ea500000, 0x00000000ea600000|  0%| F|  |TAMS 0x00000000ea500000, 0x00000000ea500000| Untracked 
| 166|0x00000000ea600000, 0x00000000ea6220d8, 0x00000000ea700000| 13%| E|  |TAMS 0x00000000ea600000, 0x00000000ea600000| Complete 
| 167|0x00000000ea700000, 0x00000000ea800000, 0x00000000ea800000|100%| E|CS|TAMS 0x00000000ea700000, 0x00000000ea700000| Complete 
| 168|0x00000000ea800000, 0x00000000ea900000, 0x00000000ea900000|100%| E|CS|TAMS 0x00000000ea800000, 0x00000000ea800000| Complete 
| 169|0x00000000ea900000, 0x00000000eaa00000, 0x00000000eaa00000|100%| E|CS|TAMS 0x00000000ea900000, 0x00000000ea900000| Complete 
| 170|0x00000000eaa00000, 0x00000000eab00000, 0x00000000eab00000|100%| E|CS|TAMS 0x00000000eaa00000, 0x00000000eaa00000| Complete 
| 171|0x00000000eab00000, 0x00000000eac00000, 0x00000000eac00000|100%| E|CS|TAMS 0x00000000eab00000, 0x00000000eab00000| Complete 
| 172|0x00000000eac00000, 0x00000000ead00000, 0x00000000ead00000|100%| E|CS|TAMS 0x00000000eac00000, 0x00000000eac00000| Complete 
| 173|0x00000000ead00000, 0x00000000eae00000, 0x00000000eae00000|100%| E|CS|TAMS 0x00000000ead00000, 0x00000000ead00000| Complete 
| 174|0x00000000eae00000, 0x00000000eaf00000, 0x00000000eaf00000|100%| E|CS|TAMS 0x00000000eae00000, 0x00000000eae00000| Complete 
| 175|0x00000000eaf00000, 0x00000000eb000000, 0x00000000eb000000|100%| E|CS|TAMS 0x00000000eaf00000, 0x00000000eaf00000| Complete 
| 176|0x00000000eb000000, 0x00000000eb100000, 0x00000000eb100000|100%| E|CS|TAMS 0x00000000eb000000, 0x00000000eb000000| Complete 
| 177|0x00000000eb100000, 0x00000000eb200000, 0x00000000eb200000|100%| E|CS|TAMS 0x00000000eb100000, 0x00000000eb100000| Complete 
| 178|0x00000000eb200000, 0x00000000eb300000, 0x00000000eb300000|100%| E|CS|TAMS 0x00000000eb200000, 0x00000000eb200000| Complete 
| 179|0x00000000eb300000, 0x00000000eb400000, 0x00000000eb400000|100%| E|CS|TAMS 0x00000000eb300000, 0x00000000eb300000| Complete 
| 180|0x00000000eb400000, 0x00000000eb500000, 0x00000000eb500000|100%| E|CS|TAMS 0x00000000eb400000, 0x00000000eb400000| Complete 
| 181|0x00000000eb500000, 0x00000000eb600000, 0x00000000eb600000|100%| E|CS|TAMS 0x00000000eb500000, 0x00000000eb500000| Complete 
| 182|0x00000000eb600000, 0x00000000eb700000, 0x00000000eb700000|100%| E|CS|TAMS 0x00000000eb600000, 0x00000000eb600000| Complete 
| 183|0x00000000eb700000, 0x00000000eb800000, 0x00000000eb800000|100%| E|CS|TAMS 0x00000000eb700000, 0x00000000eb700000| Complete 
| 184|0x00000000eb800000, 0x00000000eb900000, 0x00000000eb900000|100%| E|CS|TAMS 0x00000000eb800000, 0x00000000eb800000| Complete 
| 185|0x00000000eb900000, 0x00000000eba00000, 0x00000000eba00000|100%| E|CS|TAMS 0x00000000eb900000, 0x00000000eb900000| Complete 
| 186|0x00000000eba00000, 0x00000000ebb00000, 0x00000000ebb00000|100%| E|CS|TAMS 0x00000000eba00000, 0x00000000eba00000| Complete 
| 187|0x00000000ebb00000, 0x00000000ebc00000, 0x00000000ebc00000|100%| E|CS|TAMS 0x00000000ebb00000, 0x00000000ebb00000| Complete 
| 188|0x00000000ebc00000, 0x00000000ebd00000, 0x00000000ebd00000|100%| E|CS|TAMS 0x00000000ebc00000, 0x00000000ebc00000| Complete 
| 189|0x00000000ebd00000, 0x00000000ebe00000, 0x00000000ebe00000|100%| E|CS|TAMS 0x00000000ebd00000, 0x00000000ebd00000| Complete 
| 190|0x00000000ebe00000, 0x00000000ebf00000, 0x00000000ebf00000|100%| E|CS|TAMS 0x00000000ebe00000, 0x00000000ebe00000| Complete 
| 191|0x00000000ebf00000, 0x00000000ec000000, 0x00000000ec000000|100%| E|CS|TAMS 0x00000000ebf00000, 0x00000000ebf00000| Complete 
| 192|0x00000000ec000000, 0x00000000ec100000, 0x00000000ec100000|100%| E|CS|TAMS 0x00000000ec000000, 0x00000000ec000000| Complete 
| 193|0x00000000ec100000, 0x00000000ec200000, 0x00000000ec200000|100%| E|CS|TAMS 0x00000000ec100000, 0x00000000ec100000| Complete 
| 194|0x00000000ec200000, 0x00000000ec300000, 0x00000000ec300000|100%| E|CS|TAMS 0x00000000ec200000, 0x00000000ec200000| Complete 
| 195|0x00000000ec300000, 0x00000000ec400000, 0x00000000ec400000|100%| E|CS|TAMS 0x00000000ec300000, 0x00000000ec300000| Complete 
| 196|0x00000000ec400000, 0x00000000ec500000, 0x00000000ec500000|100%| E|CS|TAMS 0x00000000ec400000, 0x00000000ec400000| Complete 
| 197|0x00000000ec500000, 0x00000000ec600000, 0x00000000ec600000|100%| E|CS|TAMS 0x00000000ec500000, 0x00000000ec500000| Complete 
| 198|0x00000000ec600000, 0x00000000ec700000, 0x00000000ec700000|100%| E|CS|TAMS 0x00000000ec600000, 0x00000000ec600000| Complete 
| 199|0x00000000ec700000, 0x00000000ec800000, 0x00000000ec800000|100%| E|CS|TAMS 0x00000000ec700000, 0x00000000ec700000| Complete 
| 200|0x00000000ec800000, 0x00000000ec900000, 0x00000000ec900000|100%| E|CS|TAMS 0x00000000ec800000, 0x00000000ec800000| Complete 
| 201|0x00000000ec900000, 0x00000000eca00000, 0x00000000eca00000|100%| E|CS|TAMS 0x00000000ec900000, 0x00000000ec900000| Complete 
| 202|0x00000000eca00000, 0x00000000ecb00000, 0x00000000ecb00000|100%| E|CS|TAMS 0x00000000eca00000, 0x00000000eca00000| Complete 
| 203|0x00000000ecb00000, 0x00000000ecc00000, 0x00000000ecc00000|100%| E|CS|TAMS 0x00000000ecb00000, 0x00000000ecb00000| Complete 
| 204|0x00000000ecc00000, 0x00000000ecd00000, 0x00000000ecd00000|100%| E|CS|TAMS 0x00000000ecc00000, 0x00000000ecc00000| Complete 
| 205|0x00000000ecd00000, 0x00000000ece00000, 0x00000000ece00000|100%| E|CS|TAMS 0x00000000ecd00000, 0x00000000ecd00000| Complete 
| 206|0x00000000ece00000, 0x00000000ecf00000, 0x00000000ecf00000|100%| E|CS|TAMS 0x00000000ece00000, 0x00000000ece00000| Complete 
| 207|0x00000000ecf00000, 0x00000000ed000000, 0x00000000ed000000|100%| E|CS|TAMS 0x00000000ecf00000, 0x00000000ecf00000| Complete 
| 208|0x00000000ed000000, 0x00000000ed100000, 0x00000000ed100000|100%| E|CS|TAMS 0x00000000ed000000, 0x00000000ed000000| Complete 
| 209|0x00000000ed100000, 0x00000000ed200000, 0x00000000ed200000|100%| E|CS|TAMS 0x00000000ed100000, 0x00000000ed100000| Complete 
| 210|0x00000000ed200000, 0x00000000ed300000, 0x00000000ed300000|100%| E|CS|TAMS 0x00000000ed200000, 0x00000000ed200000| Complete 
| 211|0x00000000ed300000, 0x00000000ed400000, 0x00000000ed400000|100%| E|CS|TAMS 0x00000000ed300000, 0x00000000ed300000| Complete 
| 212|0x00000000ed400000, 0x00000000ed500000, 0x00000000ed500000|100%| E|CS|TAMS 0x00000000ed400000, 0x00000000ed400000| Complete 
| 213|0x00000000ed500000, 0x00000000ed600000, 0x00000000ed600000|100%| E|CS|TAMS 0x00000000ed500000, 0x00000000ed500000| Complete 
| 214|0x00000000ed600000, 0x00000000ed700000, 0x00000000ed700000|100%| E|CS|TAMS 0x00000000ed600000, 0x00000000ed600000| Complete 
| 215|0x00000000ed700000, 0x00000000ed800000, 0x00000000ed800000|100%| E|CS|TAMS 0x00000000ed700000, 0x00000000ed700000| Complete 
| 216|0x00000000ed800000, 0x00000000ed900000, 0x00000000ed900000|100%| E|CS|TAMS 0x00000000ed800000, 0x00000000ed800000| Complete 
| 217|0x00000000ed900000, 0x00000000eda00000, 0x00000000eda00000|100%| E|CS|TAMS 0x00000000ed900000, 0x00000000ed900000| Complete 
| 218|0x00000000eda00000, 0x00000000edb00000, 0x00000000edb00000|100%| E|CS|TAMS 0x00000000eda00000, 0x00000000eda00000| Complete 
| 219|0x00000000edb00000, 0x00000000edc00000, 0x00000000edc00000|100%| E|CS|TAMS 0x00000000edb00000, 0x00000000edb00000| Complete 
| 220|0x00000000edc00000, 0x00000000edd00000, 0x00000000edd00000|100%| E|CS|TAMS 0x00000000edc00000, 0x00000000edc00000| Complete 
| 221|0x00000000edd00000, 0x00000000ede00000, 0x00000000ede00000|100%| E|CS|TAMS 0x00000000edd00000, 0x00000000edd00000| Complete 
| 222|0x00000000ede00000, 0x00000000edf00000, 0x00000000edf00000|100%| E|CS|TAMS 0x00000000ede00000, 0x00000000ede00000| Complete 
| 223|0x00000000edf00000, 0x00000000ee000000, 0x00000000ee000000|100%| E|CS|TAMS 0x00000000edf00000, 0x00000000edf00000| Complete 
| 224|0x00000000ee000000, 0x00000000ee100000, 0x00000000ee100000|100%| E|CS|TAMS 0x00000000ee000000, 0x00000000ee000000| Complete 
| 225|0x00000000ee100000, 0x00000000ee200000, 0x00000000ee200000|100%| E|CS|TAMS 0x00000000ee100000, 0x00000000ee100000| Complete 
| 226|0x00000000ee200000, 0x00000000ee300000, 0x00000000ee300000|100%| E|CS|TAMS 0x00000000ee200000, 0x00000000ee200000| Complete 
| 227|0x00000000ee300000, 0x00000000ee400000, 0x00000000ee400000|100%| E|CS|TAMS 0x00000000ee300000, 0x00000000ee300000| Complete 
| 228|0x00000000ee400000, 0x00000000ee500000, 0x00000000ee500000|100%| E|CS|TAMS 0x00000000ee400000, 0x00000000ee400000| Complete 
| 229|0x00000000ee500000, 0x00000000ee600000, 0x00000000ee600000|100%| E|CS|TAMS 0x00000000ee500000, 0x00000000ee500000| Complete 
| 230|0x00000000ee600000, 0x00000000ee700000, 0x00000000ee700000|100%| E|CS|TAMS 0x00000000ee600000, 0x00000000ee600000| Complete 
| 231|0x00000000ee700000, 0x00000000ee800000, 0x00000000ee800000|100%| E|CS|TAMS 0x00000000ee700000, 0x00000000ee700000| Complete 
| 232|0x00000000ee800000, 0x00000000ee900000, 0x00000000ee900000|100%| E|CS|TAMS 0x00000000ee800000, 0x00000000ee800000| Complete 
| 233|0x00000000ee900000, 0x00000000eea00000, 0x00000000eea00000|100%| E|CS|TAMS 0x00000000ee900000, 0x00000000ee900000| Complete 
| 234|0x00000000eea00000, 0x00000000eeb00000, 0x00000000eeb00000|100%| E|CS|TAMS 0x00000000eea00000, 0x00000000eea00000| Complete 
| 235|0x00000000eeb00000, 0x00000000eec00000, 0x00000000eec00000|100%| E|CS|TAMS 0x00000000eeb00000, 0x00000000eeb00000| Complete 
| 236|0x00000000eec00000, 0x00000000eed00000, 0x00000000eed00000|100%| E|CS|TAMS 0x00000000eec00000, 0x00000000eec00000| Complete 
| 237|0x00000000eed00000, 0x00000000eee00000, 0x00000000eee00000|100%| E|CS|TAMS 0x00000000eed00000, 0x00000000eed00000| Complete 
| 238|0x00000000eee00000, 0x00000000eef00000, 0x00000000eef00000|100%| E|CS|TAMS 0x00000000eee00000, 0x00000000eee00000| Complete 
| 239|0x00000000eef00000, 0x00000000ef000000, 0x00000000ef000000|100%| E|CS|TAMS 0x00000000eef00000, 0x00000000eef00000| Complete 
| 240|0x00000000ef000000, 0x00000000ef100000, 0x00000000ef100000|100%| E|CS|TAMS 0x00000000ef000000, 0x00000000ef000000| Complete 
| 241|0x00000000ef100000, 0x00000000ef200000, 0x00000000ef200000|100%| E|CS|TAMS 0x00000000ef100000, 0x00000000ef100000| Complete 
| 242|0x00000000ef200000, 0x00000000ef300000, 0x00000000ef300000|100%| E|CS|TAMS 0x00000000ef200000, 0x00000000ef200000| Complete 
| 243|0x00000000ef300000, 0x00000000ef400000, 0x00000000ef400000|100%| E|CS|TAMS 0x00000000ef300000, 0x00000000ef300000| Complete 
| 244|0x00000000ef400000, 0x00000000ef500000, 0x00000000ef500000|100%| E|CS|TAMS 0x00000000ef400000, 0x00000000ef400000| Complete 
| 245|0x00000000ef500000, 0x00000000ef600000, 0x00000000ef600000|100%| E|CS|TAMS 0x00000000ef500000, 0x00000000ef500000| Complete 
| 246|0x00000000ef600000, 0x00000000ef700000, 0x00000000ef700000|100%| E|CS|TAMS 0x00000000ef600000, 0x00000000ef600000| Complete 
| 247|0x00000000ef700000, 0x00000000ef800000, 0x00000000ef800000|100%| E|CS|TAMS 0x00000000ef700000, 0x00000000ef700000| Complete 
| 248|0x00000000ef800000, 0x00000000ef900000, 0x00000000ef900000|100%| E|CS|TAMS 0x00000000ef800000, 0x00000000ef800000| Complete 
| 249|0x00000000ef900000, 0x00000000efa00000, 0x00000000efa00000|100%| E|CS|TAMS 0x00000000ef900000, 0x00000000ef900000| Complete 
| 250|0x00000000efa00000, 0x00000000efb00000, 0x00000000efb00000|100%| E|CS|TAMS 0x00000000efa00000, 0x00000000efa00000| Complete 
| 251|0x00000000efb00000, 0x00000000efc00000, 0x00000000efc00000|100%| E|CS|TAMS 0x00000000efb00000, 0x00000000efb00000| Complete 
| 252|0x00000000efc00000, 0x00000000efd00000, 0x00000000efd00000|100%| E|CS|TAMS 0x00000000efc00000, 0x00000000efc00000| Complete 
| 253|0x00000000efd00000, 0x00000000efe00000, 0x00000000efe00000|100%| E|CS|TAMS 0x00000000efd00000, 0x00000000efd00000| Complete 
| 254|0x00000000efe00000, 0x00000000eff00000, 0x00000000eff00000|100%| E|CS|TAMS 0x00000000efe00000, 0x00000000efe00000| Complete 
| 255|0x00000000eff00000, 0x00000000f0000000, 0x00000000f0000000|100%| E|CS|TAMS 0x00000000eff00000, 0x00000000eff00000| Complete 

Card table byte_map: [0x000001d460cb0000,0x000001d460db0000] _byte_map_base: 0x000001d4605b0000

Marking Bits (Prev, Next): (CMBitMap*) 0x000001d44953cad0, (CMBitMap*) 0x000001d44953ca98
 Prev Bits: [0x000001d4616b0000, 0x000001d461eb0000)
 Next Bits: [0x000001d460eb0000, 0x000001d4616b0000)

Polling page: 0x000001d447470000

Metaspace:

Usage:
  Non-class:     63.47 MB capacity,    62.05 MB ( 98%) used,     1.17 MB (  2%) free+waste,   254.69 KB ( <1%) overhead. 
      Class:      9.97 MB capacity,     9.10 MB ( 91%) used,   763.80 KB (  7%) free+waste,   120.94 KB (  1%) overhead. 
       Both:     73.44 MB capacity,    71.16 MB ( 97%) used,     1.92 MB (  3%) free+waste,   375.62 KB ( <1%) overhead. 

Virtual space:
  Non-class space:       64.00 MB reserved,      63.69 MB (>99%) committed 
      Class space:      248.00 MB reserved,      10.00 MB (  4%) committed 
             Both:      312.00 MB reserved,      73.69 MB ( 24%) committed 

Chunk freelists:
   Non-Class:  32.00 KB
       Class:  0 bytes
        Both:  32.00 KB

MaxMetaspaceSize: 256.00 MB
CompressedClassSpaceSize: 248.00 MB
Initial GC threshold: 20.80 MB
Current GC threshold: 78.24 MB
CDS: off

CodeHeap 'non-profiled nmethods': size=120064Kb used=3858Kb max_used=3858Kb free=116205Kb
 bounds [0x000001d459770000, 0x000001d459b40000, 0x000001d460cb0000]
CodeHeap 'profiled nmethods': size=120000Kb used=18019Kb max_used=18019Kb free=101980Kb
 bounds [0x000001d452240000, 0x000001d4533e0000, 0x000001d459770000]
CodeHeap 'non-nmethods': size=5696Kb used=2345Kb max_used=2379Kb free=3350Kb
 bounds [0x000001d451cb0000, 0x000001d451f20000, 0x000001d452240000]
 total_blobs=9715 nmethods=8851 adapters=776
 compilation: enabled
              stopped_count=0, restarted_count=0
 full_count=0

Compilation events (20 events):
Event: 33.818 Thread 0x000001d4644ed000 nmethod 9001 0x000001d4533d4e10 code [0x000001d4533d4fc0, 0x000001d4533d50f8]
Event: 33.818 Thread 0x000001d4644ed000 9002       3       sun.management.spi.PlatformMBeanProvider$PlatformComponent$$Lambda$65/0x000000010017f040::apply (9 bytes)
Event: 33.818 Thread 0x000001d4644ed000 nmethod 9002 0x000001d4533d5190 code [0x000001d4533d5380, 0x000001d4533d5698]
Event: 34.618 Thread 0x000001d4644ed000 9003       3       java.util.Locale::equals (75 bytes)
Event: 34.619 Thread 0x000001d4644ed000 nmethod 9003 0x000001d4533d5810 code [0x000001d4533d5a20, 0x000001d4533d60f8]
Event: 34.619 Thread 0x000001d4644ed000 9004       1       java.util.Formatter$FixedString::index (3 bytes)
Event: 34.619 Thread 0x000001d4644ed000 nmethod 9004 0x000001d459b33410 code [0x000001d459b335c0, 0x000001d459b33678]
Event: 34.621 Thread 0x000001d4644ed000 9005       3       org.gradle.internal.serialize.InputStreamBackedDecoder::readString (8 bytes)
Event: 34.621 Thread 0x000001d4644ed000 nmethod 9005 0x000001d4533d6290 code [0x000001d4533d6460, 0x000001d4533d65e8]
Event: 35.664 Thread 0x000001d4644ed000 9006       3       javax.management.ObjectName::getDomainLength (8 bytes)
Event: 35.664 Thread 0x000001d4644ed000 nmethod 9006 0x000001d4533d6710 code [0x000001d4533d68c0, 0x000001d4533d69b8]
Event: 36.762 Thread 0x000001d464d4f800 9007       4       org.gradle.internal.logging.text.AbstractLineChoppingStyledTextOutput$1::execute (9 bytes)
Event: 36.762 Thread 0x000001d4644ed000 9008       3       org.gradle.internal.io.LineBufferingOutputStream::write (59 bytes)
Event: 36.764 Thread 0x000001d4644ed000 nmethod 9008 0x000001d4533d6a90 code [0x000001d4533d6d60, 0x000001d4533d7b38]
Event: 36.764 Thread 0x000001d4644ed000 9009       3       org.gradle.internal.io.LineBufferingOutputStream::endsWithLineSeparator (27 bytes)
Event: 36.764 Thread 0x000001d4644ed000 nmethod 9009 0x000001d4533d8090 code [0x000001d4533d8240, 0x000001d4533d83d8]
Event: 36.773 Thread 0x000001d4644ed000 9011       3       org.gradle.internal.serialize.DefaultSerializerRegistry$TaggedTypeSerializer::write (37 bytes)
Event: 36.774 Thread 0x000001d4644ed000 nmethod 9011 0x000001d4533d8490 code [0x000001d4533d8680, 0x000001d4533d8ae8]
Event: 36.778 Thread 0x000001d464d4f800 nmethod 9007 0x000001d459b33710 code [0x000001d459b33940, 0x000001d459b34110]
Event: 36.778 Thread 0x000001d464d4f800 9010       4       org.gradle.internal.logging.text.AbstractLineChoppingStyledTextOutput::doAppend (43 bytes)

GC Heap History (16 events):
Event: 0.930 GC heap before
{Heap before GC invocations=0 (full 0):
 garbage-first heap   total 262144K, used 16384K [0x00000000e0000000, 0x0000000100000000)
  region size 1024K, 14 young (14336K), 0 survivors (0K)
 Metaspace       used 6822K, capacity 7001K, committed 7168K, reserved 262144K
  class space    used 575K, capacity 650K, committed 768K, reserved 253952K
}
Event: 0.937 GC heap after
{Heap after GC invocations=1 (full 0):
 garbage-first heap   total 262144K, used 7490K [0x00000000e0000000, 0x0000000100000000)
  region size 1024K, 2 young (2048K), 2 survivors (2048K)
 Metaspace       used 6822K, capacity 7001K, committed 7168K, reserved 262144K
  class space    used 575K, capacity 650K, committed 768K, reserved 253952K
}
Event: 5.434 GC heap before
{Heap before GC invocations=1 (full 0):
 garbage-first heap   total 262144K, used 105794K [0x00000000e0000000, 0x0000000100000000)
  region size 1024K, 98 young (100352K), 2 survivors (2048K)
 Metaspace       used 20641K, capacity 21049K, committed 21248K, reserved 274432K
  class space    used 2422K, capacity 2552K, committed 2560K, reserved 253952K
}
Event: 5.447 GC heap after
{Heap after GC invocations=2 (full 0):
 garbage-first heap   total 262144K, used 17118K [0x00000000e0000000, 0x0000000100000000)
  region size 1024K, 12 young (12288K), 12 survivors (12288K)
 Metaspace       used 20641K, capacity 21049K, committed 21248K, reserved 274432K
  class space    used 2422K, capacity 2552K, committed 2560K, reserved 253952K
}
Event: 6.062 GC heap before
{Heap before GC invocations=3 (full 0):
 garbage-first heap   total 262144K, used 43742K [0x00000000e0000000, 0x0000000100000000)
  region size 1024K, 39 young (39936K), 12 survivors (12288K)
 Metaspace       used 23078K, capacity 23655K, committed 23808K, reserved 276480K
  class space    used 2842K, capacity 3064K, committed 3072K, reserved 253952K
}
Event: 6.074 GC heap after
{Heap after GC invocations=4 (full 0):
 garbage-first heap   total 262144K, used 18681K [0x00000000e0000000, 0x0000000100000000)
  region size 1024K, 2 young (2048K), 2 survivors (2048K)
 Metaspace       used 23078K, capacity 23655K, committed 23808K, reserved 276480K
  class space    used 2842K, capacity 3064K, committed 3072K, reserved 253952K
}
Event: 7.144 GC heap before
{Heap before GC invocations=4 (full 0):
 garbage-first heap   total 262144K, used 85241K [0x00000000e0000000, 0x0000000100000000)
  region size 1024K, 67 young (68608K), 2 survivors (2048K)
 Metaspace       used 29682K, capacity 30433K, committed 30592K, reserved 280576K
  class space    used 3854K, capacity 4141K, committed 4224K, reserved 253952K
}
Event: 7.151 GC heap after
{Heap after GC invocations=5 (full 0):
 garbage-first heap   total 262144K, used 20682K [0x00000000e0000000, 0x0000000100000000)
  region size 1024K, 4 young (4096K), 4 survivors (4096K)
 Metaspace       used 29682K, capacity 30433K, committed 30592K, reserved 280576K
  class space    used 3854K, capacity 4141K, committed 4224K, reserved 253952K
}
Event: 7.811 GC heap before
{Heap before GC invocations=5 (full 0):
 garbage-first heap   total 262144K, used 56522K [0x00000000e0000000, 0x0000000100000000)
  region size 1024K, 40 young (40960K), 4 survivors (4096K)
 Metaspace       used 34665K, capacity 35454K, committed 35584K, reserved 284672K
  class space    used 4440K, capacity 4772K, committed 4864K, reserved 253952K
}
Event: 7.822 GC heap after
{Heap after GC invocations=6 (full 0):
 garbage-first heap   total 262144K, used 23088K [0x00000000e0000000, 0x0000000100000000)
  region size 1024K, 6 young (6144K), 6 survivors (6144K)
 Metaspace       used 34665K, capacity 35454K, committed 35584K, reserved 284672K
  class space    used 4440K, capacity 4772K, committed 4864K, reserved 253952K
}
Event: 9.888 GC heap before
{Heap before GC invocations=7 (full 0):
 garbage-first heap   total 262144K, used 142896K [0x00000000e0000000, 0x0000000100000000)
  region size 1024K, 120 young (122880K), 6 survivors (6144K)
 Metaspace       used 46577K, capacity 47636K, committed 47812K, reserved 296960K
  class space    used 5886K, capacity 6289K, committed 6400K, reserved 253952K
}
Event: 9.911 GC heap after
{Heap after GC invocations=8 (full 0):
 garbage-first heap   total 262144K, used 29136K [0x00000000e0000000, 0x0000000100000000)
  region size 1024K, 12 young (12288K), 12 survivors (12288K)
 Metaspace       used 46577K, capacity 47636K, committed 47812K, reserved 296960K
  class space    used 5886K, capacity 6289K, committed 6400K, reserved 253952K
}
Event: 13.960 GC heap before
{Heap before GC invocations=9 (full 0):
 garbage-first heap   total 262144K, used 170448K [0x00000000e0000000, 0x0000000100000000)
  region size 1024K, 150 young (153600K), 12 survivors (12288K)
 Metaspace       used 57808K, capacity 59545K, committed 59844K, reserved 307200K
  class space    used 7657K, capacity 8384K, committed 8448K, reserved 253952K
}
Event: 13.989 GC heap after
{Heap after GC invocations=10 (full 0):
 garbage-first heap   total 262144K, used 36576K [0x00000000e0000000, 0x0000000100000000)
  region size 1024K, 16 young (16384K), 16 survivors (16384K)
 Metaspace       used 57808K, capacity 59545K, committed 59844K, reserved 307200K
  class space    used 7657K, capacity 8384K, committed 8448K, reserved 253952K
}
Event: 17.793 GC heap before
{Heap before GC invocations=10 (full 0):
 garbage-first heap   total 262144K, used 175840K [0x00000000e0000000, 0x0000000100000000)
  region size 1024K, 153 young (156672K), 16 survivors (16384K)
 Metaspace       used 68701K, capacity 71005K, committed 71236K, reserved 315392K
  class space    used 8897K, capacity 9749K, committed 9856K, reserved 253952K
}
Event: 17.836 GC heap after
{Heap after GC invocations=11 (full 0):
 garbage-first heap   total 262144K, used 50161K [0x00000000e0000000, 0x0000000100000000)
  region size 1024K, 20 young (20480K), 20 survivors (20480K)
 Metaspace       used 68701K, capacity 71005K, committed 71236K, reserved 315392K
  class space    used 8897K, capacity 9749K, committed 9856K, reserved 253952K
}

Deoptimization events (20 events):
Event: 19.676 Thread 0x000001d469469000 Uncommon trap: trap_request=0xffffff4d fr.pc=0x000001d45982aa30 relative=0x0000000000000450
Event: 19.676 Thread 0x000001d469469000 Uncommon trap: reason=unstable_if action=reinterpret pc=0x000001d45982aa30 method=sun.nio.cs.SingleByte$Encoder.encodeArrayLoop(Ljava/nio/CharBuffer;Ljava/nio/ByteBuffer;)Ljava/nio/charset/CoderResult; @ 211 c2
Event: 19.677 Thread 0x000001d469469000 DEOPT PACKING pc=0x000001d45982aa30 sp=0x00000047ae0fdc30
Event: 19.677 Thread 0x000001d469469000 DEOPT UNPACKING pc=0x000001d451cfa1af sp=0x00000047ae0fdba8 mode 2
Event: 19.686 Thread 0x000001d469469000 Uncommon trap: trap_request=0xffffffde fr.pc=0x000001d459869e28 relative=0x00000000000004c8
Event: 19.686 Thread 0x000001d469469000 Uncommon trap: reason=class_check action=maybe_recompile pc=0x000001d459869e28 method=java.io.DataOutputStream.write(I)V @ 5 c2
Event: 19.686 Thread 0x000001d469469000 DEOPT PACKING pc=0x000001d459869e28 sp=0x00000047ae0fe0a0
Event: 19.686 Thread 0x000001d469469000 DEOPT UNPACKING pc=0x000001d451cfa1af sp=0x00000047ae0fe088 mode 2
Event: 19.686 Thread 0x000001d469469000 Uncommon trap: trap_request=0xffffffde fr.pc=0x000001d459869e28 relative=0x00000000000004c8
Event: 19.686 Thread 0x000001d469469000 Uncommon trap: reason=class_check action=maybe_recompile pc=0x000001d459869e28 method=java.io.DataOutputStream.write(I)V @ 5 c2
Event: 19.686 Thread 0x000001d469469000 DEOPT PACKING pc=0x000001d459869e28 sp=0x00000047ae0fe0a0
Event: 19.686 Thread 0x000001d469469000 DEOPT UNPACKING pc=0x000001d451cfa1af sp=0x00000047ae0fe088 mode 2
Event: 19.686 Thread 0x000001d469469000 Uncommon trap: trap_request=0xffffffde fr.pc=0x000001d459869e28 relative=0x00000000000004c8
Event: 19.686 Thread 0x000001d469469000 Uncommon trap: reason=class_check action=maybe_recompile pc=0x000001d459869e28 method=java.io.DataOutputStream.write(I)V @ 5 c2
Event: 19.686 Thread 0x000001d469469000 DEOPT PACKING pc=0x000001d459869e28 sp=0x00000047ae0fe0a0
Event: 19.686 Thread 0x000001d469469000 DEOPT UNPACKING pc=0x000001d451cfa1af sp=0x00000047ae0fe088 mode 2
Event: 19.686 Thread 0x000001d469469000 Uncommon trap: trap_request=0xffffffde fr.pc=0x000001d459869e28 relative=0x00000000000004c8
Event: 19.686 Thread 0x000001d469469000 Uncommon trap: reason=class_check action=maybe_recompile pc=0x000001d459869e28 method=java.io.DataOutputStream.write(I)V @ 5 c2
Event: 19.686 Thread 0x000001d469469000 DEOPT PACKING pc=0x000001d459869e28 sp=0x00000047ae0fe0a0
Event: 19.686 Thread 0x000001d469469000 DEOPT UNPACKING pc=0x000001d451cfa1af sp=0x00000047ae0fe088 mode 2

Classes redefined (0 events):
No events

Internal exceptions (20 events):
Event: 18.731 Thread 0x000001d4677a6800 Exception <a 'sun/nio/fs/WindowsException'{0x00000000ee8b5988}> (0x00000000ee8b5988) thrown at [s\src\hotspot\share\prims\jni.cpp, line 617]
Event: 18.731 Thread 0x000001d4677a6800 Exception <a 'sun/nio/fs/WindowsException'{0x00000000ee8b6b58}> (0x00000000ee8b6b58) thrown at [s\src\hotspot\share\prims\jni.cpp, line 617]
Event: 18.749 Thread 0x000001d4677a6800 Exception <a 'sun/nio/fs/WindowsException'{0x00000000ee8f1698}> (0x00000000ee8f1698) thrown at [s\src\hotspot\share\prims\jni.cpp, line 617]
Event: 18.749 Thread 0x000001d4677a6800 Exception <a 'sun/nio/fs/WindowsException'{0x00000000ee8f27e0}> (0x00000000ee8f27e0) thrown at [s\src\hotspot\share\prims\jni.cpp, line 617]
Event: 18.750 Thread 0x000001d4677a6800 Exception <a 'sun/nio/fs/WindowsException'{0x00000000ee8f3018}> (0x00000000ee8f3018) thrown at [s\src\hotspot\share\prims\jni.cpp, line 617]
Event: 18.905 Thread 0x000001d4677a6800 Exception <a 'sun/nio/fs/WindowsException'{0x00000000ee22a1b8}> (0x00000000ee22a1b8) thrown at [s\src\hotspot\share\prims\jni.cpp, line 617]
Event: 18.905 Thread 0x000001d4677a6800 Exception <a 'sun/nio/fs/WindowsException'{0x00000000ee22b2f8}> (0x00000000ee22b2f8) thrown at [s\src\hotspot\share\prims\jni.cpp, line 617]
Event: 18.906 Thread 0x000001d4677a6800 Exception <a 'sun/nio/fs/WindowsException'{0x00000000ee22bae0}> (0x00000000ee22bae0) thrown at [s\src\hotspot\share\prims\jni.cpp, line 617]
Event: 18.906 Thread 0x000001d4677a6800 Exception <a 'sun/nio/fs/WindowsException'{0x00000000ee22ccb0}> (0x00000000ee22ccb0) thrown at [s\src\hotspot\share\prims\jni.cpp, line 617]
Event: 19.516 Thread 0x000001d4677a6800 Exception <a 'sun/nio/fs/WindowsException'{0x00000000eb54c2e8}> (0x00000000eb54c2e8) thrown at [s\src\hotspot\share\prims\jni.cpp, line 617]
Event: 19.702 Thread 0x000001d469469000 Exception <a 'java/lang/NoSuchMethodError'{0x00000000eac8ec50}: <clinit>> (0x00000000eac8ec50) thrown at [s\src\hotspot\share\prims\jni.cpp, line 1372]
Event: 19.704 Thread 0x000001d469469000 Exception <a 'java/lang/NoSuchMethodError'{0x00000000eaca24f0}: <clinit>> (0x00000000eaca24f0) thrown at [s\src\hotspot\share\prims\jni.cpp, line 1372]
Event: 19.704 Thread 0x000001d469469000 Exception <a 'java/lang/NoSuchMethodError'{0x00000000eaca4518}: <clinit>> (0x00000000eaca4518) thrown at [s\src\hotspot\share\prims\jni.cpp, line 1372]
Event: 19.710 Thread 0x000001d469469000 Exception <a 'java/lang/NoSuchMethodError'{0x00000000eacc3bc8}: <clinit>> (0x00000000eacc3bc8) thrown at [s\src\hotspot\share\prims\jni.cpp, line 1372]
Event: 19.820 Thread 0x000001d469465000 Exception <a 'java/lang/NoSuchMethodError'{0x00000000eab7ee18}: 'void java.lang.invoke.DirectMethodHandle$Holder.invokeStatic(java.lang.Object, long)'> (0x00000000eab7ee18) thrown at [s\src\hotspot\share\interpreter\linkResolver.cpp, line 773]
Event: 19.820 Thread 0x000001d469465000 Exception <a 'java/lang/NoSuchMethodError'{0x00000000eab83c48}: 'java.lang.Object java.lang.invoke.DirectMethodHandle$Holder.invokeStatic(java.lang.Object, long)'> (0x00000000eab83c48) thrown at [s\src\hotspot\share\interpreter\linkResolver.cpp, line 773]
Event: 19.820 Thread 0x000001d469465000 Exception <a 'java/lang/NoSuchMethodError'{0x00000000eab86f70}: 'java.lang.Object java.lang.invoke.DirectMethodHandle$Holder.invokeSpecial(java.lang.Object, java.lang.Object, long)'> (0x00000000eab86f70) thrown at [s\src\hotspot\share\interpreter\linkResolver.cpp, line 773]
Event: 19.820 Thread 0x000001d469465000 Exception <a 'java/lang/NoSuchMethodError'{0x00000000eab90c78}: 'java.lang.Object java.lang.invoke.Invokers$Holder.linkToTargetMethod(long, java.lang.Object)'> (0x00000000eab90c78) thrown at [s\src\hotspot\share\interpreter\linkResolver.cpp, line 773]
Event: 19.822 Thread 0x000001d469465000 Exception <a 'java/lang/NoSuchMethodError'{0x00000000eab95d98}: 'java.lang.Object java.lang.invoke.DirectMethodHandle$Holder.invokeStatic(java.lang.Object, java.lang.Object, long, java.lang.Object)'> (0x00000000eab95d98) thrown at [s\src\hotspot\share\interpreter\linkResolver.cpp, line 773]
Event: 19.823 Thread 0x000001d469465000 Exception <a 'java/lang/NoSuchMethodError'{0x00000000eab98e80}: 'java.lang.Object java.lang.invoke.DirectMethodHandle$Holder.invokeStaticInit(java.lang.Object, java.lang.Object, long, java.lang.Object)'> (0x00000000eab98e80) thrown at [s\src\hotspot\share\interpreter\linkResolver.cpp, line 773]

Events (20 events):
Event: 23.541 Executing VM operation: RevokeBias
Event: 23.541 Executing VM operation: RevokeBias done
Event: 23.541 Executing VM operation: RevokeBias
Event: 23.542 Executing VM operation: RevokeBias done
Event: 23.542 Executing VM operation: RevokeBias
Event: 23.542 Executing VM operation: RevokeBias done
Event: 23.542 Executing VM operation: RevokeBias
Event: 23.542 Executing VM operation: RevokeBias done
Event: 23.542 Executing VM operation: RevokeBias
Event: 23.543 Executing VM operation: RevokeBias done
Event: 23.543 Executing VM operation: RevokeBias
Event: 23.543 Executing VM operation: RevokeBias done
Event: 23.983 loading class org/gradle/api/internal/tasks/testing/operations/TestListenerBuildOperationAdapter$OutputProgress
Event: 23.983 loading class org/gradle/api/internal/tasks/testing/operations/TestListenerBuildOperationAdapter$OutputProgress done
Event: 23.983 loading class org/gradle/api/internal/tasks/testing/operations/ExecuteTestBuildOperationType$Output
Event: 23.983 loading class org/gradle/api/internal/tasks/testing/operations/ExecuteTestBuildOperationType$Output done
Event: 26.343 loading class org/gradle/api/internal/tasks/testing/logging/JavaClassNameFormatter
Event: 26.343 loading class org/gradle/api/internal/tasks/testing/logging/JavaClassNameFormatter done
Event: 26.582 loading class org/gradle/api/internal/tasks/testing/junit/result/TestMethodResult
Event: 26.582 loading class org/gradle/api/internal/tasks/testing/junit/result/TestMethodResult done


Dynamic libraries:
0x00007ff6688d0000 - 0x00007ff6688de000 	C:\Program Files\Eclipse Adoptium\jdk-11.0.27.6-hotspot\bin\java.exe
0x00007ff8b3430000 - 0x00007ff8b3628000 	C:\Windows\SYSTEM32\ntdll.dll
0x00007ff8b20c0000 - 0x00007ff8b2182000 	C:\Windows\System32\KERNEL32.DLL
0x00007ff8b0b80000 - 0x00007ff8b0e77000 	C:\Windows\System32\KERNELBASE.dll
0x00007ff8b0e80000 - 0x00007ff8b0f80000 	C:\Windows\System32\ucrtbase.dll
0x00007ff8a1af0000 - 0x00007ff8a1b0e000 	C:\Program Files\Eclipse Adoptium\jdk-11.0.27.6-hotspot\bin\VCRUNTIME140.dll
0x00007ff89f7c0000 - 0x00007ff89f7d7000 	C:\Program Files\Eclipse Adoptium\jdk-11.0.27.6-hotspot\bin\jli.dll
0x00007ff8b23f0000 - 0x00007ff8b258d000 	C:\Windows\System32\USER32.dll
0x00007ff8b0ac0000 - 0x00007ff8b0ae2000 	C:\Windows\System32\win32u.dll
0x00007ff8b23c0000 - 0x00007ff8b23eb000 	C:\Windows\System32\GDI32.dll
0x00007ff8b0f80000 - 0x00007ff8b1099000 	C:\Windows\System32\gdi32full.dll
0x00007ff8a05d0000 - 0x00007ff8a086a000 	C:\Windows\WinSxS\amd64_microsoft.windows.common-controls_6595b64144ccf1df_6.0.19041.5915_none_60b4b9d171f9c7c7\COMCTL32.dll
0x00007ff8b1120000 - 0x00007ff8b11bd000 	C:\Windows\System32\msvcp_win.dll
0x00007ff8b2320000 - 0x00007ff8b23be000 	C:\Windows\System32\msvcrt.dll
0x00007ff8b19b0000 - 0x00007ff8b19df000 	C:\Windows\System32\IMM32.DLL
0x0000000068500000 - 0x000000006850c000 	C:\Program Files (x86)\360\Total Security\safemon\SafeWrapper.dll
0x00007ff8b2f10000 - 0x00007ff8b2fc1000 	C:\Windows\System32\ADVAPI32.dll
0x00007ff8b30b0000 - 0x00007ff8b314f000 	C:\Windows\System32\sechost.dll
0x00007ff8b2670000 - 0x00007ff8b2796000 	C:\Windows\System32\RPCRT4.dll
0x00007ff8b10f0000 - 0x00007ff8b1117000 	C:\Windows\System32\bcrypt.dll
0x00007ff820840000 - 0x00007ff8208ec000 	C:\Program Files (x86)\360\Total Security\safemon\libzdtp64.dll
0x00007ff8b27a0000 - 0x00007ff8b2f0e000 	C:\Windows\System32\SHELL32.dll
0x00007ff8b1450000 - 0x00007ff8b14ab000 	C:\Windows\System32\SHLWAPI.dll
0x00007ff8b0570000 - 0x00007ff8b057a000 	C:\Windows\SYSTEM32\VERSION.dll
0x00007ff8a6d50000 - 0x00007ff8a6d5c000 	C:\Program Files\Eclipse Adoptium\jdk-11.0.27.6-hotspot\bin\vcruntime140_1.dll
0x00007ff889050000 - 0x00007ff8890dd000 	C:\Program Files\Eclipse Adoptium\jdk-11.0.27.6-hotspot\bin\msvcp140.dll
0x00007ff80ea40000 - 0x00007ff80f603000 	C:\Program Files\Eclipse Adoptium\jdk-11.0.27.6-hotspot\bin\server\jvm.dll
0x00007ff8b21a0000 - 0x00007ff8b220b000 	C:\Windows\System32\WS2_32.dll
0x00007ff8b19e0000 - 0x00007ff8b19e8000 	C:\Windows\System32\PSAPI.DLL
0x00007ff8a20b0000 - 0x00007ff8a20d7000 	C:\Windows\SYSTEM32\WINMM.dll
0x00007ff8af230000 - 0x00007ff8af242000 	C:\Windows\SYSTEM32\kernel.appcore.dll
0x00007ff8a1ae0000 - 0x00007ff8a1af0000 	C:\Program Files\Eclipse Adoptium\jdk-11.0.27.6-hotspot\bin\verify.dll
0x00007ff8af000000 - 0x00007ff8af201000 	C:\Windows\SYSTEM32\DBGHELP.DLL
0x00007ff8a29d0000 - 0x00007ff8a2a04000 	C:\Windows\SYSTEM32\dbgcore.DLL
0x00007ff8b0af0000 - 0x00007ff8b0b72000 	C:\Windows\System32\bcryptPrimitives.dll
0x00007ff889ee0000 - 0x00007ff889f08000 	C:\Program Files\Eclipse Adoptium\jdk-11.0.27.6-hotspot\bin\java.dll
0x00007ff89c9f0000 - 0x00007ff89c9fa000 	C:\Program Files\Eclipse Adoptium\jdk-11.0.27.6-hotspot\bin\jimage.dll
0x00007ff889ec0000 - 0x00007ff889ed8000 	C:\Program Files\Eclipse Adoptium\jdk-11.0.27.6-hotspot\bin\zip.dll
0x00007ff8ae710000 - 0x00007ff8aeeb4000 	C:\Windows\SYSTEM32\windows.storage.dll
0x00007ff8b1a50000 - 0x00007ff8b1da3000 	C:\Windows\System32\combase.dll
0x00007ff8b03b0000 - 0x00007ff8b03db000 	C:\Windows\SYSTEM32\Wldp.dll
0x00007ff8b3150000 - 0x00007ff8b321d000 	C:\Windows\System32\OLEAUT32.dll
0x00007ff8b2010000 - 0x00007ff8b20bd000 	C:\Windows\System32\SHCORE.dll
0x00007ff8b09f0000 - 0x00007ff8b0a14000 	C:\Windows\SYSTEM32\profapi.dll
0x00007ff889e50000 - 0x00007ff889e69000 	C:\Program Files\Eclipse Adoptium\jdk-11.0.27.6-hotspot\bin\net.dll
0x00007ff8a2d50000 - 0x00007ff8a2e5a000 	C:\Windows\SYSTEM32\WINHTTP.dll
0x00007ff8b0110000 - 0x00007ff8b017a000 	C:\Windows\system32\mswsock.dll
0x00007ff889e30000 - 0x00007ff889e43000 	C:\Program Files\Eclipse Adoptium\jdk-11.0.27.6-hotspot\bin\nio.dll
0x00007ff8ab440000 - 0x00007ff8ab467000 	C:\Users\nat\.gradle\native\68d5fa5c4cc2d200863cafc0d521ce42e7d3e7ee720ec0a83991735586a16f82\windows-amd64\native-platform.dll
0x00007ff86be30000 - 0x00007ff86bf74000 	C:\Users\nat\.gradle\native\e376f236ea51e6404a007f0833ffe2c6e607c4080706a723a18a27aeea778392\windows-amd64\native-platform-file-events.dll
0x00007ff89c9e0000 - 0x00007ff89c9ea000 	C:\Program Files\Eclipse Adoptium\jdk-11.0.27.6-hotspot\bin\management.dll
0x00007ff88bc70000 - 0x00007ff88bc7b000 	C:\Program Files\Eclipse Adoptium\jdk-11.0.27.6-hotspot\bin\management_ext.dll
0x00007ff8b0310000 - 0x00007ff8b0328000 	C:\Windows\SYSTEM32\CRYPTSP.dll
0x00007ff8af9f0000 - 0x00007ff8afa28000 	C:\Windows\system32\rsaenh.dll
0x00007ff8b0970000 - 0x00007ff8b099e000 	C:\Windows\SYSTEM32\USERENV.dll
0x00007ff8b0300000 - 0x00007ff8b030c000 	C:\Windows\SYSTEM32\CRYPTBASE.dll
0x00007ff8afdd0000 - 0x00007ff8afe0b000 	C:\Windows\SYSTEM32\IPHLPAPI.DLL
0x00007ff8b1ed0000 - 0x00007ff8b1ed8000 	C:\Windows\System32\NSI.dll
0x00007ff8a6d30000 - 0x00007ff8a6d47000 	C:\Windows\SYSTEM32\dhcpcsvc6.DLL
0x00007ff8a7760000 - 0x00007ff8a777d000 	C:\Windows\SYSTEM32\dhcpcsvc.DLL
0x00007ff8afe10000 - 0x00007ff8afeda000 	C:\Windows\SYSTEM32\DNSAPI.dll

dbghelp: loaded successfully - version: 4.0.5 - missing functions: none
symbol engine: initialized successfully - sym options: 0x614 - pdb path: .;C:\Program Files\Eclipse Adoptium\jdk-11.0.27.6-hotspot\bin;C:\Windows\SYSTEM32;C:\Windows\WinSxS\amd64_microsoft.windows.common-controls_6595b64144ccf1df_6.0.19041.5915_none_60b4b9d171f9c7c7;C:\Program Files (x86)\360\Total Security\safemon;C:\Program Files\Eclipse Adoptium\jdk-11.0.27.6-hotspot\bin\server;C:\Users\nat\.gradle\native\68d5fa5c4cc2d200863cafc0d521ce42e7d3e7ee720ec0a83991735586a16f82\windows-amd64;C:\Users\nat\.gradle\native\e376f236ea51e6404a007f0833ffe2c6e607c4080706a723a18a27aeea778392\windows-amd64

VM Arguments:
jvm_args: --add-opens=java.base/java.util=ALL-UNNAMED --add-opens=java.base/java.lang=ALL-UNNAMED --add-opens=java.base/java.lang.invoke=ALL-UNNAMED --add-opens=java.prefs/java.util.prefs=ALL-UNNAMED --add-opens=java.base/java.nio.charset=ALL-UNNAMED --add-opens=java.base/java.net=ALL-UNNAMED --add-opens=java.base/java.util.concurrent.atomic=ALL-UNNAMED -XX:MaxMetaspaceSize=256m -XX:+HeapDumpOnOutOfMemoryError -Xms256m -Xmx512m -Dfile.encoding=windows-1251 -Duser.country=RU -Duser.language=ru -Duser.variant 
java_command: org.gradle.launcher.daemon.bootstrap.GradleDaemon 7.6
java_class_path (initial): C:\Users\nat\.gradle\wrapper\dists\gradle-7.6-bin\9l9tetv7ltxvx3i8an4pb86ye\gradle-7.6\lib\gradle-launcher-7.6.jar
Launcher Type: SUN_STANDARD

[Global flags]
     intx CICompilerCount                          = 3                                         {product} {ergonomic}
   size_t CompressedClassSpaceSize                 = 260046848                                 {product} {ergonomic}
     uint ConcGCThreads                            = 1                                         {product} {ergonomic}
     uint G1ConcRefinementThreads                  = 4                                         {product} {ergonomic}
   size_t G1HeapRegionSize                         = 1048576                                   {product} {ergonomic}
    uintx GCDrainStackTargetSize                   = 64                                        {product} {ergonomic}
     bool HeapDumpOnOutOfMemoryError               = true                                   {manageable} {command line}
   size_t InitialHeapSize                          = 268435456                                 {product} {command line}
   size_t MarkStackSize                            = 4194304                                   {product} {ergonomic}
   size_t MaxHeapSize                              = 536870912                                 {product} {command line}
   size_t MaxMetaspaceSize                         = 268435456                                 {product} {command line}
   size_t MaxNewSize                               = 321912832                                 {product} {ergonomic}
   size_t MinHeapDeltaBytes                        = 1048576                                   {product} {ergonomic}
    uintx NonNMethodCodeHeapSize                   = 5830732                                {pd product} {ergonomic}
    uintx NonProfiledCodeHeapSize                  = 122913754                              {pd product} {ergonomic}
    uintx ProfiledCodeHeapSize                     = 122913754                              {pd product} {ergonomic}
    uintx ReservedCodeCacheSize                    = 251658240                              {pd product} {ergonomic}
     bool SegmentedCodeCache                       = true                                      {product} {ergonomic}
     bool UseCompressedClassPointers               = true                                 {lp64_product} {ergonomic}
     bool UseCompressedOops                        = true                                 {lp64_product} {ergonomic}
     bool UseG1GC                                  = true                                      {product} {ergonomic}
     bool UseLargePagesIndividualAllocation        = false                                  {pd product} {ergonomic}

Logging:
Log output configuration:
 #0: stdout all=warning uptime,level,tags
 #1: stderr all=off uptime,level,tags

Environment Variables:
JAVA_HOME=C:\Program Files\Eclipse Adoptium\jdk-11.0.27.6-hotspot\
CLASSPATH=C:\Users\nat\.gradle\course_project\\gradle\wrapper\gradle-wrapper.jar
PATH=C:\Program Files\Eclipse Adoptium\jdk-11.0.27.6-hotspot\bin;C:\Program Files (x86)\Intel\Intel(R) Management Engine Components\iCLS\;C:\Program Files\Intel\Intel(R) Management Engine Components\iCLS\;C:\Windows\system32;C:\Windows;C:\Windows\System32\Wbem;C:\Windows\System32\WindowsPowerShell\v1.0\;C:\Windows\System32\OpenSSH\;c:\Program Files (x86)\Intel\Intel(R) Management Engine Components\DAL;c:\Program Files\Intel\Intel(R) Management Engine Components\DAL;c:\Program Files (x86)\Intel\Intel(R) Management Engine Components\IPT;c:\Program Files\Intel\Intel(R) Management Engine Components\IPT;C:\Program Files (x86)\dotnet\;C:\Program Files\Git\cmd;C:\Program Files\Docker\Docker\resources\bin;C:\Users\nat\AppData\Local\Microsoft\WindowsApps;C:\Users\nat\AppData\Local\Programs\Microsoft VS Code\bin;C:\Users\nat\chrome-win64;C:\Users\nat\chrome-win64\chromedriver.exe;
USERNAME=nat
OS=Windows_NT
PROCESSOR_IDENTIFIER=Intel64 Family 6 Model 142 Stepping 9, GenuineIntel
TMP=C:\Users\nat\AppData\Local\Temp
TEMP=C:\Users\nat\AppData\Local\Temp



---------------  S Y S T E M  ---------------

OS: Windows 10 , 64 bit Build 19041 (10.0.19041.5915)
OS uptime: 5 days 1:17 hours
Hyper-V role detected

CPU:total 4 (initial active 4) (2 cores per cpu, 2 threads per core) family 6 model 142 stepping 9 microcode 0xb4, cmov, cx8, fxsr, mmx, sse, sse2, sse3, ssse3, sse4.1, sse4.2, popcnt, avx, avx2, aes, clmul, erms, 3dnowpref, lzcnt, ht, tsc, tscinvbit, bmi1, bmi2, adx, fma

Memory: 4k page, system-wide physical 8092M (217M free)
TotalPageFile size 32668M (AvailPageFile size 0M)
current process WorkingSet (physical memory assigned to process): 380M, peak: 405M
current process commit charge ("private bytes"): 477M, peak: 498M

vm_info: OpenJDK 64-Bit Server VM (11.0.27+6) for windows-amd64 JRE (11.0.27+6), built on Apr 16 2025 02:24:08 by "" with MS VC++ 17.7 (VS2022)

END.
